4407 [main] DEBUG com.atomikos.logging.LoggerFactory - Using Slf4J for logging.
4732 [main] INFO  c.a.i.provider.imp.AssemblerImp - Loaded jar:file:/D:/local_maven/com/atomikos/transactions/4.0.6/transactions-4.0.6.jar!/transactions-defaults.properties
4737 [main] WARN  c.a.i.provider.imp.AssemblerImp - Thanks for using Atomikos! Evaluate http://www.atomikos.com/Main/ExtremeTransactions for advanced features and professional support
or register at http://www.atomikos.com/Main/RegisterYourDownload to disable this message and receive FREE tips & advice
4749 [main] INFO  c.a.i.provider.imp.AssemblerImp - USING: com.atomikos.icatch.default_max_wait_time_on_shutdown = 9223372036854775807
4749 [main] INFO  c.a.i.provider.imp.AssemblerImp - USING: com.atomikos.icatch.allow_subtransactions = true
4749 [main] INFO  c.a.i.provider.imp.AssemblerImp - USING: com.atomikos.icatch.recovery_delay = 10000
4750 [main] INFO  c.a.i.provider.imp.AssemblerImp - USING: com.atomikos.icatch.automatic_resource_registration = true
4750 [main] INFO  c.a.i.provider.imp.AssemblerImp - USING: com.atomikos.icatch.oltp_max_retries = 5
4750 [main] INFO  c.a.i.provider.imp.AssemblerImp - USING: com.atomikos.icatch.client_demarcation = false
4750 [main] INFO  c.a.i.provider.imp.AssemblerImp - USING: com.atomikos.icatch.threaded_2pc = false
4750 [main] INFO  c.a.i.provider.imp.AssemblerImp - USING: com.atomikos.icatch.serial_jta_transactions = true
4750 [main] INFO  c.a.i.provider.imp.AssemblerImp - USING: com.atomikos.icatch.log_base_dir = E:\study\springcloud\transaction-distributed\atomikos-jta\transaction-logs
4750 [main] INFO  c.a.i.provider.imp.AssemblerImp - USING: com.atomikos.icatch.rmi_export_class = none
4750 [main] INFO  c.a.i.provider.imp.AssemblerImp - USING: com.atomikos.icatch.max_actives = 50
4750 [main] INFO  c.a.i.provider.imp.AssemblerImp - USING: com.atomikos.icatch.checkpoint_interval = 500
4750 [main] INFO  c.a.i.provider.imp.AssemblerImp - USING: com.atomikos.icatch.enable_logging = true
4750 [main] INFO  c.a.i.provider.imp.AssemblerImp - USING: com.atomikos.icatch.log_base_name = tmlog
4750 [main] INFO  c.a.i.provider.imp.AssemblerImp - USING: com.atomikos.icatch.max_timeout = 300000
4750 [main] INFO  c.a.i.provider.imp.AssemblerImp - USING: com.atomikos.icatch.trust_client_tm = false
4750 [main] INFO  c.a.i.provider.imp.AssemblerImp - USING: java.naming.factory.initial = com.sun.jndi.rmi.registry.RegistryContextFactory
4750 [main] INFO  c.a.i.provider.imp.AssemblerImp - USING: com.atomikos.icatch.tm_unique_name = 169.254.201.124.tm
4750 [main] INFO  c.a.i.provider.imp.AssemblerImp - USING: com.atomikos.icatch.forget_orphaned_log_entries_delay = 86400000
4750 [main] INFO  c.a.i.provider.imp.AssemblerImp - USING: com.atomikos.icatch.oltp_retry_interval = 10000
4750 [main] INFO  c.a.i.provider.imp.AssemblerImp - USING: java.naming.provider.url = rmi://localhost:1099
4750 [main] INFO  c.a.i.provider.imp.AssemblerImp - USING: com.atomikos.icatch.force_shutdown_on_vm_exit = false
4750 [main] INFO  c.a.i.provider.imp.AssemblerImp - USING: com.atomikos.icatch.default_jta_timeout = 10000
4752 [main] INFO  c.a.i.provider.imp.AssemblerImp - Using default (local) logging and recovery...
4756 [main] DEBUG c.a.r.imp.FileSystemRepository - baseDir E:\study\springcloud\transaction-distributed\atomikos-jta\transaction-logs
4756 [main] DEBUG c.a.r.imp.FileSystemRepository - baseName tmlog
4758 [main] DEBUG c.a.r.imp.FileSystemRepository - LogFileLock com.atomikos.persistence.imp.LogFileLock@6b3f6585
5266 [main] DEBUG c.a.jdbc.AbstractDataSourceBean - AtomikosDataSoureBean 'log': getConnection()...
5266 [main] INFO  c.a.jdbc.AbstractDataSourceBean - AtomikosDataSoureBean 'log': init...
5266 [main] WARN  c.a.jdbc.AbstractDataSourceBean - AtomikosDataSoureBean 'log': poolSize equals default - this may cause performance problems!
5266 [main] INFO  c.a.jdbc.AtomikosDataSourceBean - AtomikosDataSoureBean 'log': initializing with [ xaDataSourceClassName=com.mysql.jdbc.jdbc2.optional.MysqlXADataSource, uniqueResourceName=log, maxPoolSize=10, minPoolSize=1, borrowConnectionTimeout=10000, maxIdleTime=60, reapTimeout=0, maintenanceInterval=60, testQuery=null, xaProperties=[user=root,password=root,url=jdbc:mysql://localhost:3306/log?useUnicode=true&characterEncoding=utf-8&zeroDateTimeBehavior=convertToNull&transformedBitIsBoolean=true&allowMultiQueries=true&useSSL=false], loginTimeout=0, maxLifetime=10000]
5492 [main] INFO  c.a.d.xa.XATransactionalResource - log: refreshed XAResource
5551 [main] DEBUG c.a.jdbc.AtomikosConnectionProxy - atomikos connection proxy for com.mysql.jdbc.jdbc2.optional.JDBC4ConnectionWrapper@717d7587: calling getMetaData...
5607 [main] DEBUG c.a.jdbc.AtomikosConnectionProxy - atomikos connection proxy for com.mysql.jdbc.jdbc2.optional.JDBC4ConnectionWrapper@717d7587: close()...
6614 [main] DEBUG c.a.jdbc.AbstractDataSourceBean - AtomikosDataSoureBean 'log': getConnection()...
6614 [main] INFO  c.a.jdbc.AbstractDataSourceBean - AtomikosDataSoureBean 'log': init...
6614 [main] DEBUG c.a.jdbc.AtomikosConnectionProxy - atomikos connection proxy for com.mysql.jdbc.jdbc2.optional.JDBC4ConnectionWrapper@717d7587: calling setAutoCommit(true)...
6626 [main] DEBUG c.a.jdbc.AtomikosConnectionProxy - atomikos connection proxy for com.mysql.jdbc.jdbc2.optional.JDBC4ConnectionWrapper@717d7587: calling getMetaData...
6642 [main] DEBUG c.a.jdbc.AtomikosConnectionProxy - atomikos connection proxy for com.mysql.jdbc.jdbc2.optional.JDBC4ConnectionWrapper@717d7587: close()...
6672 [main] DEBUG c.a.jdbc.AbstractDataSourceBean - AtomikosDataSoureBean 'order': getConnection()...
6672 [main] INFO  c.a.jdbc.AbstractDataSourceBean - AtomikosDataSoureBean 'order': init...
6672 [main] WARN  c.a.jdbc.AbstractDataSourceBean - AtomikosDataSoureBean 'order': poolSize equals default - this may cause performance problems!
6672 [main] INFO  c.a.jdbc.AtomikosDataSourceBean - AtomikosDataSoureBean 'order': initializing with [ xaDataSourceClassName=com.mysql.jdbc.jdbc2.optional.MysqlXADataSource, uniqueResourceName=order, maxPoolSize=10, minPoolSize=1, borrowConnectionTimeout=10000, maxIdleTime=60, reapTimeout=0, maintenanceInterval=60, testQuery=null, xaProperties=[user=root,password=root,url=jdbc:mysql://localhost:3306/order?useUnicode=true&characterEncoding=utf-8&zeroDateTimeBehavior=convertToNull&transformedBitIsBoolean=true&allowMultiQueries=true&useSSL=false], loginTimeout=0, maxLifetime=10000]
6678 [main] INFO  c.a.d.xa.XATransactionalResource - order: refreshed XAResource
6684 [main] DEBUG c.a.jdbc.AtomikosConnectionProxy - atomikos connection proxy for com.mysql.jdbc.jdbc2.optional.JDBC4ConnectionWrapper@7fef0b40: calling getMetaData...
6691 [main] DEBUG c.a.jdbc.AtomikosConnectionProxy - atomikos connection proxy for com.mysql.jdbc.jdbc2.optional.JDBC4ConnectionWrapper@7fef0b40: close()...
6732 [main] DEBUG c.a.jdbc.AbstractDataSourceBean - AtomikosDataSoureBean 'order': getConnection()...
6732 [main] INFO  c.a.jdbc.AbstractDataSourceBean - AtomikosDataSoureBean 'order': init...
6733 [main] DEBUG c.a.jdbc.AtomikosConnectionProxy - atomikos connection proxy for com.mysql.jdbc.jdbc2.optional.JDBC4ConnectionWrapper@7fef0b40: calling setAutoCommit(true)...
6733 [main] DEBUG c.a.jdbc.AtomikosConnectionProxy - atomikos connection proxy for com.mysql.jdbc.jdbc2.optional.JDBC4ConnectionWrapper@7fef0b40: calling getMetaData...
6747 [main] DEBUG c.a.jdbc.AtomikosConnectionProxy - atomikos connection proxy for com.mysql.jdbc.jdbc2.optional.JDBC4ConnectionWrapper@7fef0b40: close()...
9384 [main] DEBUG c.a.jdbc.AbstractDataSourceBean - AtomikosDataSoureBean 'order': getConnection()...
9384 [main] INFO  c.a.jdbc.AbstractDataSourceBean - AtomikosDataSoureBean 'order': init...
9385 [main] DEBUG c.a.jdbc.AtomikosConnectionProxy - atomikos connection proxy for com.mysql.jdbc.jdbc2.optional.JDBC4ConnectionWrapper@7fef0b40: calling getMetaData...
9385 [main] DEBUG c.a.jdbc.AtomikosConnectionProxy - atomikos connection proxy for com.mysql.jdbc.jdbc2.optional.JDBC4ConnectionWrapper@7fef0b40: close()...
10065 [main] DEBUG c.a.i.i.CompositeTransactionManagerImp - createCompositeTransaction ( 10000 ): created new ROOT transaction with id 169.254.201.124.tm156526394640200001
10080 [main] DEBUG c.a.i.imp.CompositeTransactionImp - registerSynchronization ( com.atomikos.icatch.jta.Sync2Sync@3a8fb023 ) for transaction 169.254.201.124.tm156526394640200001
10091 [main] DEBUG c.a.i.i.CompositeTransactionManagerImp - suspend() for transaction 169.254.201.124.tm156526394640200001
10092 [main] DEBUG c.a.i.i.CompositeTransactionManagerImp - createCompositeTransaction ( 10000 ): created new ROOT transaction with id 169.254.201.124.tm156526394644500002
10092 [main] DEBUG c.a.jdbc.AbstractDataSourceBean - AtomikosDataSoureBean 'order': getConnection()...
10092 [main] INFO  c.a.jdbc.AbstractDataSourceBean - AtomikosDataSoureBean 'order': init...
10099 [main] DEBUG c.a.i.imp.CompositeTransactionImp - addParticipant ( XAResourceTransaction: 3136392E3235342E3230312E3132342E746D313536353236333934363434353030303032:3136392E3235342E3230312E3132342E746D31 ) for transaction 169.254.201.124.tm156526394644500002
10099 [main] DEBUG c.a.d.xa.XAResourceTransaction - XAResource.start ( 3136392E3235342E3230312E3132342E746D313536353236333934363434353030303032:3136392E3235342E3230312E3132342E746D31 , XAResource.TMNOFLAGS ) on resource order represented by XAResource instance com.mysql.jdbc.jdbc2.optional.JDBC4MysqlXAConnection@30704f85
10100 [main] DEBUG c.a.i.imp.CompositeTransactionImp - registerSynchronization ( com.atomikos.jdbc.AtomikosConnectionProxy$JdbcRequeueSynchronization@1c19cf52 ) for transaction 169.254.201.124.tm156526394644500002
10100 [main] DEBUG c.a.jdbc.AtomikosConnectionProxy - atomikos connection proxy for com.mysql.jdbc.jdbc2.optional.JDBC4ConnectionWrapper@7fef0b40: calling prepareStatement(select next_val as id_val from hibernate_sequence for update)...
10118 [main] DEBUG c.a.i.imp.CompositeTransactionImp - registerSynchronization ( com.atomikos.jdbc.AtomikosConnectionProxy$JdbcRequeueSynchronization@1c19cf52 ) for transaction 169.254.201.124.tm156526394644500002
10118 [main] DEBUG c.a.jdbc.AtomikosConnectionProxy - atomikos connection proxy for com.mysql.jdbc.jdbc2.optional.JDBC4ConnectionWrapper@7fef0b40: calling prepareStatement(update hibernate_sequence set next_val= ? where next_val=?)...
10126 [main] DEBUG c.a.jdbc.AtomikosConnectionProxy - atomikos connection proxy for com.mysql.jdbc.jdbc2.optional.JDBC4ConnectionWrapper@7fef0b40: close()...
10126 [main] DEBUG c.a.d.xa.XAResourceTransaction - XAResource.end ( 3136392E3235342E3230312E3132342E746D313536353236333934363434353030303032:3136392E3235342E3230312E3132342E746D31 , XAResource.TMSUCCESS ) on resource order represented by XAResource instance com.mysql.jdbc.jdbc2.optional.JDBC4MysqlXAConnection@30704f85
10128 [main] DEBUG c.a.i.imp.CompositeTransactionImp - commit() done (by application) of transaction 169.254.201.124.tm156526394644500002
10131 [main] DEBUG c.a.d.xa.XAResourceTransaction - XAResource.commit ( 3136392E3235342E3230312E3132342E746D313536353236333934363434353030303032:3136392E3235342E3230312E3132342E746D31 , true ) on resource order represented by XAResource instance com.mysql.jdbc.jdbc2.optional.JDBC4MysqlXAConnection@30704f85
10135 [main] DEBUG c.a.i.i.CompositeTransactionManagerImp - resume ( com.atomikos.icatch.imp.CompositeTransactionImp@43625870 ) done for transaction 169.254.201.124.tm156526394640200001
10153 [main] DEBUG c.a.i.imp.CompositeTransactionImp - registerSynchronization ( com.atomikos.icatch.jta.Sync2Sync@b8b2184 ) for transaction 169.254.201.124.tm156526394640200001
10154 [main] DEBUG c.a.i.i.CompositeTransactionManagerImp - suspend() for transaction 169.254.201.124.tm156526394640200001
10154 [main] DEBUG c.a.i.i.CompositeTransactionManagerImp - createCompositeTransaction ( 10000 ): created new ROOT transaction with id 169.254.201.124.tm156526394650800003
10154 [main] DEBUG c.a.jdbc.AbstractDataSourceBean - AtomikosDataSoureBean 'log': getConnection()...
10154 [main] INFO  c.a.jdbc.AbstractDataSourceBean - AtomikosDataSoureBean 'log': init...
10155 [main] DEBUG c.a.i.imp.CompositeTransactionImp - addParticipant ( XAResourceTransaction: 3136392E3235342E3230312E3132342E746D313536353236333934363530383030303033:3136392E3235342E3230312E3132342E746D32 ) for transaction 169.254.201.124.tm156526394650800003
10155 [main] DEBUG c.a.d.xa.XAResourceTransaction - XAResource.start ( 3136392E3235342E3230312E3132342E746D313536353236333934363530383030303033:3136392E3235342E3230312E3132342E746D32 , XAResource.TMNOFLAGS ) on resource log represented by XAResource instance com.mysql.jdbc.jdbc2.optional.JDBC4MysqlXAConnection@768f4b42
10156 [main] DEBUG c.a.i.imp.CompositeTransactionImp - registerSynchronization ( com.atomikos.jdbc.AtomikosConnectionProxy$JdbcRequeueSynchronization@b580990b ) for transaction 169.254.201.124.tm156526394650800003
10156 [main] DEBUG c.a.jdbc.AtomikosConnectionProxy - atomikos connection proxy for com.mysql.jdbc.jdbc2.optional.JDBC4ConnectionWrapper@717d7587: calling prepareStatement(select next_val as id_val from hibernate_sequence for update)...
10156 [main] DEBUG c.a.i.imp.CompositeTransactionImp - registerSynchronization ( com.atomikos.jdbc.AtomikosConnectionProxy$JdbcRequeueSynchronization@b580990b ) for transaction 169.254.201.124.tm156526394650800003
10156 [main] DEBUG c.a.jdbc.AtomikosConnectionProxy - atomikos connection proxy for com.mysql.jdbc.jdbc2.optional.JDBC4ConnectionWrapper@717d7587: calling prepareStatement(update hibernate_sequence set next_val= ? where next_val=?)...
10157 [main] DEBUG c.a.jdbc.AtomikosConnectionProxy - atomikos connection proxy for com.mysql.jdbc.jdbc2.optional.JDBC4ConnectionWrapper@717d7587: close()...
10157 [main] DEBUG c.a.d.xa.XAResourceTransaction - XAResource.end ( 3136392E3235342E3230312E3132342E746D313536353236333934363530383030303033:3136392E3235342E3230312E3132342E746D32 , XAResource.TMSUCCESS ) on resource log represented by XAResource instance com.mysql.jdbc.jdbc2.optional.JDBC4MysqlXAConnection@768f4b42
10157 [main] DEBUG c.a.i.imp.CompositeTransactionImp - commit() done (by application) of transaction 169.254.201.124.tm156526394650800003
10158 [main] DEBUG c.a.d.xa.XAResourceTransaction - XAResource.commit ( 3136392E3235342E3230312E3132342E746D313536353236333934363530383030303033:3136392E3235342E3230312E3132342E746D32 , true ) on resource log represented by XAResource instance com.mysql.jdbc.jdbc2.optional.JDBC4MysqlXAConnection@768f4b42
10158 [main] DEBUG c.a.i.i.CompositeTransactionManagerImp - resume ( com.atomikos.icatch.imp.CompositeTransactionImp@43625870 ) done for transaction 169.254.201.124.tm156526394640200001
10160 [main] DEBUG c.a.i.imp.CompositeTransactionImp - rollback() done of transaction 169.254.201.124.tm156526394640200001
10161 [main] DEBUG com.atomikos.icatch.jta.Sync2Sync - afterCompletion ( STATUS_ROLLEDBACK ) called  on Synchronization: org.hibernate.resource.transaction.backend.jta.internal.synchronization.RegisteredSynchronization@3c64339f
10161 [main] DEBUG com.atomikos.icatch.jta.Sync2Sync - afterCompletion ( STATUS_ROLLEDBACK ) called  on Synchronization: org.hibernate.resource.transaction.backend.jta.internal.synchronization.RegisteredSynchronization@579f3c8e
10161 [main] DEBUG c.a.i.imp.CompositeTransactionImp - rollback() done of transaction 169.254.201.124.tm156526394640200001
10180 [Thread-2] INFO  c.a.i.imp.TransactionServiceImp - Transaction Service: Entering shutdown (false, 9223372036854775807)...
10186 [Thread-2] INFO  c.a.jdbc.AbstractDataSourceBean - AtomikosDataSoureBean 'log': close...
10186 [Thread-2] INFO  c.a.datasource.pool.ConnectionPool - atomikos connection pool 'log': destroying pool...
10187 [Thread-2] INFO  c.a.jdbc.AbstractDataSourceBean - AtomikosDataSoureBean 'order': close...
10187 [Thread-2] INFO  c.a.datasource.pool.ConnectionPool - atomikos connection pool 'order': destroying pool...
5075 [main] DEBUG com.atomikos.logging.LoggerFactory - Using Slf4J for logging.
5502 [main] INFO  c.a.i.provider.imp.AssemblerImp - Loaded jar:file:/D:/local_maven/com/atomikos/transactions/4.0.6/transactions-4.0.6.jar!/transactions-defaults.properties
5508 [main] WARN  c.a.i.provider.imp.AssemblerImp - Thanks for using Atomikos! Evaluate http://www.atomikos.com/Main/ExtremeTransactions for advanced features and professional support
or register at http://www.atomikos.com/Main/RegisterYourDownload to disable this message and receive FREE tips & advice
5523 [main] INFO  c.a.i.provider.imp.AssemblerImp - USING: com.atomikos.icatch.default_max_wait_time_on_shutdown = 9223372036854775807
5523 [main] INFO  c.a.i.provider.imp.AssemblerImp - USING: com.atomikos.icatch.allow_subtransactions = true
5523 [main] INFO  c.a.i.provider.imp.AssemblerImp - USING: com.atomikos.icatch.recovery_delay = 10000
5523 [main] INFO  c.a.i.provider.imp.AssemblerImp - USING: com.atomikos.icatch.automatic_resource_registration = true
5523 [main] INFO  c.a.i.provider.imp.AssemblerImp - USING: com.atomikos.icatch.oltp_max_retries = 5
5523 [main] INFO  c.a.i.provider.imp.AssemblerImp - USING: com.atomikos.icatch.client_demarcation = false
5523 [main] INFO  c.a.i.provider.imp.AssemblerImp - USING: com.atomikos.icatch.threaded_2pc = false
5523 [main] INFO  c.a.i.provider.imp.AssemblerImp - USING: com.atomikos.icatch.serial_jta_transactions = true
5523 [main] INFO  c.a.i.provider.imp.AssemblerImp - USING: com.atomikos.icatch.log_base_dir = E:\study\springcloud\transaction-distributed\atomikos-jta\transaction-logs
5523 [main] INFO  c.a.i.provider.imp.AssemblerImp - USING: com.atomikos.icatch.rmi_export_class = none
5523 [main] INFO  c.a.i.provider.imp.AssemblerImp - USING: com.atomikos.icatch.max_actives = 50
5523 [main] INFO  c.a.i.provider.imp.AssemblerImp - USING: com.atomikos.icatch.checkpoint_interval = 500
5523 [main] INFO  c.a.i.provider.imp.AssemblerImp - USING: com.atomikos.icatch.enable_logging = true
5523 [main] INFO  c.a.i.provider.imp.AssemblerImp - USING: com.atomikos.icatch.log_base_name = tmlog
5523 [main] INFO  c.a.i.provider.imp.AssemblerImp - USING: com.atomikos.icatch.max_timeout = 300000
5523 [main] INFO  c.a.i.provider.imp.AssemblerImp - USING: com.atomikos.icatch.trust_client_tm = false
5523 [main] INFO  c.a.i.provider.imp.AssemblerImp - USING: java.naming.factory.initial = com.sun.jndi.rmi.registry.RegistryContextFactory
5523 [main] INFO  c.a.i.provider.imp.AssemblerImp - USING: com.atomikos.icatch.tm_unique_name = 169.254.201.124.tm
5523 [main] INFO  c.a.i.provider.imp.AssemblerImp - USING: com.atomikos.icatch.forget_orphaned_log_entries_delay = 86400000
5523 [main] INFO  c.a.i.provider.imp.AssemblerImp - USING: com.atomikos.icatch.oltp_retry_interval = 10000
5523 [main] INFO  c.a.i.provider.imp.AssemblerImp - USING: java.naming.provider.url = rmi://localhost:1099
5523 [main] INFO  c.a.i.provider.imp.AssemblerImp - USING: com.atomikos.icatch.force_shutdown_on_vm_exit = false
5523 [main] INFO  c.a.i.provider.imp.AssemblerImp - USING: com.atomikos.icatch.default_jta_timeout = 10000
5524 [main] INFO  c.a.i.provider.imp.AssemblerImp - Using default (local) logging and recovery...
5530 [main] DEBUG c.a.r.imp.FileSystemRepository - baseDir E:\study\springcloud\transaction-distributed\atomikos-jta\transaction-logs
5530 [main] DEBUG c.a.r.imp.FileSystemRepository - baseName tmlog
5531 [main] DEBUG c.a.r.imp.FileSystemRepository - LogFileLock com.atomikos.persistence.imp.LogFileLock@2d258eff
6045 [main] DEBUG c.a.jdbc.AbstractDataSourceBean - AtomikosDataSoureBean 'log': getConnection()...
6045 [main] INFO  c.a.jdbc.AbstractDataSourceBean - AtomikosDataSoureBean 'log': init...
6045 [main] WARN  c.a.jdbc.AbstractDataSourceBean - AtomikosDataSoureBean 'log': poolSize equals default - this may cause performance problems!
6045 [main] INFO  c.a.jdbc.AtomikosDataSourceBean - AtomikosDataSoureBean 'log': initializing with [ xaDataSourceClassName=com.mysql.jdbc.jdbc2.optional.MysqlXADataSource, uniqueResourceName=log, maxPoolSize=10, minPoolSize=1, borrowConnectionTimeout=10000, maxIdleTime=60, reapTimeout=0, maintenanceInterval=60, testQuery=null, xaProperties=[user=root,password=root,url=jdbc:mysql://localhost:3306/log?useUnicode=true&characterEncoding=utf-8&zeroDateTimeBehavior=convertToNull&transformedBitIsBoolean=true&allowMultiQueries=true&useSSL=false], loginTimeout=0, maxLifetime=10000]
6299 [main] INFO  c.a.d.xa.XATransactionalResource - log: refreshed XAResource
6364 [main] DEBUG c.a.jdbc.AtomikosConnectionProxy - atomikos connection proxy for com.mysql.jdbc.jdbc2.optional.JDBC4ConnectionWrapper@640c216b: calling getMetaData...
6439 [main] DEBUG c.a.jdbc.AtomikosConnectionProxy - atomikos connection proxy for com.mysql.jdbc.jdbc2.optional.JDBC4ConnectionWrapper@640c216b: close()...
7539 [main] DEBUG c.a.jdbc.AbstractDataSourceBean - AtomikosDataSoureBean 'log': getConnection()...
7539 [main] INFO  c.a.jdbc.AbstractDataSourceBean - AtomikosDataSoureBean 'log': init...
7539 [main] DEBUG c.a.jdbc.AtomikosConnectionProxy - atomikos connection proxy for com.mysql.jdbc.jdbc2.optional.JDBC4ConnectionWrapper@640c216b: calling setAutoCommit(true)...
7552 [main] DEBUG c.a.jdbc.AtomikosConnectionProxy - atomikos connection proxy for com.mysql.jdbc.jdbc2.optional.JDBC4ConnectionWrapper@640c216b: calling getMetaData...
7571 [main] DEBUG c.a.jdbc.AtomikosConnectionProxy - atomikos connection proxy for com.mysql.jdbc.jdbc2.optional.JDBC4ConnectionWrapper@640c216b: close()...
7604 [main] DEBUG c.a.jdbc.AbstractDataSourceBean - AtomikosDataSoureBean 'order': getConnection()...
7604 [main] INFO  c.a.jdbc.AbstractDataSourceBean - AtomikosDataSoureBean 'order': init...
7604 [main] WARN  c.a.jdbc.AbstractDataSourceBean - AtomikosDataSoureBean 'order': poolSize equals default - this may cause performance problems!
7604 [main] INFO  c.a.jdbc.AtomikosDataSourceBean - AtomikosDataSoureBean 'order': initializing with [ xaDataSourceClassName=com.mysql.jdbc.jdbc2.optional.MysqlXADataSource, uniqueResourceName=order, maxPoolSize=10, minPoolSize=1, borrowConnectionTimeout=10000, maxIdleTime=60, reapTimeout=0, maintenanceInterval=60, testQuery=null, xaProperties=[user=root,password=root,url=jdbc:mysql://localhost:3306/order?useUnicode=true&characterEncoding=utf-8&zeroDateTimeBehavior=convertToNull&transformedBitIsBoolean=true&allowMultiQueries=true&useSSL=false], loginTimeout=0, maxLifetime=10000]
7611 [main] INFO  c.a.d.xa.XATransactionalResource - order: refreshed XAResource
7617 [main] DEBUG c.a.jdbc.AtomikosConnectionProxy - atomikos connection proxy for com.mysql.jdbc.jdbc2.optional.JDBC4ConnectionWrapper@e7e455d: calling getMetaData...
7625 [main] DEBUG c.a.jdbc.AtomikosConnectionProxy - atomikos connection proxy for com.mysql.jdbc.jdbc2.optional.JDBC4ConnectionWrapper@e7e455d: close()...
7670 [main] DEBUG c.a.jdbc.AbstractDataSourceBean - AtomikosDataSoureBean 'order': getConnection()...
7670 [main] INFO  c.a.jdbc.AbstractDataSourceBean - AtomikosDataSoureBean 'order': init...
7671 [main] DEBUG c.a.jdbc.AtomikosConnectionProxy - atomikos connection proxy for com.mysql.jdbc.jdbc2.optional.JDBC4ConnectionWrapper@e7e455d: calling setAutoCommit(true)...
7671 [main] DEBUG c.a.jdbc.AtomikosConnectionProxy - atomikos connection proxy for com.mysql.jdbc.jdbc2.optional.JDBC4ConnectionWrapper@e7e455d: calling getMetaData...
7683 [main] DEBUG c.a.jdbc.AtomikosConnectionProxy - atomikos connection proxy for com.mysql.jdbc.jdbc2.optional.JDBC4ConnectionWrapper@e7e455d: close()...
10896 [main] DEBUG c.a.jdbc.AbstractDataSourceBean - AtomikosDataSoureBean 'order': getConnection()...
10896 [main] INFO  c.a.jdbc.AbstractDataSourceBean - AtomikosDataSoureBean 'order': init...
10896 [main] DEBUG c.a.jdbc.AtomikosConnectionProxy - atomikos connection proxy for com.mysql.jdbc.jdbc2.optional.JDBC4ConnectionWrapper@e7e455d: calling getMetaData...
10897 [main] DEBUG c.a.jdbc.AtomikosConnectionProxy - atomikos connection proxy for com.mysql.jdbc.jdbc2.optional.JDBC4ConnectionWrapper@e7e455d: close()...
11651 [main] DEBUG c.a.i.i.CompositeTransactionManagerImp - createCompositeTransaction ( 10000 ): created new ROOT transaction with id 169.254.201.124.tm156526400134100001
104879 [main] DEBUG c.a.i.imp.CompositeTransactionImp - registerSynchronization ( com.atomikos.icatch.jta.Sync2Sync@17344d7 ) for transaction 169.254.201.124.tm156526400134100001
104919 [main] DEBUG c.a.i.i.CompositeTransactionManagerImp - suspend() for transaction 169.254.201.124.tm156526400134100001
104923 [main] DEBUG c.a.i.i.CompositeTransactionManagerImp - createCompositeTransaction ( 10000 ): created new ROOT transaction with id 169.254.201.124.tm156526409463400002
104924 [main] DEBUG c.a.jdbc.AbstractDataSourceBean - AtomikosDataSoureBean 'order': getConnection()...
104925 [main] INFO  c.a.jdbc.AbstractDataSourceBean - AtomikosDataSoureBean 'order': init...
104956 [main] DEBUG c.a.i.imp.CompositeTransactionImp - addParticipant ( XAResourceTransaction: 3136392E3235342E3230312E3132342E746D313536353236343039343633343030303032:3136392E3235342E3230312E3132342E746D31 ) for transaction 169.254.201.124.tm156526409463400002
104957 [main] DEBUG c.a.d.xa.XAResourceTransaction - XAResource.start ( 3136392E3235342E3230312E3132342E746D313536353236343039343633343030303032:3136392E3235342E3230312E3132342E746D31 , XAResource.TMNOFLAGS ) on resource order represented by XAResource instance com.mysql.jdbc.jdbc2.optional.JDBC4MysqlXAConnection@25c06894
104961 [main] DEBUG c.a.i.imp.CompositeTransactionImp - registerSynchronization ( com.atomikos.jdbc.AtomikosConnectionProxy$JdbcRequeueSynchronization@1dcec95f ) for transaction 169.254.201.124.tm156526409463400002
104962 [main] DEBUG c.a.jdbc.AtomikosConnectionProxy - atomikos connection proxy for com.mysql.jdbc.jdbc2.optional.JDBC4ConnectionWrapper@e7e455d: calling prepareStatement(select next_val as id_val from hibernate_sequence for update)...
104997 [main] DEBUG c.a.i.imp.CompositeTransactionImp - registerSynchronization ( com.atomikos.jdbc.AtomikosConnectionProxy$JdbcRequeueSynchronization@1dcec95f ) for transaction 169.254.201.124.tm156526409463400002
104997 [main] DEBUG c.a.jdbc.AtomikosConnectionProxy - atomikos connection proxy for com.mysql.jdbc.jdbc2.optional.JDBC4ConnectionWrapper@e7e455d: calling prepareStatement(update hibernate_sequence set next_val= ? where next_val=?)...
105008 [main] DEBUG c.a.jdbc.AtomikosConnectionProxy - atomikos connection proxy for com.mysql.jdbc.jdbc2.optional.JDBC4ConnectionWrapper@e7e455d: close()...
105010 [main] DEBUG c.a.d.xa.XAResourceTransaction - XAResource.end ( 3136392E3235342E3230312E3132342E746D313536353236343039343633343030303032:3136392E3235342E3230312E3132342E746D31 , XAResource.TMSUCCESS ) on resource order represented by XAResource instance com.mysql.jdbc.jdbc2.optional.JDBC4MysqlXAConnection@25c06894
105016 [main] DEBUG c.a.i.imp.CompositeTransactionImp - commit() done (by application) of transaction 169.254.201.124.tm156526409463400002
105027 [main] DEBUG c.a.d.xa.XAResourceTransaction - XAResource.commit ( 3136392E3235342E3230312E3132342E746D313536353236343039343633343030303032:3136392E3235342E3230312E3132342E746D31 , true ) on resource order represented by XAResource instance com.mysql.jdbc.jdbc2.optional.JDBC4MysqlXAConnection@25c06894
105035 [main] DEBUG c.a.i.i.CompositeTransactionManagerImp - resume ( com.atomikos.icatch.imp.CompositeTransactionImp@c290ad0b ) done for transaction 169.254.201.124.tm156526400134100001
105120 [main] DEBUG c.a.i.imp.CompositeTransactionImp - registerSynchronization ( com.atomikos.icatch.jta.Sync2Sync@2e03bb74 ) for transaction 169.254.201.124.tm156526400134100001
105123 [main] DEBUG c.a.i.i.CompositeTransactionManagerImp - suspend() for transaction 169.254.201.124.tm156526400134100001
105125 [main] DEBUG c.a.i.i.CompositeTransactionManagerImp - createCompositeTransaction ( 10000 ): created new ROOT transaction with id 169.254.201.124.tm156526409483700003
105126 [main] DEBUG c.a.jdbc.AbstractDataSourceBean - AtomikosDataSoureBean 'log': getConnection()...
105127 [main] INFO  c.a.jdbc.AbstractDataSourceBean - AtomikosDataSoureBean 'log': init...
105129 [main] DEBUG c.a.i.imp.CompositeTransactionImp - addParticipant ( XAResourceTransaction: 3136392E3235342E3230312E3132342E746D313536353236343039343833373030303033:3136392E3235342E3230312E3132342E746D32 ) for transaction 169.254.201.124.tm156526409483700003
105130 [main] DEBUG c.a.d.xa.XAResourceTransaction - XAResource.start ( 3136392E3235342E3230312E3132342E746D313536353236343039343833373030303033:3136392E3235342E3230312E3132342E746D32 , XAResource.TMNOFLAGS ) on resource log represented by XAResource instance com.mysql.jdbc.jdbc2.optional.JDBC4MysqlXAConnection@51d9479c
105133 [main] DEBUG c.a.i.imp.CompositeTransactionImp - registerSynchronization ( com.atomikos.jdbc.AtomikosConnectionProxy$JdbcRequeueSynchronization@f2afacfb ) for transaction 169.254.201.124.tm156526409483700003
105134 [main] DEBUG c.a.jdbc.AtomikosConnectionProxy - atomikos connection proxy for com.mysql.jdbc.jdbc2.optional.JDBC4ConnectionWrapper@640c216b: calling prepareStatement(select next_val as id_val from hibernate_sequence for update)...
105138 [main] DEBUG c.a.i.imp.CompositeTransactionImp - registerSynchronization ( com.atomikos.jdbc.AtomikosConnectionProxy$JdbcRequeueSynchronization@f2afacfb ) for transaction 169.254.201.124.tm156526409483700003
105140 [main] DEBUG c.a.jdbc.AtomikosConnectionProxy - atomikos connection proxy for com.mysql.jdbc.jdbc2.optional.JDBC4ConnectionWrapper@640c216b: calling prepareStatement(update hibernate_sequence set next_val= ? where next_val=?)...
105141 [main] DEBUG c.a.jdbc.AtomikosConnectionProxy - atomikos connection proxy for com.mysql.jdbc.jdbc2.optional.JDBC4ConnectionWrapper@640c216b: close()...
105143 [main] DEBUG c.a.d.xa.XAResourceTransaction - XAResource.end ( 3136392E3235342E3230312E3132342E746D313536353236343039343833373030303033:3136392E3235342E3230312E3132342E746D32 , XAResource.TMSUCCESS ) on resource log represented by XAResource instance com.mysql.jdbc.jdbc2.optional.JDBC4MysqlXAConnection@51d9479c
105145 [main] DEBUG c.a.i.imp.CompositeTransactionImp - commit() done (by application) of transaction 169.254.201.124.tm156526409483700003
105146 [main] DEBUG c.a.d.xa.XAResourceTransaction - XAResource.commit ( 3136392E3235342E3230312E3132342E746D313536353236343039343833373030303033:3136392E3235342E3230312E3132342E746D32 , true ) on resource log represented by XAResource instance com.mysql.jdbc.jdbc2.optional.JDBC4MysqlXAConnection@51d9479c
105150 [main] DEBUG c.a.i.i.CompositeTransactionManagerImp - resume ( com.atomikos.icatch.imp.CompositeTransactionImp@c290ad0b ) done for transaction 169.254.201.124.tm156526400134100001
139366 [main] DEBUG c.a.i.imp.CompositeTransactionImp - rollback() done of transaction 169.254.201.124.tm156526400134100001
139369 [main] DEBUG com.atomikos.icatch.jta.Sync2Sync - afterCompletion ( STATUS_ROLLEDBACK ) called  on Synchronization: org.hibernate.resource.transaction.backend.jta.internal.synchronization.RegisteredSynchronization@7e69bf78
139369 [main] DEBUG com.atomikos.icatch.jta.Sync2Sync - afterCompletion ( STATUS_ROLLEDBACK ) called  on Synchronization: org.hibernate.resource.transaction.backend.jta.internal.synchronization.RegisteredSynchronization@24d097c8
139369 [main] DEBUG c.a.i.imp.CompositeTransactionImp - rollback() done of transaction 169.254.201.124.tm156526400134100001
139393 [Thread-2] INFO  c.a.i.imp.TransactionServiceImp - Transaction Service: Entering shutdown (false, 9223372036854775807)...
139402 [Thread-2] INFO  c.a.jdbc.AbstractDataSourceBean - AtomikosDataSoureBean 'log': close...
139402 [Thread-2] INFO  c.a.datasource.pool.ConnectionPool - atomikos connection pool 'log': destroying pool...
139404 [Thread-2] INFO  c.a.jdbc.AbstractDataSourceBean - AtomikosDataSoureBean 'order': close...
139404 [Thread-2] INFO  c.a.datasource.pool.ConnectionPool - atomikos connection pool 'order': destroying pool...
