2019-03-17 13:44:52.579 [main] INFO  o.s.c.a.AnnotationConfigApplicationContext -Refreshing org.springframework.context.annotation.AnnotationConfigApplicationContext@60957c0f: startup date [Sun Mar 17 13:44:52 CST 2019]; root of context hierarchy
2019-03-17 13:44:52.714 [main] INFO  o.s.b.f.a.AutowiredAnnotationBeanPostProcessor -JSR-330 'javax.inject.Inject' annotation found and supported for autowiring
2019-03-17 13:44:52.745 [main] INFO  o.s.c.s.PostProcessorRegistrationDelegate$BeanPostProcessorChecker -Bean 'configurationPropertiesRebinderAutoConfiguration' of type [org.springframework.cloud.autoconfigure.ConfigurationPropertiesRebinderAutoConfiguration$$EnhancerBySpringCGLIB$$8745d6fb] is not eligible for getting processed by all BeanPostProcessors (for example: not eligible for auto-proxying)
2019-03-17 13:44:54.004 [main] INFO  com.lft.consumer.ConsumerApplication -No active profile set, falling back to default profiles: default
2019-03-17 13:44:54.015 [main] INFO  o.s.b.w.s.c.AnnotationConfigServletWebServerApplicationContext -Refreshing org.springframework.boot.web.servlet.context.AnnotationConfigServletWebServerApplicationContext@2c42b421: startup date [Sun Mar 17 13:44:54 CST 2019]; parent: org.springframework.context.annotation.AnnotationConfigApplicationContext@60957c0f
2019-03-17 13:44:54.434 [main] INFO  o.s.b.f.s.DefaultListableBeanFactory -Overriding bean definition for bean 'provider.FeignClientSpecification' with a different definition: replacing [Generic bean: class [org.springframework.cloud.openfeign.FeignClientSpecification]; scope=; abstract=false; lazyInit=false; autowireMode=0; dependencyCheck=0; autowireCandidate=true; primary=false; factoryBeanName=null; factoryMethodName=null; initMethodName=null; destroyMethodName=null] with [Generic bean: class [org.springframework.cloud.openfeign.FeignClientSpecification]; scope=; abstract=false; lazyInit=false; autowireMode=0; dependencyCheck=0; autowireCandidate=true; primary=false; factoryBeanName=null; factoryMethodName=null; initMethodName=null; destroyMethodName=null]
2019-03-17 13:44:54.434 [main] INFO  o.s.b.f.s.DefaultListableBeanFactory -Overriding alias 'providerFeignClient' definition for registered name 'com.lft.consumer.service.FileUploadFeignService' with new target name 'com.lft.consumer.service.UserService'
2019-03-17 13:44:54.797 [main] INFO  o.s.cloud.context.scope.GenericScope -BeanFactory id=4149f555-39eb-3cac-bdbe-3f8f151142ba
2019-03-17 13:44:54.811 [main] INFO  o.s.b.f.a.AutowiredAnnotationBeanPostProcessor -JSR-330 'javax.inject.Inject' annotation found and supported for autowiring
2019-03-17 13:44:54.891 [main] INFO  o.s.c.s.PostProcessorRegistrationDelegate$BeanPostProcessorChecker -Bean 'org.springframework.cloud.autoconfigure.ConfigurationPropertiesRebinderAutoConfiguration' of type [org.springframework.cloud.autoconfigure.ConfigurationPropertiesRebinderAutoConfiguration$$EnhancerBySpringCGLIB$$8745d6fb] is not eligible for getting processed by all BeanPostProcessors (for example: not eligible for auto-proxying)
2019-03-17 13:44:55.092 [main] INFO  o.s.b.w.e.tomcat.TomcatWebServer -Tomcat initialized with port(s): 8011 (http)
2019-03-17 13:44:55.101 [main] INFO  o.a.coyote.http11.Http11NioProtocol -Initializing ProtocolHandler ["http-nio-8011"]
2019-03-17 13:44:55.108 [main] INFO  o.a.catalina.core.StandardService -Starting service [Tomcat]
2019-03-17 13:44:55.108 [main] INFO  o.a.catalina.core.StandardEngine -Starting Servlet Engine: Apache Tomcat/8.5.31
2019-03-17 13:44:55.112 [localhost-startStop-1] INFO  o.a.c.core.AprLifecycleListener -The APR based Apache Tomcat Native library which allows optimal performance in production environments was not found on the java.library.path: [D:\jdk\bin;C:\Windows\Sun\Java\bin;C:\Windows\system32;C:\Windows;C:\Program Files (x86)\Common Files\Oracle\Java\javapath;C:\Windows\system32;C:\Windows;C:\Windows\System32\Wbem;C:\Windows\System32\WindowsPowerShell\v1.0\;C:\Windows\System32\OpenSSH\;D:\jdk\bin;D:\jdk\jre\bin;D:\maven\bin;D:\git\Git\cmd;C:\Users\Ryze\AppData\Local\Microsoft\WindowsApps;;.]
2019-03-17 13:44:55.223 [localhost-startStop-1] INFO  o.a.c.c.C.[Tomcat].[localhost].[/] -Initializing Spring embedded WebApplicationContext
2019-03-17 13:44:55.224 [localhost-startStop-1] INFO  o.s.web.context.ContextLoader -Root WebApplicationContext: initialization completed in 1208 ms
2019-03-17 13:44:55.494 [localhost-startStop-1] WARN  c.n.c.sources.URLConfigurationSource -No URLs will be polled as dynamic configuration sources.
2019-03-17 13:44:55.494 [localhost-startStop-1] INFO  c.n.c.sources.URLConfigurationSource -To enable URLs as dynamic configuration sources, define System property archaius.configurationSource.additionalUrls or make config.properties available on classpath.
2019-03-17 13:44:55.501 [localhost-startStop-1] INFO  c.n.config.DynamicPropertyFactory -DynamicPropertyFactory is initialized with configuration sources: com.netflix.config.ConcurrentCompositeConfiguration@4d8461d4
2019-03-17 13:44:56.816 [localhost-startStop-1] INFO  o.s.cloud.commons.util.InetUtils -Cannot determine local hostname
2019-03-17 13:44:57.981 [localhost-startStop-1] INFO  o.s.cloud.commons.util.InetUtils -Cannot determine local hostname
2019-03-17 13:44:58.310 [localhost-startStop-1] INFO  o.s.b.w.s.ServletRegistrationBean -Servlet dispatcherServlet mapped to [/]
2019-03-17 13:44:58.313 [localhost-startStop-1] INFO  o.s.b.w.s.FilterRegistrationBean -Mapping filter: 'characterEncodingFilter' to: [/*]
2019-03-17 13:44:58.314 [localhost-startStop-1] INFO  o.s.b.w.s.FilterRegistrationBean -Mapping filter: 'httpTraceFilter' to: [/*]
2019-03-17 13:44:58.314 [localhost-startStop-1] INFO  o.s.b.w.s.FilterRegistrationBean -Mapping filter: 'webMvcMetricsFilter' to: [/*]
2019-03-17 13:44:58.425 [main] INFO  o.s.c.a.AnnotationConfigApplicationContext -Refreshing FeignContext-provider: startup date [Sun Mar 17 13:44:58 CST 2019]; parent: org.springframework.boot.web.servlet.context.AnnotationConfigServletWebServerApplicationContext@2c42b421
2019-03-17 13:44:58.437 [main] INFO  o.s.b.f.a.AutowiredAnnotationBeanPostProcessor -JSR-330 'javax.inject.Inject' annotation found and supported for autowiring
2019-03-17 13:44:58.780 [main] INFO  o.s.w.s.m.m.a.RequestMappingHandlerMapping -Mapped "{[/feign/upload],methods=[POST],consumes=[multipart/form-data]}" onto public java.lang.String com.lft.consumer.controller.FeignUploadController.imageUpload(org.springframework.web.multipart.MultipartFile) throws java.lang.Exception
2019-03-17 13:44:58.781 [main] INFO  o.s.w.s.m.m.a.RequestMappingHandlerMapping -Mapped "{[/user/add],methods=[POST]}" onto public java.lang.String com.lft.consumer.controller.UserController.addUser(com.lft.consumer.entity.User)
2019-03-17 13:44:58.782 [main] INFO  o.s.w.s.m.m.a.RequestMappingHandlerMapping -Mapped "{[/user/update],methods=[POST]}" onto public java.lang.String com.lft.consumer.controller.UserController.updateUser(com.lft.consumer.entity.User)
2019-03-17 13:44:58.782 [main] INFO  o.s.w.s.m.m.a.RequestMappingHandlerMapping -Mapped "{[/v2/api-docs],methods=[GET],produces=[application/json || application/hal+json]}" onto public org.springframework.http.ResponseEntity<springfox.documentation.spring.web.json.Json> springfox.documentation.swagger2.web.Swagger2Controller.getDocumentation(java.lang.String,javax.servlet.http.HttpServletRequest)
2019-03-17 13:44:58.784 [main] INFO  o.s.w.s.m.m.a.RequestMappingHandlerMapping -Mapped "{[/swagger-resources/configuration/ui]}" onto org.springframework.http.ResponseEntity<springfox.documentation.swagger.web.UiConfiguration> springfox.documentation.swagger.web.ApiResourceController.uiConfiguration()
2019-03-17 13:44:58.785 [main] INFO  o.s.w.s.m.m.a.RequestMappingHandlerMapping -Mapped "{[/swagger-resources]}" onto org.springframework.http.ResponseEntity<java.util.List<springfox.documentation.swagger.web.SwaggerResource>> springfox.documentation.swagger.web.ApiResourceController.swaggerResources()
2019-03-17 13:44:58.785 [main] INFO  o.s.w.s.m.m.a.RequestMappingHandlerMapping -Mapped "{[/swagger-resources/configuration/security]}" onto org.springframework.http.ResponseEntity<springfox.documentation.swagger.web.SecurityConfiguration> springfox.documentation.swagger.web.ApiResourceController.securityConfiguration()
2019-03-17 13:44:58.787 [main] INFO  o.s.w.s.m.m.a.RequestMappingHandlerMapping -Mapped "{[/error]}" onto public org.springframework.http.ResponseEntity<java.util.Map<java.lang.String, java.lang.Object>> org.springframework.boot.autoconfigure.web.servlet.error.BasicErrorController.error(javax.servlet.http.HttpServletRequest)
2019-03-17 13:44:58.787 [main] INFO  o.s.w.s.m.m.a.RequestMappingHandlerMapping -Mapped "{[/error],produces=[text/html]}" onto public org.springframework.web.servlet.ModelAndView org.springframework.boot.autoconfigure.web.servlet.error.BasicErrorController.errorHtml(javax.servlet.http.HttpServletRequest,javax.servlet.http.HttpServletResponse)
2019-03-17 13:44:58.858 [main] INFO  o.s.b.a.e.web.EndpointLinksResolver -Exposing 2 endpoint(s) beneath base path '/actuator'
2019-03-17 13:44:58.869 [main] INFO  o.s.b.a.e.w.s.WebMvcEndpointHandlerMapping -Mapped "{[/actuator/health],methods=[GET],produces=[application/vnd.spring-boot.actuator.v2+json || application/json]}" onto public java.lang.Object org.springframework.boot.actuate.endpoint.web.servlet.AbstractWebMvcEndpointHandlerMapping$OperationHandler.handle(javax.servlet.http.HttpServletRequest,java.util.Map<java.lang.String, java.lang.String>)
2019-03-17 13:44:58.870 [main] INFO  o.s.b.a.e.w.s.WebMvcEndpointHandlerMapping -Mapped "{[/actuator/info],methods=[GET],produces=[application/vnd.spring-boot.actuator.v2+json || application/json]}" onto public java.lang.Object org.springframework.boot.actuate.endpoint.web.servlet.AbstractWebMvcEndpointHandlerMapping$OperationHandler.handle(javax.servlet.http.HttpServletRequest,java.util.Map<java.lang.String, java.lang.String>)
2019-03-17 13:44:58.870 [main] INFO  o.s.b.a.e.w.s.WebMvcEndpointHandlerMapping -Mapped "{[/actuator],methods=[GET],produces=[application/vnd.spring-boot.actuator.v2+json || application/json]}" onto protected java.util.Map<java.lang.String, java.util.Map<java.lang.String, org.springframework.boot.actuate.endpoint.web.Link>> org.springframework.boot.actuate.endpoint.web.servlet.WebMvcEndpointHandlerMapping.links(javax.servlet.http.HttpServletRequest,javax.servlet.http.HttpServletResponse)
2019-03-17 13:44:58.964 [main] INFO  o.s.w.s.h.SimpleUrlHandlerMapping -Mapped URL path [/swagger-ui.html] onto handler of type [class org.springframework.web.servlet.resource.ResourceHttpRequestHandler]
2019-03-17 13:44:58.964 [main] INFO  o.s.w.s.h.SimpleUrlHandlerMapping -Mapped URL path [/webjars/**] onto handler of type [class org.springframework.web.servlet.resource.ResourceHttpRequestHandler]
2019-03-17 13:44:59.006 [main] INFO  o.s.w.s.m.m.a.RequestMappingHandlerAdapter -Looking for @ControllerAdvice: org.springframework.boot.web.servlet.context.AnnotationConfigServletWebServerApplicationContext@2c42b421: startup date [Sun Mar 17 13:44:54 CST 2019]; parent: org.springframework.context.annotation.AnnotationConfigApplicationContext@60957c0f
2019-03-17 13:44:59.084 [main] WARN  c.n.c.sources.URLConfigurationSource -No URLs will be polled as dynamic configuration sources.
2019-03-17 13:44:59.084 [main] INFO  c.n.c.sources.URLConfigurationSource -To enable URLs as dynamic configuration sources, define System property archaius.configurationSource.additionalUrls or make config.properties available on classpath.
2019-03-17 13:44:59.469 [main] INFO  o.s.j.e.a.AnnotationMBeanExporter -Registering beans for JMX exposure on startup
2019-03-17 13:44:59.479 [main] INFO  o.s.j.e.a.AnnotationMBeanExporter -Bean with name 'environmentManager' has been autodetected for JMX exposure
2019-03-17 13:44:59.479 [main] INFO  o.s.j.e.a.AnnotationMBeanExporter -Bean with name 'configurationPropertiesRebinder' has been autodetected for JMX exposure
2019-03-17 13:44:59.479 [main] INFO  o.s.j.e.a.AnnotationMBeanExporter -Bean with name 'refreshScope' has been autodetected for JMX exposure
2019-03-17 13:44:59.479 [main] INFO  o.s.j.e.a.AnnotationMBeanExporter -Located managed bean 'environmentManager': registering with JMX server as MBean [org.springframework.cloud.context.environment:name=environmentManager,type=EnvironmentManager]
2019-03-17 13:44:59.490 [main] INFO  o.s.j.e.a.AnnotationMBeanExporter -Located managed bean 'refreshScope': registering with JMX server as MBean [org.springframework.cloud.context.scope.refresh:name=refreshScope,type=RefreshScope]
2019-03-17 13:44:59.499 [main] INFO  o.s.j.e.a.AnnotationMBeanExporter -Located managed bean 'configurationPropertiesRebinder': registering with JMX server as MBean [org.springframework.cloud.context.properties:name=configurationPropertiesRebinder,context=2c42b421,type=ConfigurationPropertiesRebinder]
2019-03-17 13:44:59.504 [main] INFO  o.s.c.s.DefaultLifecycleProcessor -Starting beans in phase 0
2019-03-17 13:44:59.504 [main] INFO  o.s.c.n.eureka.InstanceInfoFactory -Setting initial instance status as: STARTING
2019-03-17 13:44:59.540 [main] INFO  c.netflix.discovery.DiscoveryClient -Initializing Eureka in region us-east-1
2019-03-17 13:44:59.763 [main] INFO  c.n.d.p.DiscoveryJerseyProvider -Using JSON encoding codec LegacyJacksonJson
2019-03-17 13:44:59.763 [main] INFO  c.n.d.p.DiscoveryJerseyProvider -Using JSON decoding codec LegacyJacksonJson
2019-03-17 13:44:59.846 [main] INFO  c.n.d.p.DiscoveryJerseyProvider -Using XML encoding codec XStreamXml
2019-03-17 13:44:59.847 [main] INFO  c.n.d.p.DiscoveryJerseyProvider -Using XML decoding codec XStreamXml
2019-03-17 13:44:59.997 [main] INFO  c.n.d.s.r.aws.ConfigClusterResolver -Resolving eureka endpoints via configuration
2019-03-17 13:45:00.088 [main] INFO  c.netflix.discovery.DiscoveryClient -Disable delta property : false
2019-03-17 13:45:00.089 [main] INFO  c.netflix.discovery.DiscoveryClient -Single vip registry refresh property : null
2019-03-17 13:45:00.089 [main] INFO  c.netflix.discovery.DiscoveryClient -Force full registry fetch : false
2019-03-17 13:45:00.089 [main] INFO  c.netflix.discovery.DiscoveryClient -Application is null : false
2019-03-17 13:45:00.089 [main] INFO  c.netflix.discovery.DiscoveryClient -Registered Applications size is zero : true
2019-03-17 13:45:00.089 [main] INFO  c.netflix.discovery.DiscoveryClient -Application version is -1: true
2019-03-17 13:45:00.089 [main] INFO  c.netflix.discovery.DiscoveryClient -Getting all instance registry info from the eureka server
2019-03-17 13:45:00.208 [main] INFO  c.netflix.discovery.DiscoveryClient -The response status is 200
2019-03-17 13:45:00.210 [main] INFO  c.netflix.discovery.DiscoveryClient -Starting heartbeat executor: renew interval is: 30
2019-03-17 13:45:00.211 [main] INFO  c.n.discovery.InstanceInfoReplicator -InstanceInfoReplicator onDemand update allowed rate per min is 4
2019-03-17 13:45:00.214 [main] INFO  c.netflix.discovery.DiscoveryClient -Discovery Client initialized at timestamp 1552801500213 with initial instances count: 2
2019-03-17 13:45:00.217 [main] INFO  o.s.c.n.e.s.EurekaServiceRegistry -Registering application consumer with eureka with status UP
2019-03-17 13:45:00.218 [main] INFO  c.netflix.discovery.DiscoveryClient -Saw local status change event StatusChangeEvent [timestamp=1552801500218, current=UP, previous=STARTING]
2019-03-17 13:45:00.219 [DiscoveryClient-InstanceInfoReplicator-0] INFO  c.netflix.discovery.DiscoveryClient -DiscoveryClient_CONSUMER/localhost:consumer:8011: registering service...
2019-03-17 13:45:00.223 [main] INFO  o.s.c.s.DefaultLifecycleProcessor -Starting beans in phase 2147483647
2019-03-17 13:45:00.223 [main] INFO  s.d.s.w.p.DocumentationPluginsBootstrapper -Context refreshed
2019-03-17 13:45:00.241 [main] INFO  s.d.s.w.p.DocumentationPluginsBootstrapper -Found 1 custom documentation plugin(s)
2019-03-17 13:45:00.256 [main] INFO  s.d.s.w.s.ApiListingReferenceScanner -Scanning for api listing references
2019-03-17 13:45:00.256 [DiscoveryClient-InstanceInfoReplicator-0] INFO  c.netflix.discovery.DiscoveryClient -DiscoveryClient_CONSUMER/localhost:consumer:8011 - registration status: 204
2019-03-17 13:45:00.356 [main] INFO  o.a.coyote.http11.Http11NioProtocol -Starting ProtocolHandler ["http-nio-8011"]
2019-03-17 13:45:00.364 [main] INFO  o.a.tomcat.util.net.NioSelectorPool -Using a shared selector for servlet write/read
2019-03-17 13:45:00.374 [main] INFO  o.s.b.w.e.tomcat.TomcatWebServer -Tomcat started on port(s): 8011 (http) with context path ''
2019-03-17 13:45:00.374 [main] INFO  o.s.c.n.e.s.EurekaAutoServiceRegistration -Updating port to 8011
2019-03-17 13:45:00.374 [main] INFO  com.lft.consumer.ConsumerApplication -Started ConsumerApplication in 9.226 seconds (JVM running for 10.14)
2019-03-17 13:45:00.858 [RMI TCP Connection(2)-192.168.218.1] INFO  o.a.c.c.C.[Tomcat].[localhost].[/] -Initializing Spring FrameworkServlet 'dispatcherServlet'
2019-03-17 13:45:00.858 [RMI TCP Connection(2)-192.168.218.1] INFO  o.s.web.servlet.DispatcherServlet -FrameworkServlet 'dispatcherServlet': initialization started
2019-03-17 13:45:00.874 [RMI TCP Connection(2)-192.168.218.1] INFO  o.s.web.servlet.DispatcherServlet -FrameworkServlet 'dispatcherServlet': initialization completed in 16 ms
2019-03-17 13:46:16.403 [http-nio-8011-exec-5] INFO  o.s.c.a.AnnotationConfigApplicationContext -Refreshing SpringClientFactory-provider: startup date [Sun Mar 17 13:46:16 CST 2019]; parent: org.springframework.boot.web.servlet.context.AnnotationConfigServletWebServerApplicationContext@2c42b421
2019-03-17 13:46:16.443 [http-nio-8011-exec-5] INFO  o.s.b.f.a.AutowiredAnnotationBeanPostProcessor -JSR-330 'javax.inject.Inject' annotation found and supported for autowiring
2019-03-17 13:46:16.606 [http-nio-8011-exec-5] INFO  c.n.config.ChainedDynamicProperty -Flipping property: provider.ribbon.ActiveConnectionsLimit to use NEXT property: niws.loadbalancer.availabilityFilteringRule.activeConnectionsLimit = 2147483647
2019-03-17 13:46:16.622 [http-nio-8011-exec-5] INFO  c.n.u.c.ShutdownEnabledTimer -Shutdown hook installed for: NFLoadBalancer-PingTimer-provider
2019-03-17 13:46:16.625 [http-nio-8011-exec-5] INFO  c.n.loadbalancer.BaseLoadBalancer -Client: provider instantiated a LoadBalancer: DynamicServerListLoadBalancer:{NFLoadBalancer:name=provider,current list of Servers=[],Load balancer stats=Zone stats: {},Server stats: []}ServerList:null
2019-03-17 13:46:16.628 [http-nio-8011-exec-5] INFO  c.n.l.DynamicServerListLoadBalancer -Using serverListUpdater PollingServerListUpdater
2019-03-17 13:46:16.638 [http-nio-8011-exec-5] INFO  c.n.config.ChainedDynamicProperty -Flipping property: provider.ribbon.ActiveConnectionsLimit to use NEXT property: niws.loadbalancer.availabilityFilteringRule.activeConnectionsLimit = 2147483647
2019-03-17 13:46:16.639 [http-nio-8011-exec-5] INFO  c.n.l.DynamicServerListLoadBalancer -DynamicServerListLoadBalancer for client provider initialized: DynamicServerListLoadBalancer:{NFLoadBalancer:name=provider,current list of Servers=[192.168.40.1:8012],Load balancer stats=Zone stats: {defaultzone=[Zone:defaultzone;	Instance count:1;	Active connections count: 0;	Circuit breaker tripped count: 0;	Active connections per server: 0.0;]
},Server stats: [[Server:192.168.40.1:8012;	Zone:defaultZone;	Total Requests:0;	Successive connection failure:0;	Total blackout seconds:0;	Last connection made:Thu Jan 01 08:00:00 CST 1970;	First connection made: Thu Jan 01 08:00:00 CST 1970;	Active Connections:0;	total failure count in last (1000) msecs:0;	average resp time:0.0;	90 percentile resp time:0.0;	95 percentile resp time:0.0;	min resp time:0.0;	max resp time:0.0;	stddev resp time:0.0]
]}ServerList:org.springframework.cloud.netflix.ribbon.eureka.DomainExtractingServerList@7ada1b9
2019-03-17 13:46:17.644 [PollingServerListUpdater-0] INFO  c.n.config.ChainedDynamicProperty -Flipping property: provider.ribbon.ActiveConnectionsLimit to use NEXT property: niws.loadbalancer.availabilityFilteringRule.activeConnectionsLimit = 2147483647
2019-03-17 13:50:00.091 [AsyncResolver-bootstrap-executor-0] INFO  c.n.d.s.r.aws.ConfigClusterResolver -Resolving eureka endpoints via configuration
2019-03-17 13:55:00.096 [AsyncResolver-bootstrap-executor-0] INFO  c.n.d.s.r.aws.ConfigClusterResolver -Resolving eureka endpoints via configuration
2019-03-17 14:00:00.109 [AsyncResolver-bootstrap-executor-0] INFO  c.n.d.s.r.aws.ConfigClusterResolver -Resolving eureka endpoints via configuration
