2019-03-17 13:44:47.186 [main] INFO  o.s.c.a.AnnotationConfigApplicationContext -Refreshing org.springframework.context.annotation.AnnotationConfigApplicationContext@fc258b1: startup date [Sun Mar 17 13:44:47 CST 2019]; root of context hierarchy
2019-03-17 13:44:47.364 [main] INFO  o.s.b.f.a.AutowiredAnnotationBeanPostProcessor -JSR-330 'javax.inject.Inject' annotation found and supported for autowiring
2019-03-17 13:44:47.394 [main] INFO  o.s.c.s.PostProcessorRegistrationDelegate$BeanPostProcessorChecker -Bean 'configurationPropertiesRebinderAutoConfiguration' of type [org.springframework.cloud.autoconfigure.ConfigurationPropertiesRebinderAutoConfiguration$$EnhancerBySpringCGLIB$$37db6acb] is not eligible for getting processed by all BeanPostProcessors (for example: not eligible for auto-proxying)
2019-03-17 13:44:48.995 [main] INFO  com.lft.provider.ProviderApplication -No active profile set, falling back to default profiles: default
2019-03-17 13:44:49.005 [main] INFO  o.s.b.w.s.c.AnnotationConfigServletWebServerApplicationContext -Refreshing org.springframework.boot.web.servlet.context.AnnotationConfigServletWebServerApplicationContext@4fcc529: startup date [Sun Mar 17 13:44:49 CST 2019]; parent: org.springframework.context.annotation.AnnotationConfigApplicationContext@fc258b1
2019-03-17 13:44:49.676 [main] INFO  o.s.cloud.context.scope.GenericScope -BeanFactory id=eb2547a9-c577-383c-b70d-e7ebdb36851a
2019-03-17 13:44:49.696 [main] INFO  o.s.b.f.a.AutowiredAnnotationBeanPostProcessor -JSR-330 'javax.inject.Inject' annotation found and supported for autowiring
2019-03-17 13:44:49.777 [main] INFO  o.s.c.s.PostProcessorRegistrationDelegate$BeanPostProcessorChecker -Bean 'org.springframework.cloud.autoconfigure.ConfigurationPropertiesRebinderAutoConfiguration' of type [org.springframework.cloud.autoconfigure.ConfigurationPropertiesRebinderAutoConfiguration$$EnhancerBySpringCGLIB$$37db6acb] is not eligible for getting processed by all BeanPostProcessors (for example: not eligible for auto-proxying)
2019-03-17 13:44:49.980 [main] INFO  o.s.b.w.e.tomcat.TomcatWebServer -Tomcat initialized with port(s): 8012 (http)
2019-03-17 13:44:49.992 [main] INFO  o.a.coyote.http11.Http11NioProtocol -Initializing ProtocolHandler ["http-nio-8012"]
2019-03-17 13:44:50.000 [main] INFO  o.a.catalina.core.StandardService -Starting service [Tomcat]
2019-03-17 13:44:50.001 [main] INFO  o.a.catalina.core.StandardEngine -Starting Servlet Engine: Apache Tomcat/8.5.31
2019-03-17 13:44:50.006 [localhost-startStop-1] INFO  o.a.c.core.AprLifecycleListener -The APR based Apache Tomcat Native library which allows optimal performance in production environments was not found on the java.library.path: [D:\jdk\bin;C:\Windows\Sun\Java\bin;C:\Windows\system32;C:\Windows;C:\Program Files (x86)\Common Files\Oracle\Java\javapath;C:\Windows\system32;C:\Windows;C:\Windows\System32\Wbem;C:\Windows\System32\WindowsPowerShell\v1.0\;C:\Windows\System32\OpenSSH\;D:\jdk\bin;D:\jdk\jre\bin;D:\maven\bin;D:\git\Git\cmd;C:\Users\Ryze\AppData\Local\Microsoft\WindowsApps;;.]
2019-03-17 13:44:50.114 [localhost-startStop-1] INFO  o.a.c.c.C.[Tomcat].[localhost].[/] -Initializing Spring embedded WebApplicationContext
2019-03-17 13:44:50.114 [localhost-startStop-1] INFO  o.s.web.context.ContextLoader -Root WebApplicationContext: initialization completed in 1109 ms
2019-03-17 13:44:50.348 [localhost-startStop-1] WARN  c.n.c.sources.URLConfigurationSource -No URLs will be polled as dynamic configuration sources.
2019-03-17 13:44:50.348 [localhost-startStop-1] INFO  c.n.c.sources.URLConfigurationSource -To enable URLs as dynamic configuration sources, define System property archaius.configurationSource.additionalUrls or make config.properties available on classpath.
2019-03-17 13:44:50.359 [localhost-startStop-1] INFO  c.n.config.DynamicPropertyFactory -DynamicPropertyFactory is initialized with configuration sources: com.netflix.config.ConcurrentCompositeConfiguration@317f18be
2019-03-17 13:44:51.849 [localhost-startStop-1] INFO  o.s.cloud.commons.util.InetUtils -Cannot determine local hostname
2019-03-17 13:44:53.019 [localhost-startStop-1] INFO  o.s.cloud.commons.util.InetUtils -Cannot determine local hostname
2019-03-17 13:44:53.369 [localhost-startStop-1] INFO  o.s.b.w.s.ServletRegistrationBean -Servlet dispatcherServlet mapped to [/]
2019-03-17 13:44:53.369 [localhost-startStop-1] INFO  o.s.b.w.s.FilterRegistrationBean -Mapping filter: 'characterEncodingFilter' to: [/*]
2019-03-17 13:44:53.369 [localhost-startStop-1] INFO  o.s.b.w.s.FilterRegistrationBean -Mapping filter: 'hiddenHttpMethodFilter' to: [/*]
2019-03-17 13:44:53.369 [localhost-startStop-1] INFO  o.s.b.w.s.FilterRegistrationBean -Mapping filter: 'httpPutFormContentFilter' to: [/*]
2019-03-17 13:44:53.369 [localhost-startStop-1] INFO  o.s.b.w.s.FilterRegistrationBean -Mapping filter: 'requestContextFilter' to: [/*]
2019-03-17 13:44:53.369 [localhost-startStop-1] INFO  o.s.b.w.s.FilterRegistrationBean -Mapping filter: 'httpTraceFilter' to: [/*]
2019-03-17 13:44:53.369 [localhost-startStop-1] INFO  o.s.b.w.s.FilterRegistrationBean -Mapping filter: 'webMvcMetricsFilter' to: [/*]
2019-03-17 13:44:53.421 [main] WARN  c.n.c.sources.URLConfigurationSource -No URLs will be polled as dynamic configuration sources.
2019-03-17 13:44:53.422 [main] INFO  c.n.c.sources.URLConfigurationSource -To enable URLs as dynamic configuration sources, define System property archaius.configurationSource.additionalUrls or make config.properties available on classpath.
2019-03-17 13:44:53.484 [main] INFO  o.s.w.s.h.SimpleUrlHandlerMapping -Mapped URL path [/**/favicon.ico] onto handler of type [class org.springframework.web.servlet.resource.ResourceHttpRequestHandler]
2019-03-17 13:44:53.634 [main] INFO  o.s.w.s.m.m.a.RequestMappingHandlerAdapter -Looking for @ControllerAdvice: org.springframework.boot.web.servlet.context.AnnotationConfigServletWebServerApplicationContext@4fcc529: startup date [Sun Mar 17 13:44:49 CST 2019]; parent: org.springframework.context.annotation.AnnotationConfigApplicationContext@fc258b1
2019-03-17 13:44:53.691 [main] INFO  o.s.w.s.m.m.a.RequestMappingHandlerMapping -Mapped "{[/uploadFile/server],methods=[POST],consumes=[multipart/form-data]}" onto public java.lang.String com.lft.provider.controller.FeignUploadController.fileUploadServer(org.springframework.web.multipart.MultipartFile) throws java.lang.Exception
2019-03-17 13:44:53.692 [main] INFO  o.s.w.s.m.m.a.RequestMappingHandlerMapping -Mapped "{[/user/add],methods=[GET]}" onto public java.lang.String com.lft.provider.controller.UserController.addUser(com.lft.provider.entity.User)
2019-03-17 13:44:53.692 [main] INFO  o.s.w.s.m.m.a.RequestMappingHandlerMapping -Mapped "{[/user/update],methods=[POST]}" onto public java.lang.String com.lft.provider.controller.UserController.updateUser(com.lft.provider.entity.User)
2019-03-17 13:44:53.693 [main] INFO  o.s.w.s.m.m.a.RequestMappingHandlerMapping -Mapped "{[/error]}" onto public org.springframework.http.ResponseEntity<java.util.Map<java.lang.String, java.lang.Object>> org.springframework.boot.autoconfigure.web.servlet.error.BasicErrorController.error(javax.servlet.http.HttpServletRequest)
2019-03-17 13:44:53.694 [main] INFO  o.s.w.s.m.m.a.RequestMappingHandlerMapping -Mapped "{[/error],produces=[text/html]}" onto public org.springframework.web.servlet.ModelAndView org.springframework.boot.autoconfigure.web.servlet.error.BasicErrorController.errorHtml(javax.servlet.http.HttpServletRequest,javax.servlet.http.HttpServletResponse)
2019-03-17 13:44:53.717 [main] INFO  o.s.w.s.h.SimpleUrlHandlerMapping -Mapped URL path [/webjars/**] onto handler of type [class org.springframework.web.servlet.resource.ResourceHttpRequestHandler]
2019-03-17 13:44:53.717 [main] INFO  o.s.w.s.h.SimpleUrlHandlerMapping -Mapped URL path [/**] onto handler of type [class org.springframework.web.servlet.resource.ResourceHttpRequestHandler]
2019-03-17 13:44:54.084 [main] INFO  o.s.b.a.e.web.EndpointLinksResolver -Exposing 2 endpoint(s) beneath base path '/actuator'
2019-03-17 13:44:54.104 [main] INFO  o.s.b.a.e.w.s.WebMvcEndpointHandlerMapping -Mapped "{[/actuator/health],methods=[GET],produces=[application/vnd.spring-boot.actuator.v2+json || application/json]}" onto public java.lang.Object org.springframework.boot.actuate.endpoint.web.servlet.AbstractWebMvcEndpointHandlerMapping$OperationHandler.handle(javax.servlet.http.HttpServletRequest,java.util.Map<java.lang.String, java.lang.String>)
2019-03-17 13:44:54.104 [main] INFO  o.s.b.a.e.w.s.WebMvcEndpointHandlerMapping -Mapped "{[/actuator/info],methods=[GET],produces=[application/vnd.spring-boot.actuator.v2+json || application/json]}" onto public java.lang.Object org.springframework.boot.actuate.endpoint.web.servlet.AbstractWebMvcEndpointHandlerMapping$OperationHandler.handle(javax.servlet.http.HttpServletRequest,java.util.Map<java.lang.String, java.lang.String>)
2019-03-17 13:44:54.104 [main] INFO  o.s.b.a.e.w.s.WebMvcEndpointHandlerMapping -Mapped "{[/actuator],methods=[GET],produces=[application/vnd.spring-boot.actuator.v2+json || application/json]}" onto protected java.util.Map<java.lang.String, java.util.Map<java.lang.String, org.springframework.boot.actuate.endpoint.web.Link>> org.springframework.boot.actuate.endpoint.web.servlet.WebMvcEndpointHandlerMapping.links(javax.servlet.http.HttpServletRequest,javax.servlet.http.HttpServletResponse)
2019-03-17 13:44:54.149 [main] INFO  o.s.j.e.a.AnnotationMBeanExporter -Registering beans for JMX exposure on startup
2019-03-17 13:44:54.156 [main] INFO  o.s.j.e.a.AnnotationMBeanExporter -Bean with name 'environmentManager' has been autodetected for JMX exposure
2019-03-17 13:44:54.157 [main] INFO  o.s.j.e.a.AnnotationMBeanExporter -Bean with name 'configurationPropertiesRebinder' has been autodetected for JMX exposure
2019-03-17 13:44:54.157 [main] INFO  o.s.j.e.a.AnnotationMBeanExporter -Bean with name 'refreshScope' has been autodetected for JMX exposure
2019-03-17 13:44:54.159 [main] INFO  o.s.j.e.a.AnnotationMBeanExporter -Located managed bean 'environmentManager': registering with JMX server as MBean [org.springframework.cloud.context.environment:name=environmentManager,type=EnvironmentManager]
2019-03-17 13:44:54.168 [main] INFO  o.s.j.e.a.AnnotationMBeanExporter -Located managed bean 'refreshScope': registering with JMX server as MBean [org.springframework.cloud.context.scope.refresh:name=refreshScope,type=RefreshScope]
2019-03-17 13:44:54.177 [main] INFO  o.s.j.e.a.AnnotationMBeanExporter -Located managed bean 'configurationPropertiesRebinder': registering with JMX server as MBean [org.springframework.cloud.context.properties:name=configurationPropertiesRebinder,context=4fcc529,type=ConfigurationPropertiesRebinder]
2019-03-17 13:44:54.185 [main] INFO  o.s.c.s.DefaultLifecycleProcessor -Starting beans in phase 0
2019-03-17 13:44:54.185 [main] INFO  o.s.c.n.eureka.InstanceInfoFactory -Setting initial instance status as: STARTING
2019-03-17 13:44:54.219 [main] INFO  c.netflix.discovery.DiscoveryClient -Initializing Eureka in region us-east-1
2019-03-17 13:44:54.454 [main] INFO  c.n.d.p.DiscoveryJerseyProvider -Using JSON encoding codec LegacyJacksonJson
2019-03-17 13:44:54.454 [main] INFO  c.n.d.p.DiscoveryJerseyProvider -Using JSON decoding codec LegacyJacksonJson
2019-03-17 13:44:54.544 [main] INFO  c.n.d.p.DiscoveryJerseyProvider -Using XML encoding codec XStreamXml
2019-03-17 13:44:54.544 [main] INFO  c.n.d.p.DiscoveryJerseyProvider -Using XML decoding codec XStreamXml
2019-03-17 13:44:54.726 [main] INFO  c.n.d.s.r.aws.ConfigClusterResolver -Resolving eureka endpoints via configuration
2019-03-17 13:44:54.819 [main] INFO  c.netflix.discovery.DiscoveryClient -Disable delta property : false
2019-03-17 13:44:54.819 [main] INFO  c.netflix.discovery.DiscoveryClient -Single vip registry refresh property : null
2019-03-17 13:44:54.819 [main] INFO  c.netflix.discovery.DiscoveryClient -Force full registry fetch : false
2019-03-17 13:44:54.819 [main] INFO  c.netflix.discovery.DiscoveryClient -Application is null : false
2019-03-17 13:44:54.819 [main] INFO  c.netflix.discovery.DiscoveryClient -Registered Applications size is zero : true
2019-03-17 13:44:54.819 [main] INFO  c.netflix.discovery.DiscoveryClient -Application version is -1: true
2019-03-17 13:44:54.819 [main] INFO  c.netflix.discovery.DiscoveryClient -Getting all instance registry info from the eureka server
2019-03-17 13:44:54.960 [main] INFO  c.netflix.discovery.DiscoveryClient -The response status is 200
2019-03-17 13:44:54.962 [main] INFO  c.netflix.discovery.DiscoveryClient -Starting heartbeat executor: renew interval is: 30
2019-03-17 13:44:54.963 [main] INFO  c.n.discovery.InstanceInfoReplicator -InstanceInfoReplicator onDemand update allowed rate per min is 4
2019-03-17 13:44:54.966 [main] INFO  c.netflix.discovery.DiscoveryClient -Discovery Client initialized at timestamp 1552801494966 with initial instances count: 1
2019-03-17 13:44:54.970 [main] INFO  o.s.c.n.e.s.EurekaServiceRegistry -Registering application provider with eureka with status UP
2019-03-17 13:44:54.970 [main] INFO  c.netflix.discovery.DiscoveryClient -Saw local status change event StatusChangeEvent [timestamp=1552801494970, current=UP, previous=STARTING]
2019-03-17 13:44:54.971 [DiscoveryClient-InstanceInfoReplicator-0] INFO  c.netflix.discovery.DiscoveryClient -DiscoveryClient_PROVIDER/localhost:provider:8012: registering service...
2019-03-17 13:44:54.983 [main] INFO  o.a.coyote.http11.Http11NioProtocol -Starting ProtocolHandler ["http-nio-8012"]
2019-03-17 13:44:54.991 [main] INFO  o.a.tomcat.util.net.NioSelectorPool -Using a shared selector for servlet write/read
2019-03-17 13:44:55.003 [DiscoveryClient-InstanceInfoReplicator-0] INFO  c.netflix.discovery.DiscoveryClient -DiscoveryClient_PROVIDER/localhost:provider:8012 - registration status: 204
2019-03-17 13:44:55.007 [main] INFO  o.s.b.w.e.tomcat.TomcatWebServer -Tomcat started on port(s): 8012 (http) with context path ''
2019-03-17 13:44:55.008 [main] INFO  o.s.c.n.e.s.EurekaAutoServiceRegistration -Updating port to 8012
2019-03-17 13:44:55.010 [main] INFO  com.lft.provider.ProviderApplication -Started ProviderApplication in 9.444 seconds (JVM running for 10.213)
2019-03-17 13:44:55.392 [RMI TCP Connection(5)-192.168.218.1] INFO  o.a.c.c.C.[Tomcat].[localhost].[/] -Initializing Spring FrameworkServlet 'dispatcherServlet'
2019-03-17 13:44:55.393 [RMI TCP Connection(5)-192.168.218.1] INFO  o.s.web.servlet.DispatcherServlet -FrameworkServlet 'dispatcherServlet': initialization started
2019-03-17 13:44:55.406 [RMI TCP Connection(5)-192.168.218.1] INFO  o.s.web.servlet.DispatcherServlet -FrameworkServlet 'dispatcherServlet': initialization completed in 13 ms
2019-03-17 13:49:54.823 [AsyncResolver-bootstrap-executor-0] INFO  c.n.d.s.r.aws.ConfigClusterResolver -Resolving eureka endpoints via configuration
2019-03-17 13:54:54.827 [AsyncResolver-bootstrap-executor-0] INFO  c.n.d.s.r.aws.ConfigClusterResolver -Resolving eureka endpoints via configuration
2019-03-17 13:59:54.839 [AsyncResolver-bootstrap-executor-0] INFO  c.n.d.s.r.aws.ConfigClusterResolver -Resolving eureka endpoints via configuration
