2019-03-18 09:44:46.794 [main] INFO  o.s.c.a.AnnotationConfigApplicationContext -Refreshing org.springframework.context.annotation.AnnotationConfigApplicationContext@22c86919: startup date [Mon Mar 18 09:44:46 CST 2019]; root of context hierarchy
2019-03-18 09:44:47.008 [main] INFO  o.s.b.f.a.AutowiredAnnotationBeanPostProcessor -JSR-330 'javax.inject.Inject' annotation found and supported for autowiring
2019-03-18 09:44:47.059 [main] INFO  o.s.c.s.PostProcessorRegistrationDelegate$BeanPostProcessorChecker -Bean 'configurationPropertiesRebinderAutoConfiguration' of type [org.springframework.cloud.autoconfigure.ConfigurationPropertiesRebinderAutoConfiguration$$EnhancerBySpringCGLIB$$9b0abb4d] is not eligible for getting processed by all BeanPostProcessors (for example: not eligible for auto-proxying)
2019-03-18 09:44:47.688 [main] INFO  com.lft.consumer.ConsumerApplication -No active profile set, falling back to default profiles: default
2019-03-18 09:44:47.700 [main] INFO  o.s.b.w.s.c.AnnotationConfigServletWebServerApplicationContext -Refreshing org.springframework.boot.web.servlet.context.AnnotationConfigServletWebServerApplicationContext@1abc9f14: startup date [Mon Mar 18 09:44:47 CST 2019]; parent: org.springframework.context.annotation.AnnotationConfigApplicationContext@22c86919
2019-03-18 09:44:48.459 [main] INFO  o.s.cloud.context.scope.GenericScope -BeanFactory id=ef6f201b-7662-318f-b71a-0fd21d39a192
2019-03-18 09:44:48.474 [main] INFO  o.s.b.f.a.AutowiredAnnotationBeanPostProcessor -JSR-330 'javax.inject.Inject' annotation found and supported for autowiring
2019-03-18 09:44:48.556 [main] INFO  o.s.c.s.PostProcessorRegistrationDelegate$BeanPostProcessorChecker -Bean 'org.springframework.cloud.autoconfigure.ConfigurationPropertiesRebinderAutoConfiguration' of type [org.springframework.cloud.autoconfigure.ConfigurationPropertiesRebinderAutoConfiguration$$EnhancerBySpringCGLIB$$9b0abb4d] is not eligible for getting processed by all BeanPostProcessors (for example: not eligible for auto-proxying)
2019-03-18 09:44:48.809 [main] INFO  o.s.b.w.e.tomcat.TomcatWebServer -Tomcat initialized with port(s): 8011 (http)
2019-03-18 09:44:48.822 [main] INFO  o.a.coyote.http11.Http11NioProtocol -Initializing ProtocolHandler ["http-nio-8011"]
2019-03-18 09:44:48.833 [main] INFO  o.a.catalina.core.StandardService -Starting service [Tomcat]
2019-03-18 09:44:48.833 [main] INFO  o.a.catalina.core.StandardEngine -Starting Servlet Engine: Apache Tomcat/8.5.31
2019-03-18 09:44:48.838 [localhost-startStop-1] INFO  o.a.c.core.AprLifecycleListener -The APR based Apache Tomcat Native library which allows optimal performance in production environments was not found on the java.library.path: [D:\jdk10\bin;C:\WINDOWS\Sun\Java\bin;C:\WINDOWS\system32;C:\WINDOWS;D:\jdk10\bin;D:\jdk10\jre\bin;C:\WINDOWS\system32;C:\WINDOWS;C:\WINDOWS\System32\Wbem;C:\WINDOWS\System32\WindowsPowerShell\v1.0\;D:\git\Git\bin;C:\Program Files\MySQL\MySQL Server 5.7\bin;D:\nodejs\;D:\nodejs\node_modules\npm\bin;D:\scala\bin;D:\scala\jre\bin;D:\maven\bin;D:\gradle-4.7\bin;C:\WINDOWS\System32\OpenSSH\;D:\sbt\bin;D:\Gpg\Gpg4win\..\GnuPG\bin;D:\python2\Scripts\;D:\python2\;C:\Users\Ryze\AppData\Local\Microsoft\WindowsApps;C:\Users\Ryze\AppData\Roaming\npm;D:\visoCode\Microsoft VS Code\bin;D:\fiddler;C:\Users\Ryze\AppData\Local\Microsoft\WindowsApps;;.]
2019-03-18 09:44:48.979 [localhost-startStop-1] INFO  o.a.c.c.C.[Tomcat].[localhost].[/] -Initializing Spring embedded WebApplicationContext
2019-03-18 09:44:48.979 [localhost-startStop-1] INFO  o.s.web.context.ContextLoader -Root WebApplicationContext: initialization completed in 1279 ms
2019-03-18 09:44:49.075 [localhost-startStop-1] INFO  o.s.b.w.s.ServletRegistrationBean -Servlet dispatcherServlet mapped to [/]
2019-03-18 09:44:49.080 [localhost-startStop-1] INFO  o.s.b.w.s.FilterRegistrationBean -Mapping filter: 'characterEncodingFilter' to: [/*]
2019-03-18 09:44:49.119 [main] WARN  o.s.b.w.s.c.AnnotationConfigServletWebServerApplicationContext -Exception encountered during context initialization - cancelling refresh attempt: org.springframework.beans.factory.UnsatisfiedDependencyException: Error creating bean with name 'userController': Unsatisfied dependency expressed through field 'userService'; nested exception is org.springframework.beans.factory.NoSuchBeanDefinitionException: No qualifying bean of type 'com.lft.providerclient.service.UserService' available: expected at least 1 bean which qualifies as autowire candidate. Dependency annotations: {@org.springframework.beans.factory.annotation.Autowired(required=true)}
2019-03-18 09:44:49.119 [main] INFO  o.a.catalina.core.StandardService -Stopping service [Tomcat]
2019-03-18 09:44:49.134 [main] INFO  o.s.b.a.l.ConditionEvaluationReportLoggingListener -

Error starting ApplicationContext. To display the conditions report re-run your application with 'debug' enabled.
2019-03-18 09:44:49.240 [main] ERROR o.s.b.d.LoggingFailureAnalysisReporter -

***************************
APPLICATION FAILED TO START
***************************

Description:

Field userService in com.lft.consumer.controller.UserController required a bean of type 'com.lft.providerclient.service.UserService' that could not be found.


Action:

Consider defining a bean of type 'com.lft.providerclient.service.UserService' in your configuration.

2019-03-18 09:53:20.808 [main] INFO  o.s.c.a.AnnotationConfigApplicationContext -Refreshing org.springframework.context.annotation.AnnotationConfigApplicationContext@1536602f: startup date [Mon Mar 18 09:53:20 CST 2019]; root of context hierarchy
2019-03-18 09:53:20.987 [main] INFO  o.s.b.f.a.AutowiredAnnotationBeanPostProcessor -JSR-330 'javax.inject.Inject' annotation found and supported for autowiring
2019-03-18 09:53:21.024 [main] INFO  o.s.c.s.PostProcessorRegistrationDelegate$BeanPostProcessorChecker -Bean 'configurationPropertiesRebinderAutoConfiguration' of type [org.springframework.cloud.autoconfigure.ConfigurationPropertiesRebinderAutoConfiguration$$EnhancerBySpringCGLIB$$5721bcd] is not eligible for getting processed by all BeanPostProcessors (for example: not eligible for auto-proxying)
2019-03-18 09:53:21.637 [main] INFO  com.lft.consumer.ConsumerApplication -No active profile set, falling back to default profiles: default
2019-03-18 09:53:21.650 [main] INFO  o.s.b.w.s.c.AnnotationConfigServletWebServerApplicationContext -Refreshing org.springframework.boot.web.servlet.context.AnnotationConfigServletWebServerApplicationContext@178270b2: startup date [Mon Mar 18 09:53:21 CST 2019]; parent: org.springframework.context.annotation.AnnotationConfigApplicationContext@1536602f
2019-03-18 09:53:22.455 [main] INFO  o.s.cloud.context.scope.GenericScope -BeanFactory id=ef6f201b-7662-318f-b71a-0fd21d39a192
2019-03-18 09:53:22.472 [main] INFO  o.s.b.f.a.AutowiredAnnotationBeanPostProcessor -JSR-330 'javax.inject.Inject' annotation found and supported for autowiring
2019-03-18 09:53:22.584 [main] INFO  o.s.c.s.PostProcessorRegistrationDelegate$BeanPostProcessorChecker -Bean 'org.springframework.cloud.autoconfigure.ConfigurationPropertiesRebinderAutoConfiguration' of type [org.springframework.cloud.autoconfigure.ConfigurationPropertiesRebinderAutoConfiguration$$EnhancerBySpringCGLIB$$5721bcd] is not eligible for getting processed by all BeanPostProcessors (for example: not eligible for auto-proxying)
2019-03-18 09:53:22.841 [main] INFO  o.s.b.w.e.tomcat.TomcatWebServer -Tomcat initialized with port(s): 8011 (http)
2019-03-18 09:53:22.856 [main] INFO  o.a.coyote.http11.Http11NioProtocol -Initializing ProtocolHandler ["http-nio-8011"]
2019-03-18 09:53:22.867 [main] INFO  o.a.catalina.core.StandardService -Starting service [Tomcat]
2019-03-18 09:53:22.868 [main] INFO  o.a.catalina.core.StandardEngine -Starting Servlet Engine: Apache Tomcat/8.5.31
2019-03-18 09:53:22.873 [localhost-startStop-1] INFO  o.a.c.core.AprLifecycleListener -The APR based Apache Tomcat Native library which allows optimal performance in production environments was not found on the java.library.path: [D:\jdk10\bin;C:\WINDOWS\Sun\Java\bin;C:\WINDOWS\system32;C:\WINDOWS;D:\jdk10\bin;D:\jdk10\jre\bin;C:\WINDOWS\system32;C:\WINDOWS;C:\WINDOWS\System32\Wbem;C:\WINDOWS\System32\WindowsPowerShell\v1.0\;D:\git\Git\bin;C:\Program Files\MySQL\MySQL Server 5.7\bin;D:\nodejs\;D:\nodejs\node_modules\npm\bin;D:\scala\bin;D:\scala\jre\bin;D:\maven\bin;D:\gradle-4.7\bin;C:\WINDOWS\System32\OpenSSH\;D:\sbt\bin;D:\Gpg\Gpg4win\..\GnuPG\bin;D:\python2\Scripts\;D:\python2\;C:\Users\Ryze\AppData\Local\Microsoft\WindowsApps;C:\Users\Ryze\AppData\Roaming\npm;D:\visoCode\Microsoft VS Code\bin;D:\fiddler;C:\Users\Ryze\AppData\Local\Microsoft\WindowsApps;;.]
2019-03-18 09:53:23.026 [localhost-startStop-1] INFO  o.a.c.c.C.[Tomcat].[localhost].[/] -Initializing Spring embedded WebApplicationContext
2019-03-18 09:53:23.026 [localhost-startStop-1] INFO  o.s.web.context.ContextLoader -Root WebApplicationContext: initialization completed in 1376 ms
2019-03-18 09:53:23.135 [localhost-startStop-1] INFO  o.s.b.w.s.ServletRegistrationBean -Servlet dispatcherServlet mapped to [/]
2019-03-18 09:53:23.141 [localhost-startStop-1] INFO  o.s.b.w.s.FilterRegistrationBean -Mapping filter: 'characterEncodingFilter' to: [/*]
2019-03-18 09:53:23.186 [main] WARN  o.s.b.w.s.c.AnnotationConfigServletWebServerApplicationContext -Exception encountered during context initialization - cancelling refresh attempt: org.springframework.beans.factory.UnsatisfiedDependencyException: Error creating bean with name 'userController': Unsatisfied dependency expressed through field 'userService'; nested exception is org.springframework.beans.factory.NoSuchBeanDefinitionException: No qualifying bean of type 'com.lft.providerclient.service.UserService' available: expected at least 1 bean which qualifies as autowire candidate. Dependency annotations: {@org.springframework.beans.factory.annotation.Autowired(required=true)}
2019-03-18 09:53:23.187 [main] INFO  o.a.catalina.core.StandardService -Stopping service [Tomcat]
2019-03-18 09:53:23.203 [main] INFO  o.s.b.a.l.ConditionEvaluationReportLoggingListener -

Error starting ApplicationContext. To display the conditions report re-run your application with 'debug' enabled.
2019-03-18 09:53:23.319 [main] ERROR o.s.b.d.LoggingFailureAnalysisReporter -

***************************
APPLICATION FAILED TO START
***************************

Description:

Field userService in com.lft.consumer.controller.UserController required a bean of type 'com.lft.providerclient.service.UserService' that could not be found.


Action:

Consider defining a bean of type 'com.lft.providerclient.service.UserService' in your configuration.

2019-03-18 10:30:20.988 [main] INFO  o.s.c.a.AnnotationConfigApplicationContext -Refreshing org.springframework.context.annotation.AnnotationConfigApplicationContext@2f162cc0: startup date [Mon Mar 18 10:30:20 CST 2019]; root of context hierarchy
2019-03-18 10:30:21.162 [main] INFO  o.s.b.f.a.AutowiredAnnotationBeanPostProcessor -JSR-330 'javax.inject.Inject' annotation found and supported for autowiring
2019-03-18 10:30:21.194 [main] INFO  o.s.c.s.PostProcessorRegistrationDelegate$BeanPostProcessorChecker -Bean 'configurationPropertiesRebinderAutoConfiguration' of type [org.springframework.cloud.autoconfigure.ConfigurationPropertiesRebinderAutoConfiguration$$EnhancerBySpringCGLIB$$262102ca] is not eligible for getting processed by all BeanPostProcessors (for example: not eligible for auto-proxying)
2019-03-18 10:30:21.804 [main] INFO  com.lft.consumer.ConsumerApplication -No active profile set, falling back to default profiles: default
2019-03-18 10:30:21.818 [main] INFO  o.s.b.w.s.c.AnnotationConfigServletWebServerApplicationContext -Refreshing org.springframework.boot.web.servlet.context.AnnotationConfigServletWebServerApplicationContext@2d2acd89: startup date [Mon Mar 18 10:30:21 CST 2019]; parent: org.springframework.context.annotation.AnnotationConfigApplicationContext@2f162cc0
2019-03-18 10:30:22.634 [main] INFO  o.s.cloud.context.scope.GenericScope -BeanFactory id=ef6f201b-7662-318f-b71a-0fd21d39a192
2019-03-18 10:30:22.660 [main] INFO  o.s.b.f.a.AutowiredAnnotationBeanPostProcessor -JSR-330 'javax.inject.Inject' annotation found and supported for autowiring
2019-03-18 10:30:22.740 [main] INFO  o.s.c.s.PostProcessorRegistrationDelegate$BeanPostProcessorChecker -Bean 'org.springframework.cloud.autoconfigure.ConfigurationPropertiesRebinderAutoConfiguration' of type [org.springframework.cloud.autoconfigure.ConfigurationPropertiesRebinderAutoConfiguration$$EnhancerBySpringCGLIB$$262102ca] is not eligible for getting processed by all BeanPostProcessors (for example: not eligible for auto-proxying)
2019-03-18 10:30:22.988 [main] INFO  o.s.b.w.e.tomcat.TomcatWebServer -Tomcat initialized with port(s): 8011 (http)
2019-03-18 10:30:23.001 [main] INFO  o.a.coyote.http11.Http11NioProtocol -Initializing ProtocolHandler ["http-nio-8011"]
2019-03-18 10:30:23.012 [main] INFO  o.a.catalina.core.StandardService -Starting service [Tomcat]
2019-03-18 10:30:23.012 [main] INFO  o.a.catalina.core.StandardEngine -Starting Servlet Engine: Apache Tomcat/8.5.31
2019-03-18 10:30:23.018 [localhost-startStop-1] INFO  o.a.c.core.AprLifecycleListener -The APR based Apache Tomcat Native library which allows optimal performance in production environments was not found on the java.library.path: [D:\jdk10\bin;C:\WINDOWS\Sun\Java\bin;C:\WINDOWS\system32;C:\WINDOWS;D:\jdk10\bin;D:\jdk10\jre\bin;C:\WINDOWS\system32;C:\WINDOWS;C:\WINDOWS\System32\Wbem;C:\WINDOWS\System32\WindowsPowerShell\v1.0\;D:\git\Git\bin;C:\Program Files\MySQL\MySQL Server 5.7\bin;D:\nodejs\;D:\nodejs\node_modules\npm\bin;D:\scala\bin;D:\scala\jre\bin;D:\maven\bin;D:\gradle-4.7\bin;C:\WINDOWS\System32\OpenSSH\;D:\sbt\bin;D:\Gpg\Gpg4win\..\GnuPG\bin;D:\python2\Scripts\;D:\python2\;C:\Users\Ryze\AppData\Local\Microsoft\WindowsApps;C:\Users\Ryze\AppData\Roaming\npm;D:\visoCode\Microsoft VS Code\bin;D:\fiddler;C:\Users\Ryze\AppData\Local\Microsoft\WindowsApps;;.]
2019-03-18 10:30:23.167 [localhost-startStop-1] INFO  o.a.c.c.C.[Tomcat].[localhost].[/] -Initializing Spring embedded WebApplicationContext
2019-03-18 10:30:23.167 [localhost-startStop-1] INFO  o.s.web.context.ContextLoader -Root WebApplicationContext: initialization completed in 1349 ms
2019-03-18 10:30:23.270 [localhost-startStop-1] INFO  o.s.b.w.s.ServletRegistrationBean -Servlet dispatcherServlet mapped to [/]
2019-03-18 10:30:23.275 [localhost-startStop-1] INFO  o.s.b.w.s.FilterRegistrationBean -Mapping filter: 'characterEncodingFilter' to: [/*]
2019-03-18 10:30:23.323 [main] WARN  o.s.b.w.s.c.AnnotationConfigServletWebServerApplicationContext -Exception encountered during context initialization - cancelling refresh attempt: org.springframework.beans.factory.UnsatisfiedDependencyException: Error creating bean with name 'userController': Unsatisfied dependency expressed through field 'userService'; nested exception is org.springframework.beans.factory.NoSuchBeanDefinitionException: No qualifying bean of type 'com.lft.providerclient.service.UserService' available: expected at least 1 bean which qualifies as autowire candidate. Dependency annotations: {@org.springframework.beans.factory.annotation.Autowired(required=true)}
2019-03-18 10:30:23.323 [main] INFO  o.a.catalina.core.StandardService -Stopping service [Tomcat]
2019-03-18 10:30:23.339 [main] INFO  o.s.b.a.l.ConditionEvaluationReportLoggingListener -

Error starting ApplicationContext. To display the conditions report re-run your application with 'debug' enabled.
2019-03-18 10:30:23.455 [main] ERROR o.s.b.d.LoggingFailureAnalysisReporter -

***************************
APPLICATION FAILED TO START
***************************

Description:

Field userService in com.lft.consumer.controller.UserController required a bean of type 'com.lft.providerclient.service.UserService' that could not be found.


Action:

Consider defining a bean of type 'com.lft.providerclient.service.UserService' in your configuration.

2019-03-18 10:40:34.139 [main] INFO  o.s.c.a.AnnotationConfigApplicationContext -Refreshing org.springframework.context.annotation.AnnotationConfigApplicationContext@7756c3cd: startup date [Mon Mar 18 10:40:34 CST 2019]; root of context hierarchy
2019-03-18 10:40:34.324 [main] INFO  o.s.b.f.a.AutowiredAnnotationBeanPostProcessor -JSR-330 'javax.inject.Inject' annotation found and supported for autowiring
2019-03-18 10:40:34.364 [main] INFO  o.s.c.s.PostProcessorRegistrationDelegate$BeanPostProcessorChecker -Bean 'configurationPropertiesRebinderAutoConfiguration' of type [org.springframework.cloud.autoconfigure.ConfigurationPropertiesRebinderAutoConfiguration$$EnhancerBySpringCGLIB$$bdcf465b] is not eligible for getting processed by all BeanPostProcessors (for example: not eligible for auto-proxying)
2019-03-18 10:40:34.963 [main] INFO  com.lft.consumer.ConsumerApplication -No active profile set, falling back to default profiles: default
2019-03-18 10:40:34.973 [main] INFO  o.s.b.w.s.c.AnnotationConfigServletWebServerApplicationContext -Refreshing org.springframework.boot.web.servlet.context.AnnotationConfigServletWebServerApplicationContext@72209d93: startup date [Mon Mar 18 10:40:34 CST 2019]; parent: org.springframework.context.annotation.AnnotationConfigApplicationContext@7756c3cd
2019-03-18 10:40:35.676 [main] INFO  o.s.cloud.context.scope.GenericScope -BeanFactory id=ef6f201b-7662-318f-b71a-0fd21d39a192
2019-03-18 10:40:35.692 [main] INFO  o.s.b.f.a.AutowiredAnnotationBeanPostProcessor -JSR-330 'javax.inject.Inject' annotation found and supported for autowiring
2019-03-18 10:40:35.764 [main] INFO  o.s.c.s.PostProcessorRegistrationDelegate$BeanPostProcessorChecker -Bean 'org.springframework.cloud.autoconfigure.ConfigurationPropertiesRebinderAutoConfiguration' of type [org.springframework.cloud.autoconfigure.ConfigurationPropertiesRebinderAutoConfiguration$$EnhancerBySpringCGLIB$$bdcf465b] is not eligible for getting processed by all BeanPostProcessors (for example: not eligible for auto-proxying)
2019-03-18 10:40:36.013 [main] INFO  o.s.b.w.e.tomcat.TomcatWebServer -Tomcat initialized with port(s): 8011 (http)
2019-03-18 10:40:36.026 [main] INFO  o.a.coyote.http11.Http11NioProtocol -Initializing ProtocolHandler ["http-nio-8011"]
2019-03-18 10:40:36.036 [main] INFO  o.a.catalina.core.StandardService -Starting service [Tomcat]
2019-03-18 10:40:36.036 [main] INFO  o.a.catalina.core.StandardEngine -Starting Servlet Engine: Apache Tomcat/8.5.31
2019-03-18 10:40:36.040 [localhost-startStop-1] INFO  o.a.c.core.AprLifecycleListener -The APR based Apache Tomcat Native library which allows optimal performance in production environments was not found on the java.library.path: [D:\jdk10\bin;C:\WINDOWS\Sun\Java\bin;C:\WINDOWS\system32;C:\WINDOWS;D:\jdk10\bin;D:\jdk10\jre\bin;C:\WINDOWS\system32;C:\WINDOWS;C:\WINDOWS\System32\Wbem;C:\WINDOWS\System32\WindowsPowerShell\v1.0\;D:\git\Git\bin;C:\Program Files\MySQL\MySQL Server 5.7\bin;D:\nodejs\;D:\nodejs\node_modules\npm\bin;D:\scala\bin;D:\scala\jre\bin;D:\maven\bin;D:\gradle-4.7\bin;C:\WINDOWS\System32\OpenSSH\;D:\sbt\bin;D:\Gpg\Gpg4win\..\GnuPG\bin;D:\python2\Scripts\;D:\python2\;C:\Users\Ryze\AppData\Local\Microsoft\WindowsApps;C:\Users\Ryze\AppData\Roaming\npm;D:\visoCode\Microsoft VS Code\bin;D:\fiddler;C:\Users\Ryze\AppData\Local\Microsoft\WindowsApps;;.]
2019-03-18 10:40:36.178 [localhost-startStop-1] INFO  o.a.c.c.C.[Tomcat].[localhost].[/] -Initializing Spring embedded WebApplicationContext
2019-03-18 10:40:36.179 [localhost-startStop-1] INFO  o.s.web.context.ContextLoader -Root WebApplicationContext: initialization completed in 1206 ms
2019-03-18 10:40:36.263 [localhost-startStop-1] INFO  o.s.b.w.s.ServletRegistrationBean -Servlet dispatcherServlet mapped to [/]
2019-03-18 10:40:36.267 [localhost-startStop-1] INFO  o.s.b.w.s.FilterRegistrationBean -Mapping filter: 'characterEncodingFilter' to: [/*]
2019-03-18 10:40:36.307 [main] WARN  o.s.b.w.s.c.AnnotationConfigServletWebServerApplicationContext -Exception encountered during context initialization - cancelling refresh attempt: org.springframework.beans.factory.UnsatisfiedDependencyException: Error creating bean with name 'userController': Unsatisfied dependency expressed through field 'userService'; nested exception is org.springframework.beans.factory.NoSuchBeanDefinitionException: No qualifying bean of type 'com.lft.providerclient.service.UserService' available: expected at least 1 bean which qualifies as autowire candidate. Dependency annotations: {@org.springframework.beans.factory.annotation.Autowired(required=true)}
2019-03-18 10:40:36.307 [main] INFO  o.a.catalina.core.StandardService -Stopping service [Tomcat]
2019-03-18 10:40:36.321 [main] INFO  o.s.b.a.l.ConditionEvaluationReportLoggingListener -

Error starting ApplicationContext. To display the conditions report re-run your application with 'debug' enabled.
2019-03-18 10:40:36.428 [main] ERROR o.s.b.d.LoggingFailureAnalysisReporter -

***************************
APPLICATION FAILED TO START
***************************

Description:

Field userService in com.lft.consumer.controller.UserController required a bean of type 'com.lft.providerclient.service.UserService' that could not be found.


Action:

Consider defining a bean of type 'com.lft.providerclient.service.UserService' in your configuration.

2019-03-18 10:59:53.741 [main] INFO  o.s.c.a.AnnotationConfigApplicationContext -Refreshing org.springframework.context.annotation.AnnotationConfigApplicationContext@2488b073: startup date [Mon Mar 18 10:59:53 CST 2019]; root of context hierarchy
2019-03-18 10:59:53.922 [main] INFO  o.s.b.f.a.AutowiredAnnotationBeanPostProcessor -JSR-330 'javax.inject.Inject' annotation found and supported for autowiring
2019-03-18 10:59:53.956 [main] INFO  o.s.c.s.PostProcessorRegistrationDelegate$BeanPostProcessorChecker -Bean 'configurationPropertiesRebinderAutoConfiguration' of type [org.springframework.cloud.autoconfigure.ConfigurationPropertiesRebinderAutoConfiguration$$EnhancerBySpringCGLIB$$de910e33] is not eligible for getting processed by all BeanPostProcessors (for example: not eligible for auto-proxying)
2019-03-18 10:59:54.594 [main] INFO  com.lft.consumer.ConsumerApplication -No active profile set, falling back to default profiles: default
2019-03-18 10:59:54.609 [main] INFO  o.s.b.w.s.c.AnnotationConfigServletWebServerApplicationContext -Refreshing org.springframework.boot.web.servlet.context.AnnotationConfigServletWebServerApplicationContext@770b3be0: startup date [Mon Mar 18 10:59:54 CST 2019]; parent: org.springframework.context.annotation.AnnotationConfigApplicationContext@2488b073
2019-03-18 10:59:55.395 [main] INFO  o.s.cloud.context.scope.GenericScope -BeanFactory id=331f51b0-ab26-3abb-a18f-14cabdf61f60
2019-03-18 10:59:55.412 [main] INFO  o.s.b.f.a.AutowiredAnnotationBeanPostProcessor -JSR-330 'javax.inject.Inject' annotation found and supported for autowiring
2019-03-18 10:59:55.518 [main] INFO  o.s.c.s.PostProcessorRegistrationDelegate$BeanPostProcessorChecker -Bean 'org.springframework.cloud.autoconfigure.ConfigurationPropertiesRebinderAutoConfiguration' of type [org.springframework.cloud.autoconfigure.ConfigurationPropertiesRebinderAutoConfiguration$$EnhancerBySpringCGLIB$$de910e33] is not eligible for getting processed by all BeanPostProcessors (for example: not eligible for auto-proxying)
2019-03-18 10:59:55.754 [main] INFO  o.s.b.w.e.tomcat.TomcatWebServer -Tomcat initialized with port(s): 8011 (http)
2019-03-18 10:59:55.768 [main] INFO  o.a.coyote.http11.Http11NioProtocol -Initializing ProtocolHandler ["http-nio-8011"]
2019-03-18 10:59:55.779 [main] INFO  o.a.catalina.core.StandardService -Starting service [Tomcat]
2019-03-18 10:59:55.780 [main] INFO  o.a.catalina.core.StandardEngine -Starting Servlet Engine: Apache Tomcat/8.5.31
2019-03-18 10:59:55.785 [localhost-startStop-1] INFO  o.a.c.core.AprLifecycleListener -The APR based Apache Tomcat Native library which allows optimal performance in production environments was not found on the java.library.path: [D:\jdk10\bin;C:\WINDOWS\Sun\Java\bin;C:\WINDOWS\system32;C:\WINDOWS;D:\jdk10\bin;D:\jdk10\jre\bin;C:\WINDOWS\system32;C:\WINDOWS;C:\WINDOWS\System32\Wbem;C:\WINDOWS\System32\WindowsPowerShell\v1.0\;D:\git\Git\bin;C:\Program Files\MySQL\MySQL Server 5.7\bin;D:\nodejs\;D:\nodejs\node_modules\npm\bin;D:\scala\bin;D:\scala\jre\bin;D:\maven\bin;D:\gradle-4.7\bin;C:\WINDOWS\System32\OpenSSH\;D:\sbt\bin;D:\Gpg\Gpg4win\..\GnuPG\bin;D:\python2\Scripts\;D:\python2\;C:\Users\Ryze\AppData\Local\Microsoft\WindowsApps;C:\Users\Ryze\AppData\Roaming\npm;D:\visoCode\Microsoft VS Code\bin;D:\fiddler;C:\Users\Ryze\AppData\Local\Microsoft\WindowsApps;;.]
2019-03-18 10:59:55.937 [localhost-startStop-1] INFO  o.a.c.c.C.[Tomcat].[localhost].[/] -Initializing Spring embedded WebApplicationContext
2019-03-18 10:59:55.937 [localhost-startStop-1] INFO  o.s.web.context.ContextLoader -Root WebApplicationContext: initialization completed in 1328 ms
2019-03-18 10:59:56.042 [localhost-startStop-1] INFO  o.s.b.w.s.ServletRegistrationBean -Servlet dispatcherServlet mapped to [/]
2019-03-18 10:59:56.048 [localhost-startStop-1] INFO  o.s.b.w.s.FilterRegistrationBean -Mapping filter: 'characterEncodingFilter' to: [/*]
2019-03-18 10:59:56.107 [main] INFO  o.s.c.a.AnnotationConfigApplicationContext -Refreshing FeignContext-provider: startup date [Mon Mar 18 10:59:56 CST 2019]; parent: org.springframework.boot.web.servlet.context.AnnotationConfigServletWebServerApplicationContext@770b3be0
2019-03-18 10:59:56.121 [main] INFO  o.s.b.f.a.AutowiredAnnotationBeanPostProcessor -JSR-330 'javax.inject.Inject' annotation found and supported for autowiring
2019-03-18 10:59:56.353 [main] INFO  o.s.w.s.m.m.a.RequestMappingHandlerAdapter -Looking for @ControllerAdvice: org.springframework.boot.web.servlet.context.AnnotationConfigServletWebServerApplicationContext@770b3be0: startup date [Mon Mar 18 10:59:54 CST 2019]; parent: org.springframework.context.annotation.AnnotationConfigApplicationContext@2488b073
2019-03-18 10:59:56.547 [main] INFO  c.s.feign.VenusSpringMvcContract -/user/add > /user/add
2019-03-18 10:59:56.550 [main] INFO  c.s.feign.VenusSpringMvcContract -/user/update > /user/update
2019-03-18 10:59:56.750 [main] INFO  o.s.w.s.m.m.a.RequestMappingHandlerMapping -Mapped "{[/user/add],methods=[POST]}" onto public java.lang.String com.lft.consumer.controller.UserController.addUser(com.lft.providerclient.entity.User)
2019-03-18 10:59:56.751 [main] INFO  o.s.w.s.m.m.a.RequestMappingHandlerMapping -Mapped "{[/user/update],methods=[POST]}" onto public java.lang.String com.lft.consumer.controller.UserController.updateUser(com.lft.providerclient.entity.User)
2019-03-18 10:59:56.753 [main] INFO  o.s.w.s.m.m.a.RequestMappingHandlerMapping -Mapped "{[/v2/api-docs],methods=[GET],produces=[application/json || application/hal+json]}" onto public org.springframework.http.ResponseEntity<springfox.documentation.spring.web.json.Json> springfox.documentation.swagger2.web.Swagger2Controller.getDocumentation(java.lang.String,javax.servlet.http.HttpServletRequest)
2019-03-18 10:59:56.755 [main] INFO  o.s.w.s.m.m.a.RequestMappingHandlerMapping -Mapped "{[/swagger-resources/configuration/security]}" onto org.springframework.http.ResponseEntity<springfox.documentation.swagger.web.SecurityConfiguration> springfox.documentation.swagger.web.ApiResourceController.securityConfiguration()
2019-03-18 10:59:56.755 [main] INFO  o.s.w.s.m.m.a.RequestMappingHandlerMapping -Mapped "{[/swagger-resources/configuration/ui]}" onto org.springframework.http.ResponseEntity<springfox.documentation.swagger.web.UiConfiguration> springfox.documentation.swagger.web.ApiResourceController.uiConfiguration()
2019-03-18 10:59:56.756 [main] INFO  o.s.w.s.m.m.a.RequestMappingHandlerMapping -Mapped "{[/swagger-resources]}" onto org.springframework.http.ResponseEntity<java.util.List<springfox.documentation.swagger.web.SwaggerResource>> springfox.documentation.swagger.web.ApiResourceController.swaggerResources()
2019-03-18 10:59:56.760 [main] INFO  o.s.w.s.m.m.a.RequestMappingHandlerMapping -Mapped "{[/error],produces=[text/html]}" onto public org.springframework.web.servlet.ModelAndView org.springframework.boot.autoconfigure.web.servlet.error.BasicErrorController.errorHtml(javax.servlet.http.HttpServletRequest,javax.servlet.http.HttpServletResponse)
2019-03-18 10:59:56.760 [main] INFO  o.s.w.s.m.m.a.RequestMappingHandlerMapping -Mapped "{[/error]}" onto public org.springframework.http.ResponseEntity<java.util.Map<java.lang.String, java.lang.Object>> org.springframework.boot.autoconfigure.web.servlet.error.BasicErrorController.error(javax.servlet.http.HttpServletRequest)
2019-03-18 10:59:56.872 [main] INFO  o.s.w.s.h.SimpleUrlHandlerMapping -Mapped URL path [/swagger-ui.html] onto handler of type [class org.springframework.web.servlet.resource.ResourceHttpRequestHandler]
2019-03-18 10:59:56.873 [main] INFO  o.s.w.s.h.SimpleUrlHandlerMapping -Mapped URL path [/webjars/**] onto handler of type [class org.springframework.web.servlet.resource.ResourceHttpRequestHandler]
2019-03-18 10:59:56.937 [main] WARN  c.n.c.sources.URLConfigurationSource -No URLs will be polled as dynamic configuration sources.
2019-03-18 10:59:56.937 [main] INFO  c.n.c.sources.URLConfigurationSource -To enable URLs as dynamic configuration sources, define System property archaius.configurationSource.additionalUrls or make config.properties available on classpath.
2019-03-18 10:59:56.940 [main] WARN  c.n.c.sources.URLConfigurationSource -No URLs will be polled as dynamic configuration sources.
2019-03-18 10:59:56.941 [main] INFO  c.n.c.sources.URLConfigurationSource -To enable URLs as dynamic configuration sources, define System property archaius.configurationSource.additionalUrls or make config.properties available on classpath.
2019-03-18 10:59:58.193 [main] INFO  o.s.j.e.a.AnnotationMBeanExporter -Registering beans for JMX exposure on startup
2019-03-18 10:59:58.203 [main] INFO  o.s.j.e.a.AnnotationMBeanExporter -Bean with name 'configurationPropertiesRebinder' has been autodetected for JMX exposure
2019-03-18 10:59:58.204 [main] INFO  o.s.j.e.a.AnnotationMBeanExporter -Bean with name 'environmentManager' has been autodetected for JMX exposure
2019-03-18 10:59:58.204 [main] INFO  o.s.j.e.a.AnnotationMBeanExporter -Bean with name 'refreshScope' has been autodetected for JMX exposure
2019-03-18 10:59:58.208 [main] INFO  o.s.j.e.a.AnnotationMBeanExporter -Located managed bean 'environmentManager': registering with JMX server as MBean [org.springframework.cloud.context.environment:name=environmentManager,type=EnvironmentManager]
2019-03-18 10:59:58.219 [main] INFO  o.s.j.e.a.AnnotationMBeanExporter -Located managed bean 'refreshScope': registering with JMX server as MBean [org.springframework.cloud.context.scope.refresh:name=refreshScope,type=RefreshScope]
2019-03-18 10:59:58.229 [main] INFO  o.s.j.e.a.AnnotationMBeanExporter -Located managed bean 'configurationPropertiesRebinder': registering with JMX server as MBean [org.springframework.cloud.context.properties:name=configurationPropertiesRebinder,context=770b3be0,type=ConfigurationPropertiesRebinder]
2019-03-18 10:59:58.239 [main] INFO  o.s.c.s.DefaultLifecycleProcessor -Starting beans in phase 0
2019-03-18 10:59:58.246 [main] INFO  o.s.c.n.eureka.InstanceInfoFactory -Setting initial instance status as: STARTING
2019-03-18 10:59:58.283 [main] INFO  c.netflix.discovery.DiscoveryClient -Initializing Eureka in region us-east-1
2019-03-18 10:59:58.421 [main] INFO  c.n.d.p.DiscoveryJerseyProvider -Using JSON encoding codec LegacyJacksonJson
2019-03-18 10:59:58.421 [main] INFO  c.n.d.p.DiscoveryJerseyProvider -Using JSON decoding codec LegacyJacksonJson
2019-03-18 10:59:58.548 [main] INFO  c.n.d.p.DiscoveryJerseyProvider -Using XML encoding codec XStreamXml
2019-03-18 10:59:58.548 [main] INFO  c.n.d.p.DiscoveryJerseyProvider -Using XML decoding codec XStreamXml
2019-03-18 10:59:58.758 [main] INFO  c.n.d.s.r.aws.ConfigClusterResolver -Resolving eureka endpoints via configuration
2019-03-18 10:59:59.062 [main] INFO  c.netflix.discovery.DiscoveryClient -Disable delta property : false
2019-03-18 10:59:59.062 [main] INFO  c.netflix.discovery.DiscoveryClient -Single vip registry refresh property : null
2019-03-18 10:59:59.062 [main] INFO  c.netflix.discovery.DiscoveryClient -Force full registry fetch : false
2019-03-18 10:59:59.062 [main] INFO  c.netflix.discovery.DiscoveryClient -Application is null : false
2019-03-18 10:59:59.062 [main] INFO  c.netflix.discovery.DiscoveryClient -Registered Applications size is zero : true
2019-03-18 10:59:59.062 [main] INFO  c.netflix.discovery.DiscoveryClient -Application version is -1: true
2019-03-18 10:59:59.062 [main] INFO  c.netflix.discovery.DiscoveryClient -Getting all instance registry info from the eureka server
2019-03-18 10:59:59.212 [main] INFO  c.netflix.discovery.DiscoveryClient -The response status is 200
2019-03-18 10:59:59.214 [main] INFO  c.netflix.discovery.DiscoveryClient -Starting heartbeat executor: renew interval is: 30
2019-03-18 10:59:59.217 [main] INFO  c.n.discovery.InstanceInfoReplicator -InstanceInfoReplicator onDemand update allowed rate per min is 4
2019-03-18 10:59:59.221 [main] INFO  c.netflix.discovery.DiscoveryClient -Discovery Client initialized at timestamp 1552877999220 with initial instances count: 1
2019-03-18 10:59:59.225 [main] INFO  o.s.c.n.e.s.EurekaServiceRegistry -Registering application consumer with eureka with status UP
2019-03-18 10:59:59.226 [main] INFO  c.netflix.discovery.DiscoveryClient -Saw local status change event StatusChangeEvent [timestamp=1552877999226, current=UP, previous=STARTING]
2019-03-18 10:59:59.228 [DiscoveryClient-InstanceInfoReplicator-0] INFO  c.netflix.discovery.DiscoveryClient -DiscoveryClient_CONSUMER/DESKTOP-14L2IB0:consumer:8011: registering service...
2019-03-18 10:59:59.231 [main] INFO  o.s.c.s.DefaultLifecycleProcessor -Starting beans in phase 2147483647
2019-03-18 10:59:59.231 [main] INFO  s.d.s.w.p.DocumentationPluginsBootstrapper -Context refreshed
2019-03-18 10:59:59.250 [main] INFO  s.d.s.w.p.DocumentationPluginsBootstrapper -Found 1 custom documentation plugin(s)
2019-03-18 10:59:59.265 [main] INFO  s.d.s.w.s.ApiListingReferenceScanner -Scanning for api listing references
2019-03-18 10:59:59.268 [DiscoveryClient-InstanceInfoReplicator-0] INFO  c.netflix.discovery.DiscoveryClient -DiscoveryClient_CONSUMER/DESKTOP-14L2IB0:consumer:8011 - registration status: 204
2019-03-18 10:59:59.410 [main] INFO  o.a.coyote.http11.Http11NioProtocol -Starting ProtocolHandler ["http-nio-8011"]
2019-03-18 10:59:59.424 [main] INFO  o.a.tomcat.util.net.NioSelectorPool -Using a shared selector for servlet write/read
2019-03-18 10:59:59.447 [main] INFO  o.s.b.w.e.tomcat.TomcatWebServer -Tomcat started on port(s): 8011 (http) with context path ''
2019-03-18 10:59:59.448 [main] INFO  o.s.c.n.e.s.EurekaAutoServiceRegistration -Updating port to 8011
2019-03-18 10:59:59.451 [main] INFO  com.lft.consumer.ConsumerApplication -Started ConsumerApplication in 6.704 seconds (JVM running for 8.209)
2019-03-18 11:01:27.306 [http-nio-8011-exec-1] INFO  o.a.c.c.C.[Tomcat].[localhost].[/] -Initializing Spring FrameworkServlet 'dispatcherServlet'
2019-03-18 11:01:27.306 [http-nio-8011-exec-1] INFO  o.s.web.servlet.DispatcherServlet -FrameworkServlet 'dispatcherServlet': initialization started
2019-03-18 11:01:27.328 [http-nio-8011-exec-1] INFO  o.s.web.servlet.DispatcherServlet -FrameworkServlet 'dispatcherServlet': initialization completed in 22 ms
2019-03-18 11:01:34.435 [http-nio-8011-exec-9] INFO  o.s.c.a.AnnotationConfigApplicationContext -Refreshing SpringClientFactory-provider: startup date [Mon Mar 18 11:01:34 CST 2019]; parent: org.springframework.boot.web.servlet.context.AnnotationConfigServletWebServerApplicationContext@770b3be0
2019-03-18 11:01:34.494 [http-nio-8011-exec-9] INFO  o.s.b.f.a.AutowiredAnnotationBeanPostProcessor -JSR-330 'javax.inject.Inject' annotation found and supported for autowiring
2019-03-18 11:01:34.775 [http-nio-8011-exec-9] INFO  c.n.config.ChainedDynamicProperty -Flipping property: provider.ribbon.ActiveConnectionsLimit to use NEXT property: niws.loadbalancer.availabilityFilteringRule.activeConnectionsLimit = 2147483647
2019-03-18 11:01:34.794 [http-nio-8011-exec-9] INFO  c.n.u.c.ShutdownEnabledTimer -Shutdown hook installed for: NFLoadBalancer-PingTimer-provider
2019-03-18 11:01:34.798 [http-nio-8011-exec-9] INFO  c.n.loadbalancer.BaseLoadBalancer -Client: provider instantiated a LoadBalancer: DynamicServerListLoadBalancer:{NFLoadBalancer:name=provider,current list of Servers=[],Load balancer stats=Zone stats: {},Server stats: []}ServerList:null
2019-03-18 11:01:34.803 [http-nio-8011-exec-9] INFO  c.n.l.DynamicServerListLoadBalancer -Using serverListUpdater PollingServerListUpdater
2019-03-18 11:01:34.816 [http-nio-8011-exec-9] INFO  c.n.config.ChainedDynamicProperty -Flipping property: provider.ribbon.ActiveConnectionsLimit to use NEXT property: niws.loadbalancer.availabilityFilteringRule.activeConnectionsLimit = 2147483647
2019-03-18 11:01:34.817 [http-nio-8011-exec-9] INFO  c.n.l.DynamicServerListLoadBalancer -DynamicServerListLoadBalancer for client provider initialized: DynamicServerListLoadBalancer:{NFLoadBalancer:name=provider,current list of Servers=[192.168.0.6:8012],Load balancer stats=Zone stats: {defaultzone=[Zone:defaultzone;	Instance count:1;	Active connections count: 0;	Circuit breaker tripped count: 0;	Active connections per server: 0.0;]
},Server stats: [[Server:192.168.0.6:8012;	Zone:defaultZone;	Total Requests:0;	Successive connection failure:0;	Total blackout seconds:0;	Last connection made:Thu Jan 01 08:00:00 CST 1970;	First connection made: Thu Jan 01 08:00:00 CST 1970;	Active Connections:0;	total failure count in last (1000) msecs:0;	average resp time:0.0;	90 percentile resp time:0.0;	95 percentile resp time:0.0;	min resp time:0.0;	max resp time:0.0;	stddev resp time:0.0]
]}ServerList:org.springframework.cloud.netflix.ribbon.eureka.DomainExtractingServerList@35df0a34
2019-03-18 11:01:35.807 [PollingServerListUpdater-0] INFO  c.n.config.ChainedDynamicProperty -Flipping property: provider.ribbon.ActiveConnectionsLimit to use NEXT property: niws.loadbalancer.availabilityFilteringRule.activeConnectionsLimit = 2147483647
2019-03-18 11:01:48.063 [Thread-9] INFO  c.n.l.PollingServerListUpdater -Shutting down the Executor Pool for PollingServerListUpdater
2019-03-18 11:01:48.063 [Thread-5] INFO  o.s.b.w.s.c.AnnotationConfigServletWebServerApplicationContext -Closing org.springframework.boot.web.servlet.context.AnnotationConfigServletWebServerApplicationContext@770b3be0: startup date [Mon Mar 18 10:59:54 CST 2019]; parent: org.springframework.context.annotation.AnnotationConfigApplicationContext@2488b073
2019-03-18 11:01:48.065 [Thread-5] INFO  o.s.c.n.e.s.EurekaServiceRegistry -Unregistering application consumer with eureka with status DOWN
2019-03-18 11:01:48.066 [Thread-5] WARN  c.netflix.discovery.DiscoveryClient -Saw local status change event StatusChangeEvent [timestamp=1552878108066, current=DOWN, previous=UP]
2019-03-18 11:01:48.066 [DiscoveryClient-InstanceInfoReplicator-0] INFO  c.netflix.discovery.DiscoveryClient -DiscoveryClient_CONSUMER/DESKTOP-14L2IB0:consumer:8011: registering service...
2019-03-18 11:01:48.068 [Thread-5] INFO  o.s.c.s.DefaultLifecycleProcessor -Stopping beans in phase 2147483647
2019-03-18 11:01:48.070 [Thread-5] INFO  o.s.c.s.DefaultLifecycleProcessor -Stopping beans in phase 0
2019-03-18 11:01:48.073 [Thread-5] INFO  c.netflix.discovery.DiscoveryClient -Shutting down DiscoveryClient ...
2019-03-18 11:01:48.078 [DiscoveryClient-InstanceInfoReplicator-0] INFO  c.netflix.discovery.DiscoveryClient -DiscoveryClient_CONSUMER/DESKTOP-14L2IB0:consumer:8011 - registration status: 204
2019-03-18 11:01:48.079 [Thread-5] INFO  c.netflix.discovery.DiscoveryClient -Unregistering ...
2019-03-18 11:01:48.088 [Thread-5] INFO  c.netflix.discovery.DiscoveryClient -DiscoveryClient_CONSUMER/DESKTOP-14L2IB0:consumer:8011 - deregister  status: 200
2019-03-18 11:01:48.096 [Thread-5] INFO  c.netflix.discovery.DiscoveryClient -Completed shut down of DiscoveryClient
2019-03-18 11:01:48.096 [Thread-5] INFO  o.s.j.e.a.AnnotationMBeanExporter -Unregistering JMX-exposed beans on shutdown
2019-03-18 11:01:48.097 [Thread-5] INFO  o.s.j.e.a.AnnotationMBeanExporter -Unregistering JMX-exposed beans
2019-03-18 11:01:48.098 [Thread-5] INFO  o.s.c.a.AnnotationConfigApplicationContext -Closing SpringClientFactory-provider: startup date [Mon Mar 18 11:01:34 CST 2019]; parent: org.springframework.boot.web.servlet.context.AnnotationConfigServletWebServerApplicationContext@770b3be0
2019-03-18 11:01:48.101 [Thread-5] WARN  o.s.c.a.AnnotationConfigApplicationContext -Exception thrown from ApplicationListener handling ContextClosedEvent
org.springframework.beans.factory.BeanCreationNotAllowedException: Error creating bean with name 'eurekaAutoServiceRegistration': Singleton bean creation not allowed while singletons of this factory are in destruction (Do not request a bean from a BeanFactory in a destroy method implementation!)
	at org.springframework.beans.factory.support.DefaultSingletonBeanRegistry.getSingleton(DefaultSingletonBeanRegistry.java:208)
	at org.springframework.beans.factory.support.AbstractBeanFactory.doGetBean(AbstractBeanFactory.java:315)
	at org.springframework.beans.factory.support.AbstractBeanFactory.getBean(AbstractBeanFactory.java:199)
	at org.springframework.context.support.AbstractApplicationContext.getBean(AbstractApplicationContext.java:1089)
	at org.springframework.context.event.ApplicationListenerMethodAdapter.getTargetBean(ApplicationListenerMethodAdapter.java:288)
	at org.springframework.context.event.ApplicationListenerMethodAdapter.doInvoke(ApplicationListenerMethodAdapter.java:258)
	at org.springframework.context.event.ApplicationListenerMethodAdapter.processEvent(ApplicationListenerMethodAdapter.java:180)
	at org.springframework.context.event.ApplicationListenerMethodAdapter.onApplicationEvent(ApplicationListenerMethodAdapter.java:142)
	at org.springframework.context.event.SimpleApplicationEventMulticaster.doInvokeListener(SimpleApplicationEventMulticaster.java:172)
	at org.springframework.context.event.SimpleApplicationEventMulticaster.invokeListener(SimpleApplicationEventMulticaster.java:165)
	at org.springframework.context.event.SimpleApplicationEventMulticaster.multicastEvent(SimpleApplicationEventMulticaster.java:139)
	at org.springframework.context.support.AbstractApplicationContext.publishEvent(AbstractApplicationContext.java:400)
	at org.springframework.context.support.AbstractApplicationContext.publishEvent(AbstractApplicationContext.java:406)
	at org.springframework.context.support.AbstractApplicationContext.publishEvent(AbstractApplicationContext.java:354)
	at org.springframework.context.support.AbstractApplicationContext.doClose(AbstractApplicationContext.java:1000)
	at org.springframework.context.support.AbstractApplicationContext.close(AbstractApplicationContext.java:967)
	at org.springframework.cloud.context.named.NamedContextFactory.destroy(NamedContextFactory.java:76)
	at org.springframework.beans.factory.support.DisposableBeanAdapter.destroy(DisposableBeanAdapter.java:256)
	at org.springframework.beans.factory.support.DefaultSingletonBeanRegistry.destroyBean(DefaultSingletonBeanRegistry.java:571)
	at org.springframework.beans.factory.support.DefaultSingletonBeanRegistry.destroySingleton(DefaultSingletonBeanRegistry.java:543)
	at org.springframework.beans.factory.support.DefaultListableBeanFactory.destroySingleton(DefaultListableBeanFactory.java:957)
	at org.springframework.beans.factory.support.DefaultSingletonBeanRegistry.destroySingletons(DefaultSingletonBeanRegistry.java:504)
	at org.springframework.beans.factory.support.DefaultListableBeanFactory.destroySingletons(DefaultListableBeanFactory.java:964)
	at org.springframework.context.support.AbstractApplicationContext.destroyBeans(AbstractApplicationContext.java:1041)
	at org.springframework.context.support.AbstractApplicationContext.doClose(AbstractApplicationContext.java:1017)
	at org.springframework.context.support.AbstractApplicationContext$1.run(AbstractApplicationContext.java:937)
2019-03-18 11:01:48.102 [Thread-5] INFO  c.n.u.c.ShutdownEnabledTimer -Shutdown hook removed for: NFLoadBalancer-PingTimer-provider
2019-03-18 11:01:48.102 [Thread-5] INFO  c.n.u.c.ShutdownEnabledTimer -Exception caught (might be ok if at shutdown)
java.lang.IllegalStateException: Shutdown in progress
	at java.base/java.lang.ApplicationShutdownHooks.remove(ApplicationShutdownHooks.java:82)
	at java.base/java.lang.Runtime.removeShutdownHook(Runtime.java:247)
	at com.netflix.util.concurrent.ShutdownEnabledTimer.cancel(ShutdownEnabledTimer.java:70)
	at com.netflix.loadbalancer.BaseLoadBalancer.cancelPingTask(BaseLoadBalancer.java:613)
	at com.netflix.loadbalancer.BaseLoadBalancer.shutdown(BaseLoadBalancer.java:864)
	at com.netflix.loadbalancer.DynamicServerListLoadBalancer.shutdown(DynamicServerListLoadBalancer.java:285)
	at java.base/jdk.internal.reflect.NativeMethodAccessorImpl.invoke0(Native Method)
	at java.base/jdk.internal.reflect.NativeMethodAccessorImpl.invoke(NativeMethodAccessorImpl.java:62)
	at java.base/jdk.internal.reflect.DelegatingMethodAccessorImpl.invoke(DelegatingMethodAccessorImpl.java:43)
	at java.base/java.lang.reflect.Method.invoke(Method.java:564)
	at org.springframework.beans.factory.support.DisposableBeanAdapter.invokeCustomDestroyMethod(DisposableBeanAdapter.java:337)
	at org.springframework.beans.factory.support.DisposableBeanAdapter.destroy(DisposableBeanAdapter.java:271)
	at org.springframework.beans.factory.support.DefaultSingletonBeanRegistry.destroyBean(DefaultSingletonBeanRegistry.java:571)
	at org.springframework.beans.factory.support.DefaultSingletonBeanRegistry.destroySingleton(DefaultSingletonBeanRegistry.java:543)
	at org.springframework.beans.factory.support.DefaultListableBeanFactory.destroySingleton(DefaultListableBeanFactory.java:957)
	at org.springframework.beans.factory.support.DefaultSingletonBeanRegistry.destroySingletons(DefaultSingletonBeanRegistry.java:504)
	at org.springframework.beans.factory.support.DefaultListableBeanFactory.destroySingletons(DefaultListableBeanFactory.java:964)
	at org.springframework.context.support.AbstractApplicationContext.destroyBeans(AbstractApplicationContext.java:1041)
	at org.springframework.context.support.AbstractApplicationContext.doClose(AbstractApplicationContext.java:1017)
	at org.springframework.context.support.AbstractApplicationContext.close(AbstractApplicationContext.java:967)
	at org.springframework.cloud.context.named.NamedContextFactory.destroy(NamedContextFactory.java:76)
	at org.springframework.beans.factory.support.DisposableBeanAdapter.destroy(DisposableBeanAdapter.java:256)
	at org.springframework.beans.factory.support.DefaultSingletonBeanRegistry.destroyBean(DefaultSingletonBeanRegistry.java:571)
	at org.springframework.beans.factory.support.DefaultSingletonBeanRegistry.destroySingleton(DefaultSingletonBeanRegistry.java:543)
	at org.springframework.beans.factory.support.DefaultListableBeanFactory.destroySingleton(DefaultListableBeanFactory.java:957)
	at org.springframework.beans.factory.support.DefaultSingletonBeanRegistry.destroySingletons(DefaultSingletonBeanRegistry.java:504)
	at org.springframework.beans.factory.support.DefaultListableBeanFactory.destroySingletons(DefaultListableBeanFactory.java:964)
	at org.springframework.context.support.AbstractApplicationContext.destroyBeans(AbstractApplicationContext.java:1041)
	at org.springframework.context.support.AbstractApplicationContext.doClose(AbstractApplicationContext.java:1017)
	at org.springframework.context.support.AbstractApplicationContext$1.run(AbstractApplicationContext.java:937)
2019-03-18 11:01:48.104 [Thread-5] INFO  o.s.c.a.AnnotationConfigApplicationContext -Closing FeignContext-provider: startup date [Mon Mar 18 10:59:56 CST 2019]; parent: org.springframework.boot.web.servlet.context.AnnotationConfigServletWebServerApplicationContext@770b3be0
2019-03-18 11:01:48.105 [Thread-5] WARN  o.s.c.a.AnnotationConfigApplicationContext -Exception thrown from ApplicationListener handling ContextClosedEvent
org.springframework.beans.factory.BeanCreationNotAllowedException: Error creating bean with name 'eurekaAutoServiceRegistration': Singleton bean creation not allowed while singletons of this factory are in destruction (Do not request a bean from a BeanFactory in a destroy method implementation!)
	at org.springframework.beans.factory.support.DefaultSingletonBeanRegistry.getSingleton(DefaultSingletonBeanRegistry.java:208)
	at org.springframework.beans.factory.support.AbstractBeanFactory.doGetBean(AbstractBeanFactory.java:315)
	at org.springframework.beans.factory.support.AbstractBeanFactory.getBean(AbstractBeanFactory.java:199)
	at org.springframework.context.support.AbstractApplicationContext.getBean(AbstractApplicationContext.java:1089)
	at org.springframework.context.event.ApplicationListenerMethodAdapter.getTargetBean(ApplicationListenerMethodAdapter.java:288)
	at org.springframework.context.event.ApplicationListenerMethodAdapter.doInvoke(ApplicationListenerMethodAdapter.java:258)
	at org.springframework.context.event.ApplicationListenerMethodAdapter.processEvent(ApplicationListenerMethodAdapter.java:180)
	at org.springframework.context.event.ApplicationListenerMethodAdapter.onApplicationEvent(ApplicationListenerMethodAdapter.java:142)
	at org.springframework.context.event.SimpleApplicationEventMulticaster.doInvokeListener(SimpleApplicationEventMulticaster.java:172)
	at org.springframework.context.event.SimpleApplicationEventMulticaster.invokeListener(SimpleApplicationEventMulticaster.java:165)
	at org.springframework.context.event.SimpleApplicationEventMulticaster.multicastEvent(SimpleApplicationEventMulticaster.java:139)
	at org.springframework.context.support.AbstractApplicationContext.publishEvent(AbstractApplicationContext.java:400)
	at org.springframework.context.support.AbstractApplicationContext.publishEvent(AbstractApplicationContext.java:406)
	at org.springframework.context.support.AbstractApplicationContext.publishEvent(AbstractApplicationContext.java:354)
	at org.springframework.context.support.AbstractApplicationContext.doClose(AbstractApplicationContext.java:1000)
	at org.springframework.context.support.AbstractApplicationContext.close(AbstractApplicationContext.java:967)
	at org.springframework.cloud.context.named.NamedContextFactory.destroy(NamedContextFactory.java:76)
	at org.springframework.beans.factory.support.DisposableBeanAdapter.destroy(DisposableBeanAdapter.java:256)
	at org.springframework.beans.factory.support.DefaultSingletonBeanRegistry.destroyBean(DefaultSingletonBeanRegistry.java:571)
	at org.springframework.beans.factory.support.DefaultSingletonBeanRegistry.destroySingleton(DefaultSingletonBeanRegistry.java:543)
	at org.springframework.beans.factory.support.DefaultListableBeanFactory.destroySingleton(DefaultListableBeanFactory.java:957)
	at org.springframework.beans.factory.support.DefaultSingletonBeanRegistry.destroySingletons(DefaultSingletonBeanRegistry.java:504)
	at org.springframework.beans.factory.support.DefaultListableBeanFactory.destroySingletons(DefaultListableBeanFactory.java:964)
	at org.springframework.context.support.AbstractApplicationContext.destroyBeans(AbstractApplicationContext.java:1041)
	at org.springframework.context.support.AbstractApplicationContext.doClose(AbstractApplicationContext.java:1017)
	at org.springframework.context.support.AbstractApplicationContext$1.run(AbstractApplicationContext.java:937)
