2019-03-18 14:50:57.739 [main] INFO  o.s.c.a.AnnotationConfigApplicationContext -Refreshing org.springframework.context.annotation.AnnotationConfigApplicationContext@5c671d7f: startup date [Mon Mar 18 14:50:57 CST 2019]; root of context hierarchy
2019-03-18 14:50:57.916 [main] INFO  o.s.b.f.a.AutowiredAnnotationBeanPostProcessor -JSR-330 'javax.inject.Inject' annotation found and supported for autowiring
2019-03-18 14:50:57.941 [main] INFO  o.s.c.s.PostProcessorRegistrationDelegate$BeanPostProcessorChecker -Bean 'configurationPropertiesRebinderAutoConfiguration' of type [org.springframework.cloud.autoconfigure.ConfigurationPropertiesRebinderAutoConfiguration$$EnhancerBySpringCGLIB$$c10ef16f] is not eligible for getting processed by all BeanPostProcessors (for example: not eligible for auto-proxying)
2019-03-18 14:50:58.526 [main] INFO  com.lft.server.ServerApplication -No active profile set, falling back to default profiles: default
2019-03-18 14:50:58.536 [main] INFO  o.s.b.w.s.c.AnnotationConfigServletWebServerApplicationContext -Refreshing org.springframework.boot.web.servlet.context.AnnotationConfigServletWebServerApplicationContext@7f132176: startup date [Mon Mar 18 14:50:58 CST 2019]; parent: org.springframework.context.annotation.AnnotationConfigApplicationContext@5c671d7f
2019-03-18 14:50:59.281 [main] INFO  o.s.cloud.context.scope.GenericScope -BeanFactory id=ce27e277-c597-37e5-9445-85d67d8d6ec3
2019-03-18 14:50:59.295 [main] INFO  o.s.b.f.a.AutowiredAnnotationBeanPostProcessor -JSR-330 'javax.inject.Inject' annotation found and supported for autowiring
2019-03-18 14:50:59.373 [main] INFO  o.s.c.s.PostProcessorRegistrationDelegate$BeanPostProcessorChecker -Bean 'org.springframework.cloud.autoconfigure.ConfigurationPropertiesRebinderAutoConfiguration' of type [org.springframework.cloud.autoconfigure.ConfigurationPropertiesRebinderAutoConfiguration$$EnhancerBySpringCGLIB$$c10ef16f] is not eligible for getting processed by all BeanPostProcessors (for example: not eligible for auto-proxying)
2019-03-18 14:50:59.581 [main] INFO  o.s.b.w.e.tomcat.TomcatWebServer -Tomcat initialized with port(s): 8761 (http)
2019-03-18 14:50:59.592 [main] INFO  o.a.coyote.http11.Http11NioProtocol -Initializing ProtocolHandler ["http-nio-8761"]
2019-03-18 14:50:59.600 [main] INFO  o.a.catalina.core.StandardService -Starting service [Tomcat]
2019-03-18 14:50:59.600 [main] INFO  o.a.catalina.core.StandardEngine -Starting Servlet Engine: Apache Tomcat/8.5.31
2019-03-18 14:50:59.604 [localhost-startStop-1] INFO  o.a.c.core.AprLifecycleListener -The APR based Apache Tomcat Native library which allows optimal performance in production environments was not found on the java.library.path: [D:\jdk1.8\bin;C:\WINDOWS\Sun\Java\bin;C:\WINDOWS\system32;C:\WINDOWS;D:\jdk10\bin;D:\jdk10\jre\bin;C:\WINDOWS\system32;C:\WINDOWS;C:\WINDOWS\System32\Wbem;C:\WINDOWS\System32\WindowsPowerShell\v1.0\;D:\git\Git\bin;C:\Program Files\MySQL\MySQL Server 5.7\bin;D:\nodejs\;D:\nodejs\node_modules\npm\bin;D:\scala\bin;D:\scala\jre\bin;D:\maven\bin;D:\gradle-4.7\bin;C:\WINDOWS\System32\OpenSSH\;D:\sbt\bin;D:\Gpg\Gpg4win\..\GnuPG\bin;D:\python2\Scripts\;D:\python2\;C:\Users\Ryze\AppData\Local\Microsoft\WindowsApps;C:\Users\Ryze\AppData\Roaming\npm;D:\visoCode\Microsoft VS Code\bin;D:\fiddler;C:\Users\Ryze\AppData\Local\Microsoft\WindowsApps;;.]
2019-03-18 14:50:59.724 [localhost-startStop-1] INFO  o.a.c.c.C.[Tomcat].[localhost].[/] -Initializing Spring embedded WebApplicationContext
2019-03-18 14:50:59.724 [localhost-startStop-1] INFO  o.s.web.context.ContextLoader -Root WebApplicationContext: initialization completed in 1188 ms
2019-03-18 14:50:59.961 [localhost-startStop-1] WARN  c.n.c.sources.URLConfigurationSource -No URLs will be polled as dynamic configuration sources.
2019-03-18 14:50:59.961 [localhost-startStop-1] INFO  c.n.c.sources.URLConfigurationSource -To enable URLs as dynamic configuration sources, define System property archaius.configurationSource.additionalUrls or make config.properties available on classpath.
2019-03-18 14:50:59.969 [localhost-startStop-1] INFO  c.n.config.DynamicPropertyFactory -DynamicPropertyFactory is initialized with configuration sources: com.netflix.config.ConcurrentCompositeConfiguration@1615e6ab
2019-03-18 14:51:01.668 [localhost-startStop-1] INFO  o.s.b.w.s.FilterRegistrationBean -Mapping filter: 'characterEncodingFilter' to: [/*]
2019-03-18 14:51:01.669 [localhost-startStop-1] INFO  o.s.b.w.s.FilterRegistrationBean -Mapping filter: 'hiddenHttpMethodFilter' to: [/*]
2019-03-18 14:51:01.669 [localhost-startStop-1] INFO  o.s.b.w.s.FilterRegistrationBean -Mapping filter: 'httpPutFormContentFilter' to: [/*]
2019-03-18 14:51:01.669 [localhost-startStop-1] INFO  o.s.b.w.s.FilterRegistrationBean -Mapping filter: 'requestContextFilter' to: [/*]
2019-03-18 14:51:01.669 [localhost-startStop-1] INFO  o.s.b.w.s.FilterRegistrationBean -Mapping filter: 'httpTraceFilter' to: [/*]
2019-03-18 14:51:01.669 [localhost-startStop-1] INFO  o.s.b.w.s.FilterRegistrationBean -Mapping filter: 'webMvcMetricsFilter' to: [/*]
2019-03-18 14:51:01.670 [localhost-startStop-1] INFO  o.s.b.w.s.FilterRegistrationBean -Mapping filter: 'servletContainer' to urls: [/eureka/*]
2019-03-18 14:51:01.670 [localhost-startStop-1] INFO  o.s.b.w.s.ServletRegistrationBean -Servlet dispatcherServlet mapped to [/]
2019-03-18 14:51:01.728 [localhost-startStop-1] INFO  c.s.j.s.i.a.WebApplicationImpl -Initiating Jersey application, version 'Jersey: 1.19.1 03/11/2016 02:08 PM'
2019-03-18 14:51:01.784 [localhost-startStop-1] INFO  c.n.d.p.DiscoveryJerseyProvider -Using JSON encoding codec LegacyJacksonJson
2019-03-18 14:51:01.785 [localhost-startStop-1] INFO  c.n.d.p.DiscoveryJerseyProvider -Using JSON decoding codec LegacyJacksonJson
2019-03-18 14:51:01.942 [localhost-startStop-1] INFO  c.n.d.p.DiscoveryJerseyProvider -Using XML encoding codec XStreamXml
2019-03-18 14:51:01.942 [localhost-startStop-1] INFO  c.n.d.p.DiscoveryJerseyProvider -Using XML decoding codec XStreamXml
2019-03-18 14:51:02.342 [main] WARN  o.s.c.n.a.ArchaiusAutoConfiguration -No spring.application.name found, defaulting to 'application'
2019-03-18 14:51:02.342 [main] WARN  c.n.c.sources.URLConfigurationSource -No URLs will be polled as dynamic configuration sources.
2019-03-18 14:51:02.343 [main] INFO  c.n.c.sources.URLConfigurationSource -To enable URLs as dynamic configuration sources, define System property archaius.configurationSource.additionalUrls or make config.properties available on classpath.
2019-03-18 14:51:02.433 [main] INFO  o.s.w.s.h.SimpleUrlHandlerMapping -Mapped URL path [/**/favicon.ico] onto handler of type [class org.springframework.web.servlet.resource.ResourceHttpRequestHandler]
2019-03-18 14:51:02.592 [main] INFO  o.s.w.s.m.m.a.RequestMappingHandlerAdapter -Looking for @ControllerAdvice: org.springframework.boot.web.servlet.context.AnnotationConfigServletWebServerApplicationContext@7f132176: startup date [Mon Mar 18 14:50:58 CST 2019]; parent: org.springframework.context.annotation.AnnotationConfigApplicationContext@5c671d7f
2019-03-18 14:51:02.645 [main] INFO  o.s.w.s.m.m.a.RequestMappingHandlerMapping -Mapped "{[/error]}" onto public org.springframework.http.ResponseEntity<java.util.Map<java.lang.String, java.lang.Object>> org.springframework.boot.autoconfigure.web.servlet.error.BasicErrorController.error(javax.servlet.http.HttpServletRequest)
2019-03-18 14:51:02.645 [main] INFO  o.s.w.s.m.m.a.RequestMappingHandlerMapping -Mapped "{[/error],produces=[text/html]}" onto public org.springframework.web.servlet.ModelAndView org.springframework.boot.autoconfigure.web.servlet.error.BasicErrorController.errorHtml(javax.servlet.http.HttpServletRequest,javax.servlet.http.HttpServletResponse)
2019-03-18 14:51:02.651 [main] INFO  o.s.w.s.m.m.a.RequestMappingHandlerMapping -Mapped "{[/],methods=[GET]}" onto public java.lang.String org.springframework.cloud.netflix.eureka.server.EurekaController.status(javax.servlet.http.HttpServletRequest,java.util.Map<java.lang.String, java.lang.Object>)
2019-03-18 14:51:02.652 [main] INFO  o.s.w.s.m.m.a.RequestMappingHandlerMapping -Mapped "{[/lastn],methods=[GET]}" onto public java.lang.String org.springframework.cloud.netflix.eureka.server.EurekaController.lastn(javax.servlet.http.HttpServletRequest,java.util.Map<java.lang.String, java.lang.Object>)
2019-03-18 14:51:02.673 [main] INFO  o.s.w.s.h.SimpleUrlHandlerMapping -Mapped URL path [/webjars/**] onto handler of type [class org.springframework.web.servlet.resource.ResourceHttpRequestHandler]
2019-03-18 14:51:02.673 [main] INFO  o.s.w.s.h.SimpleUrlHandlerMapping -Mapped URL path [/**] onto handler of type [class org.springframework.web.servlet.resource.ResourceHttpRequestHandler]
2019-03-18 14:51:03.001 [main] INFO  o.s.u.f.SpringTemplateLoader -SpringTemplateLoader for FreeMarker: using resource loader [org.springframework.boot.web.servlet.context.AnnotationConfigServletWebServerApplicationContext@7f132176: startup date [Mon Mar 18 14:50:58 CST 2019]; parent: org.springframework.context.annotation.AnnotationConfigApplicationContext@5c671d7f] and template loader path [classpath:/templates/]
2019-03-18 14:51:03.002 [main] INFO  o.s.w.s.v.f.FreeMarkerConfigurer -ClassTemplateLoader for Spring macros added to FreeMarker configuration
2019-03-18 14:51:03.153 [main] INFO  o.s.c.n.eureka.InstanceInfoFactory -Setting initial instance status as: STARTING
2019-03-18 14:51:03.180 [main] INFO  c.netflix.discovery.DiscoveryClient -Initializing Eureka in region us-east-1
2019-03-18 14:51:03.541 [main] INFO  c.n.d.p.DiscoveryJerseyProvider -Using JSON encoding codec LegacyJacksonJson
2019-03-18 14:51:03.541 [main] INFO  c.n.d.p.DiscoveryJerseyProvider -Using JSON decoding codec LegacyJacksonJson
2019-03-18 14:51:03.542 [main] INFO  c.n.d.p.DiscoveryJerseyProvider -Using XML encoding codec XStreamXml
2019-03-18 14:51:03.542 [main] INFO  c.n.d.p.DiscoveryJerseyProvider -Using XML decoding codec XStreamXml
2019-03-18 14:51:03.628 [main] INFO  c.n.d.s.r.aws.ConfigClusterResolver -Resolving eureka endpoints via configuration
2019-03-18 14:51:03.908 [main] INFO  c.netflix.discovery.DiscoveryClient -Disable delta property : false
2019-03-18 14:51:03.908 [main] INFO  c.netflix.discovery.DiscoveryClient -Single vip registry refresh property : null
2019-03-18 14:51:03.908 [main] INFO  c.netflix.discovery.DiscoveryClient -Force full registry fetch : false
2019-03-18 14:51:03.908 [main] INFO  c.netflix.discovery.DiscoveryClient -Application is null : false
2019-03-18 14:51:03.908 [main] INFO  c.netflix.discovery.DiscoveryClient -Registered Applications size is zero : true
2019-03-18 14:51:03.908 [main] INFO  c.netflix.discovery.DiscoveryClient -Application version is -1: true
2019-03-18 14:51:03.908 [main] INFO  c.netflix.discovery.DiscoveryClient -Getting all instance registry info from the eureka server
2019-03-18 14:51:06.006 [main] ERROR c.n.d.s.t.d.RedirectingEurekaHttpClient -Request execution error
com.sun.jersey.api.client.ClientHandlerException: java.net.ConnectException: Connection refused: connect
	at com.sun.jersey.client.apache4.ApacheHttpClient4Handler.handle(ApacheHttpClient4Handler.java:187)
	at com.sun.jersey.api.client.filter.GZIPContentEncodingFilter.handle(GZIPContentEncodingFilter.java:123)
	at com.netflix.discovery.EurekaIdentityHeaderFilter.handle(EurekaIdentityHeaderFilter.java:27)
	at com.sun.jersey.api.client.Client.handle(Client.java:652)
	at com.sun.jersey.api.client.WebResource.handle(WebResource.java:682)
	at com.sun.jersey.api.client.WebResource.access$200(WebResource.java:74)
	at com.sun.jersey.api.client.WebResource$Builder.get(WebResource.java:509)
	at com.netflix.discovery.shared.transport.jersey.AbstractJerseyEurekaHttpClient.getApplicationsInternal(AbstractJerseyEurekaHttpClient.java:194)
	at com.netflix.discovery.shared.transport.jersey.AbstractJerseyEurekaHttpClient.getApplications(AbstractJerseyEurekaHttpClient.java:165)
	at com.netflix.discovery.shared.transport.decorator.EurekaHttpClientDecorator$6.execute(EurekaHttpClientDecorator.java:137)
	at com.netflix.discovery.shared.transport.decorator.MetricsCollectingEurekaHttpClient.execute(MetricsCollectingEurekaHttpClient.java:73)
	at com.netflix.discovery.shared.transport.decorator.EurekaHttpClientDecorator.getApplications(EurekaHttpClientDecorator.java:134)
	at com.netflix.discovery.shared.transport.decorator.EurekaHttpClientDecorator$6.execute(EurekaHttpClientDecorator.java:137)
	at com.netflix.discovery.shared.transport.decorator.RedirectingEurekaHttpClient.executeOnNewServer(RedirectingEurekaHttpClient.java:118)
	at com.netflix.discovery.shared.transport.decorator.RedirectingEurekaHttpClient.execute(RedirectingEurekaHttpClient.java:79)
	at com.netflix.discovery.shared.transport.decorator.EurekaHttpClientDecorator.getApplications(EurekaHttpClientDecorator.java:134)
	at com.netflix.discovery.shared.transport.decorator.EurekaHttpClientDecorator$6.execute(EurekaHttpClientDecorator.java:137)
	at com.netflix.discovery.shared.transport.decorator.RetryableEurekaHttpClient.execute(RetryableEurekaHttpClient.java:120)
	at com.netflix.discovery.shared.transport.decorator.EurekaHttpClientDecorator.getApplications(EurekaHttpClientDecorator.java:134)
	at com.netflix.discovery.shared.transport.decorator.EurekaHttpClientDecorator$6.execute(EurekaHttpClientDecorator.java:137)
	at com.netflix.discovery.shared.transport.decorator.SessionedEurekaHttpClient.execute(SessionedEurekaHttpClient.java:77)
	at com.netflix.discovery.shared.transport.decorator.EurekaHttpClientDecorator.getApplications(EurekaHttpClientDecorator.java:134)
	at com.netflix.discovery.DiscoveryClient.getAndStoreFullRegistry(DiscoveryClient.java:1051)
	at com.netflix.discovery.DiscoveryClient.fetchRegistry(DiscoveryClient.java:965)
	at com.netflix.discovery.DiscoveryClient.<init>(DiscoveryClient.java:414)
	at com.netflix.discovery.DiscoveryClient.<init>(DiscoveryClient.java:269)
	at org.springframework.cloud.netflix.eureka.CloudEurekaClient.<init>(CloudEurekaClient.java:63)
	at org.springframework.cloud.netflix.eureka.EurekaClientAutoConfiguration$RefreshableEurekaClientConfiguration.eurekaClient(EurekaClientAutoConfiguration.java:269)
	at org.springframework.cloud.netflix.eureka.EurekaClientAutoConfiguration$RefreshableEurekaClientConfiguration$$EnhancerBySpringCGLIB$$c877ea8e.CGLIB$eurekaClient$1(<generated>)
	at org.springframework.cloud.netflix.eureka.EurekaClientAutoConfiguration$RefreshableEurekaClientConfiguration$$EnhancerBySpringCGLIB$$c877ea8e$$FastClassBySpringCGLIB$$aa1f9e60.invoke(<generated>)
	at org.springframework.cglib.proxy.MethodProxy.invokeSuper(MethodProxy.java:228)
	at org.springframework.context.annotation.ConfigurationClassEnhancer$BeanMethodInterceptor.intercept(ConfigurationClassEnhancer.java:361)
	at org.springframework.cloud.netflix.eureka.EurekaClientAutoConfiguration$RefreshableEurekaClientConfiguration$$EnhancerBySpringCGLIB$$c877ea8e.eurekaClient(<generated>)
	at sun.reflect.NativeMethodAccessorImpl.invoke0(Native Method)
	at sun.reflect.NativeMethodAccessorImpl.invoke(NativeMethodAccessorImpl.java:62)
	at sun.reflect.DelegatingMethodAccessorImpl.invoke(DelegatingMethodAccessorImpl.java:43)
	at java.lang.reflect.Method.invoke(Method.java:497)
	at org.springframework.beans.factory.support.SimpleInstantiationStrategy.instantiate(SimpleInstantiationStrategy.java:154)
	at org.springframework.beans.factory.support.ConstructorResolver.instantiateUsingFactoryMethod(ConstructorResolver.java:582)
	at org.springframework.beans.factory.support.AbstractAutowireCapableBeanFactory.instantiateUsingFactoryMethod(AbstractAutowireCapableBeanFactory.java:1256)
	at org.springframework.beans.factory.support.AbstractAutowireCapableBeanFactory.createBeanInstance(AbstractAutowireCapableBeanFactory.java:1105)
	at org.springframework.beans.factory.support.AbstractAutowireCapableBeanFactory.doCreateBean(AbstractAutowireCapableBeanFactory.java:543)
	at org.springframework.beans.factory.support.AbstractAutowireCapableBeanFactory.createBean(AbstractAutowireCapableBeanFactory.java:503)
	at org.springframework.beans.factory.support.AbstractBeanFactory.lambda$doGetBean$1(AbstractBeanFactory.java:353)
	at org.springframework.cloud.context.scope.GenericScope$BeanLifecycleWrapper.getBean(GenericScope.java:390)
	at org.springframework.cloud.context.scope.GenericScope.get(GenericScope.java:184)
	at org.springframework.beans.factory.support.AbstractBeanFactory.doGetBean(AbstractBeanFactory.java:350)
	at org.springframework.beans.factory.support.AbstractBeanFactory.getBean(AbstractBeanFactory.java:199)
	at org.springframework.aop.target.SimpleBeanTargetSource.getTarget(SimpleBeanTargetSource.java:35)
	at org.springframework.aop.framework.JdkDynamicAopProxy.invoke(JdkDynamicAopProxy.java:193)
	at com.sun.proxy.$Proxy100.getApplications(Unknown Source)
	at org.springframework.cloud.netflix.eureka.server.EurekaServerAutoConfiguration.peerAwareInstanceRegistry(EurekaServerAutoConfiguration.java:164)
	at org.springframework.cloud.netflix.eureka.server.EurekaServerAutoConfiguration$$EnhancerBySpringCGLIB$$5a87f550.CGLIB$peerAwareInstanceRegistry$2(<generated>)
	at org.springframework.cloud.netflix.eureka.server.EurekaServerAutoConfiguration$$EnhancerBySpringCGLIB$$5a87f550$$FastClassBySpringCGLIB$$d07f16b5.invoke(<generated>)
	at org.springframework.cglib.proxy.MethodProxy.invokeSuper(MethodProxy.java:228)
	at org.springframework.context.annotation.ConfigurationClassEnhancer$BeanMethodInterceptor.intercept(ConfigurationClassEnhancer.java:361)
	at org.springframework.cloud.netflix.eureka.server.EurekaServerAutoConfiguration$$EnhancerBySpringCGLIB$$5a87f550.peerAwareInstanceRegistry(<generated>)
	at sun.reflect.NativeMethodAccessorImpl.invoke0(Native Method)
	at sun.reflect.NativeMethodAccessorImpl.invoke(NativeMethodAccessorImpl.java:62)
	at sun.reflect.DelegatingMethodAccessorImpl.invoke(DelegatingMethodAccessorImpl.java:43)
	at java.lang.reflect.Method.invoke(Method.java:497)
	at org.springframework.beans.factory.support.SimpleInstantiationStrategy.instantiate(SimpleInstantiationStrategy.java:154)
	at org.springframework.beans.factory.support.ConstructorResolver.instantiateUsingFactoryMethod(ConstructorResolver.java:582)
	at org.springframework.beans.factory.support.AbstractAutowireCapableBeanFactory.instantiateUsingFactoryMethod(AbstractAutowireCapableBeanFactory.java:1256)
	at org.springframework.beans.factory.support.AbstractAutowireCapableBeanFactory.createBeanInstance(AbstractAutowireCapableBeanFactory.java:1105)
	at org.springframework.beans.factory.support.AbstractAutowireCapableBeanFactory.doCreateBean(AbstractAutowireCapableBeanFactory.java:543)
	at org.springframework.beans.factory.support.AbstractAutowireCapableBeanFactory.createBean(AbstractAutowireCapableBeanFactory.java:503)
	at org.springframework.beans.factory.support.AbstractBeanFactory.lambda$doGetBean$0(AbstractBeanFactory.java:317)
	at org.springframework.beans.factory.support.DefaultSingletonBeanRegistry.getSingleton(DefaultSingletonBeanRegistry.java:222)
	at org.springframework.beans.factory.support.AbstractBeanFactory.doGetBean(AbstractBeanFactory.java:315)
	at org.springframework.beans.factory.support.AbstractBeanFactory.getBean(AbstractBeanFactory.java:199)
	at org.springframework.beans.factory.config.DependencyDescriptor.resolveCandidate(DependencyDescriptor.java:251)
	at org.springframework.beans.factory.support.DefaultListableBeanFactory.doResolveDependency(DefaultListableBeanFactory.java:1138)
	at org.springframework.beans.factory.support.DefaultListableBeanFactory.resolveDependency(DefaultListableBeanFactory.java:1065)
	at org.springframework.beans.factory.support.ConstructorResolver.resolveAutowiredArgument(ConstructorResolver.java:818)
	at org.springframework.beans.factory.support.ConstructorResolver.createArgumentArray(ConstructorResolver.java:724)
	at org.springframework.beans.factory.support.ConstructorResolver.instantiateUsingFactoryMethod(ConstructorResolver.java:474)
	at org.springframework.beans.factory.support.AbstractAutowireCapableBeanFactory.instantiateUsingFactoryMethod(AbstractAutowireCapableBeanFactory.java:1256)
	at org.springframework.beans.factory.support.AbstractAutowireCapableBeanFactory.createBeanInstance(AbstractAutowireCapableBeanFactory.java:1105)
	at org.springframework.beans.factory.support.AbstractAutowireCapableBeanFactory.doCreateBean(AbstractAutowireCapableBeanFactory.java:543)
	at org.springframework.beans.factory.support.AbstractAutowireCapableBeanFactory.createBean(AbstractAutowireCapableBeanFactory.java:503)
	at org.springframework.beans.factory.support.AbstractBeanFactory.lambda$doGetBean$0(AbstractBeanFactory.java:317)
	at org.springframework.beans.factory.support.DefaultSingletonBeanRegistry.getSingleton(DefaultSingletonBeanRegistry.java:222)
	at org.springframework.beans.factory.support.AbstractBeanFactory.doGetBean(AbstractBeanFactory.java:315)
	at org.springframework.beans.factory.support.AbstractBeanFactory.getBean(AbstractBeanFactory.java:199)
	at org.springframework.beans.factory.config.DependencyDescriptor.resolveCandidate(DependencyDescriptor.java:251)
	at org.springframework.beans.factory.support.DefaultListableBeanFactory.doResolveDependency(DefaultListableBeanFactory.java:1138)
	at org.springframework.beans.factory.support.DefaultListableBeanFactory.resolveDependency(DefaultListableBeanFactory.java:1065)
	at org.springframework.beans.factory.annotation.AutowiredAnnotationBeanPostProcessor$AutowiredFieldElement.inject(AutowiredAnnotationBeanPostProcessor.java:584)
	at org.springframework.beans.factory.annotation.InjectionMetadata.inject(InjectionMetadata.java:91)
	at org.springframework.beans.factory.annotation.AutowiredAnnotationBeanPostProcessor.postProcessPropertyValues(AutowiredAnnotationBeanPostProcessor.java:373)
	at org.springframework.beans.factory.support.AbstractAutowireCapableBeanFactory.populateBean(AbstractAutowireCapableBeanFactory.java:1350)
	at org.springframework.beans.factory.support.AbstractAutowireCapableBeanFactory.doCreateBean(AbstractAutowireCapableBeanFactory.java:580)
	at org.springframework.beans.factory.support.AbstractAutowireCapableBeanFactory.createBean(AbstractAutowireCapableBeanFactory.java:503)
	at org.springframework.beans.factory.support.AbstractBeanFactory.lambda$doGetBean$0(AbstractBeanFactory.java:317)
	at org.springframework.beans.factory.support.DefaultSingletonBeanRegistry.getSingleton(DefaultSingletonBeanRegistry.java:222)
	at org.springframework.beans.factory.support.AbstractBeanFactory.doGetBean(AbstractBeanFactory.java:315)
	at org.springframework.beans.factory.support.AbstractBeanFactory.getBean(AbstractBeanFactory.java:199)
	at org.springframework.beans.factory.support.DefaultListableBeanFactory.preInstantiateSingletons(DefaultListableBeanFactory.java:760)
	at org.springframework.context.support.AbstractApplicationContext.finishBeanFactoryInitialization(AbstractApplicationContext.java:869)
	at org.springframework.context.support.AbstractApplicationContext.refresh(AbstractApplicationContext.java:550)
	at org.springframework.boot.web.servlet.context.ServletWebServerApplicationContext.refresh(ServletWebServerApplicationContext.java:140)
	at org.springframework.boot.SpringApplication.refresh(SpringApplication.java:759)
	at org.springframework.boot.SpringApplication.refreshContext(SpringApplication.java:395)
	at org.springframework.boot.SpringApplication.run(SpringApplication.java:327)
	at org.springframework.boot.SpringApplication.run(SpringApplication.java:1255)
	at org.springframework.boot.SpringApplication.run(SpringApplication.java:1243)
	at com.lft.server.ServerApplication.main(ServerApplication.java:12)
Caused by: java.net.ConnectException: Connection refused: connect
	at java.net.DualStackPlainSocketImpl.waitForConnect(Native Method)
	at java.net.DualStackPlainSocketImpl.socketConnect(DualStackPlainSocketImpl.java:85)
	at java.net.AbstractPlainSocketImpl.doConnect(AbstractPlainSocketImpl.java:350)
	at java.net.AbstractPlainSocketImpl.connectToAddress(AbstractPlainSocketImpl.java:206)
	at java.net.AbstractPlainSocketImpl.connect(AbstractPlainSocketImpl.java:188)
	at java.net.PlainSocketImpl.connect(PlainSocketImpl.java:172)
	at java.net.SocksSocketImpl.connect(SocksSocketImpl.java:392)
	at java.net.Socket.connect(Socket.java:589)
	at org.apache.http.conn.scheme.PlainSocketFactory.connectSocket(PlainSocketFactory.java:121)
	at org.apache.http.impl.conn.DefaultClientConnectionOperator.openConnection(DefaultClientConnectionOperator.java:180)
	at org.apache.http.impl.conn.AbstractPoolEntry.open(AbstractPoolEntry.java:144)
	at org.apache.http.impl.conn.AbstractPooledConnAdapter.open(AbstractPooledConnAdapter.java:134)
	at org.apache.http.impl.client.DefaultRequestDirector.tryConnect(DefaultRequestDirector.java:610)
	at org.apache.http.impl.client.DefaultRequestDirector.execute(DefaultRequestDirector.java:445)
	at org.apache.http.impl.client.AbstractHttpClient.doExecute(AbstractHttpClient.java:835)
	at org.apache.http.impl.client.CloseableHttpClient.execute(CloseableHttpClient.java:118)
	at org.apache.http.impl.client.CloseableHttpClient.execute(CloseableHttpClient.java:56)
	at com.sun.jersey.client.apache4.ApacheHttpClient4Handler.handle(ApacheHttpClient4Handler.java:173)
	... 107 common frames omitted
2019-03-18 14:51:06.008 [main] WARN  c.n.d.s.t.d.RetryableEurekaHttpClient -Request execution failed with message: java.net.ConnectException: Connection refused: connect
2019-03-18 14:51:06.009 [main] ERROR c.netflix.discovery.DiscoveryClient -DiscoveryClient_UNKNOWN/DESKTOP-14L2IB0:8761 - was unable to refresh its cache! status = Cannot execute request on any known server
com.netflix.discovery.shared.transport.TransportException: Cannot execute request on any known server
	at com.netflix.discovery.shared.transport.decorator.RetryableEurekaHttpClient.execute(RetryableEurekaHttpClient.java:112)
	at com.netflix.discovery.shared.transport.decorator.EurekaHttpClientDecorator.getApplications(EurekaHttpClientDecorator.java:134)
	at com.netflix.discovery.shared.transport.decorator.EurekaHttpClientDecorator$6.execute(EurekaHttpClientDecorator.java:137)
	at com.netflix.discovery.shared.transport.decorator.SessionedEurekaHttpClient.execute(SessionedEurekaHttpClient.java:77)
	at com.netflix.discovery.shared.transport.decorator.EurekaHttpClientDecorator.getApplications(EurekaHttpClientDecorator.java:134)
	at com.netflix.discovery.DiscoveryClient.getAndStoreFullRegistry(DiscoveryClient.java:1051)
	at com.netflix.discovery.DiscoveryClient.fetchRegistry(DiscoveryClient.java:965)
	at com.netflix.discovery.DiscoveryClient.<init>(DiscoveryClient.java:414)
	at com.netflix.discovery.DiscoveryClient.<init>(DiscoveryClient.java:269)
	at org.springframework.cloud.netflix.eureka.CloudEurekaClient.<init>(CloudEurekaClient.java:63)
	at org.springframework.cloud.netflix.eureka.EurekaClientAutoConfiguration$RefreshableEurekaClientConfiguration.eurekaClient(EurekaClientAutoConfiguration.java:269)
	at org.springframework.cloud.netflix.eureka.EurekaClientAutoConfiguration$RefreshableEurekaClientConfiguration$$EnhancerBySpringCGLIB$$c877ea8e.CGLIB$eurekaClient$1(<generated>)
	at org.springframework.cloud.netflix.eureka.EurekaClientAutoConfiguration$RefreshableEurekaClientConfiguration$$EnhancerBySpringCGLIB$$c877ea8e$$FastClassBySpringCGLIB$$aa1f9e60.invoke(<generated>)
	at org.springframework.cglib.proxy.MethodProxy.invokeSuper(MethodProxy.java:228)
	at org.springframework.context.annotation.ConfigurationClassEnhancer$BeanMethodInterceptor.intercept(ConfigurationClassEnhancer.java:361)
	at org.springframework.cloud.netflix.eureka.EurekaClientAutoConfiguration$RefreshableEurekaClientConfiguration$$EnhancerBySpringCGLIB$$c877ea8e.eurekaClient(<generated>)
	at sun.reflect.NativeMethodAccessorImpl.invoke0(Native Method)
	at sun.reflect.NativeMethodAccessorImpl.invoke(NativeMethodAccessorImpl.java:62)
	at sun.reflect.DelegatingMethodAccessorImpl.invoke(DelegatingMethodAccessorImpl.java:43)
	at java.lang.reflect.Method.invoke(Method.java:497)
	at org.springframework.beans.factory.support.SimpleInstantiationStrategy.instantiate(SimpleInstantiationStrategy.java:154)
	at org.springframework.beans.factory.support.ConstructorResolver.instantiateUsingFactoryMethod(ConstructorResolver.java:582)
	at org.springframework.beans.factory.support.AbstractAutowireCapableBeanFactory.instantiateUsingFactoryMethod(AbstractAutowireCapableBeanFactory.java:1256)
	at org.springframework.beans.factory.support.AbstractAutowireCapableBeanFactory.createBeanInstance(AbstractAutowireCapableBeanFactory.java:1105)
	at org.springframework.beans.factory.support.AbstractAutowireCapableBeanFactory.doCreateBean(AbstractAutowireCapableBeanFactory.java:543)
	at org.springframework.beans.factory.support.AbstractAutowireCapableBeanFactory.createBean(AbstractAutowireCapableBeanFactory.java:503)
	at org.springframework.beans.factory.support.AbstractBeanFactory.lambda$doGetBean$1(AbstractBeanFactory.java:353)
	at org.springframework.cloud.context.scope.GenericScope$BeanLifecycleWrapper.getBean(GenericScope.java:390)
	at org.springframework.cloud.context.scope.GenericScope.get(GenericScope.java:184)
	at org.springframework.beans.factory.support.AbstractBeanFactory.doGetBean(AbstractBeanFactory.java:350)
	at org.springframework.beans.factory.support.AbstractBeanFactory.getBean(AbstractBeanFactory.java:199)
	at org.springframework.aop.target.SimpleBeanTargetSource.getTarget(SimpleBeanTargetSource.java:35)
	at org.springframework.aop.framework.JdkDynamicAopProxy.invoke(JdkDynamicAopProxy.java:193)
	at com.sun.proxy.$Proxy100.getApplications(Unknown Source)
	at org.springframework.cloud.netflix.eureka.server.EurekaServerAutoConfiguration.peerAwareInstanceRegistry(EurekaServerAutoConfiguration.java:164)
	at org.springframework.cloud.netflix.eureka.server.EurekaServerAutoConfiguration$$EnhancerBySpringCGLIB$$5a87f550.CGLIB$peerAwareInstanceRegistry$2(<generated>)
	at org.springframework.cloud.netflix.eureka.server.EurekaServerAutoConfiguration$$EnhancerBySpringCGLIB$$5a87f550$$FastClassBySpringCGLIB$$d07f16b5.invoke(<generated>)
	at org.springframework.cglib.proxy.MethodProxy.invokeSuper(MethodProxy.java:228)
	at org.springframework.context.annotation.ConfigurationClassEnhancer$BeanMethodInterceptor.intercept(ConfigurationClassEnhancer.java:361)
	at org.springframework.cloud.netflix.eureka.server.EurekaServerAutoConfiguration$$EnhancerBySpringCGLIB$$5a87f550.peerAwareInstanceRegistry(<generated>)
	at sun.reflect.NativeMethodAccessorImpl.invoke0(Native Method)
	at sun.reflect.NativeMethodAccessorImpl.invoke(NativeMethodAccessorImpl.java:62)
	at sun.reflect.DelegatingMethodAccessorImpl.invoke(DelegatingMethodAccessorImpl.java:43)
	at java.lang.reflect.Method.invoke(Method.java:497)
	at org.springframework.beans.factory.support.SimpleInstantiationStrategy.instantiate(SimpleInstantiationStrategy.java:154)
	at org.springframework.beans.factory.support.ConstructorResolver.instantiateUsingFactoryMethod(ConstructorResolver.java:582)
	at org.springframework.beans.factory.support.AbstractAutowireCapableBeanFactory.instantiateUsingFactoryMethod(AbstractAutowireCapableBeanFactory.java:1256)
	at org.springframework.beans.factory.support.AbstractAutowireCapableBeanFactory.createBeanInstance(AbstractAutowireCapableBeanFactory.java:1105)
	at org.springframework.beans.factory.support.AbstractAutowireCapableBeanFactory.doCreateBean(AbstractAutowireCapableBeanFactory.java:543)
	at org.springframework.beans.factory.support.AbstractAutowireCapableBeanFactory.createBean(AbstractAutowireCapableBeanFactory.java:503)
	at org.springframework.beans.factory.support.AbstractBeanFactory.lambda$doGetBean$0(AbstractBeanFactory.java:317)
	at org.springframework.beans.factory.support.DefaultSingletonBeanRegistry.getSingleton(DefaultSingletonBeanRegistry.java:222)
	at org.springframework.beans.factory.support.AbstractBeanFactory.doGetBean(AbstractBeanFactory.java:315)
	at org.springframework.beans.factory.support.AbstractBeanFactory.getBean(AbstractBeanFactory.java:199)
	at org.springframework.beans.factory.config.DependencyDescriptor.resolveCandidate(DependencyDescriptor.java:251)
	at org.springframework.beans.factory.support.DefaultListableBeanFactory.doResolveDependency(DefaultListableBeanFactory.java:1138)
	at org.springframework.beans.factory.support.DefaultListableBeanFactory.resolveDependency(DefaultListableBeanFactory.java:1065)
	at org.springframework.beans.factory.support.ConstructorResolver.resolveAutowiredArgument(ConstructorResolver.java:818)
	at org.springframework.beans.factory.support.ConstructorResolver.createArgumentArray(ConstructorResolver.java:724)
	at org.springframework.beans.factory.support.ConstructorResolver.instantiateUsingFactoryMethod(ConstructorResolver.java:474)
	at org.springframework.beans.factory.support.AbstractAutowireCapableBeanFactory.instantiateUsingFactoryMethod(AbstractAutowireCapableBeanFactory.java:1256)
	at org.springframework.beans.factory.support.AbstractAutowireCapableBeanFactory.createBeanInstance(AbstractAutowireCapableBeanFactory.java:1105)
	at org.springframework.beans.factory.support.AbstractAutowireCapableBeanFactory.doCreateBean(AbstractAutowireCapableBeanFactory.java:543)
	at org.springframework.beans.factory.support.AbstractAutowireCapableBeanFactory.createBean(AbstractAutowireCapableBeanFactory.java:503)
	at org.springframework.beans.factory.support.AbstractBeanFactory.lambda$doGetBean$0(AbstractBeanFactory.java:317)
	at org.springframework.beans.factory.support.DefaultSingletonBeanRegistry.getSingleton(DefaultSingletonBeanRegistry.java:222)
	at org.springframework.beans.factory.support.AbstractBeanFactory.doGetBean(AbstractBeanFactory.java:315)
	at org.springframework.beans.factory.support.AbstractBeanFactory.getBean(AbstractBeanFactory.java:199)
	at org.springframework.beans.factory.config.DependencyDescriptor.resolveCandidate(DependencyDescriptor.java:251)
	at org.springframework.beans.factory.support.DefaultListableBeanFactory.doResolveDependency(DefaultListableBeanFactory.java:1138)
	at org.springframework.beans.factory.support.DefaultListableBeanFactory.resolveDependency(DefaultListableBeanFactory.java:1065)
	at org.springframework.beans.factory.annotation.AutowiredAnnotationBeanPostProcessor$AutowiredFieldElement.inject(AutowiredAnnotationBeanPostProcessor.java:584)
	at org.springframework.beans.factory.annotation.InjectionMetadata.inject(InjectionMetadata.java:91)
	at org.springframework.beans.factory.annotation.AutowiredAnnotationBeanPostProcessor.postProcessPropertyValues(AutowiredAnnotationBeanPostProcessor.java:373)
	at org.springframework.beans.factory.support.AbstractAutowireCapableBeanFactory.populateBean(AbstractAutowireCapableBeanFactory.java:1350)
	at org.springframework.beans.factory.support.AbstractAutowireCapableBeanFactory.doCreateBean(AbstractAutowireCapableBeanFactory.java:580)
	at org.springframework.beans.factory.support.AbstractAutowireCapableBeanFactory.createBean(AbstractAutowireCapableBeanFactory.java:503)
	at org.springframework.beans.factory.support.AbstractBeanFactory.lambda$doGetBean$0(AbstractBeanFactory.java:317)
	at org.springframework.beans.factory.support.DefaultSingletonBeanRegistry.getSingleton(DefaultSingletonBeanRegistry.java:222)
	at org.springframework.beans.factory.support.AbstractBeanFactory.doGetBean(AbstractBeanFactory.java:315)
	at org.springframework.beans.factory.support.AbstractBeanFactory.getBean(AbstractBeanFactory.java:199)
	at org.springframework.beans.factory.support.DefaultListableBeanFactory.preInstantiateSingletons(DefaultListableBeanFactory.java:760)
	at org.springframework.context.support.AbstractApplicationContext.finishBeanFactoryInitialization(AbstractApplicationContext.java:869)
	at org.springframework.context.support.AbstractApplicationContext.refresh(AbstractApplicationContext.java:550)
	at org.springframework.boot.web.servlet.context.ServletWebServerApplicationContext.refresh(ServletWebServerApplicationContext.java:140)
	at org.springframework.boot.SpringApplication.refresh(SpringApplication.java:759)
	at org.springframework.boot.SpringApplication.refreshContext(SpringApplication.java:395)
	at org.springframework.boot.SpringApplication.run(SpringApplication.java:327)
	at org.springframework.boot.SpringApplication.run(SpringApplication.java:1255)
	at org.springframework.boot.SpringApplication.run(SpringApplication.java:1243)
	at com.lft.server.ServerApplication.main(ServerApplication.java:12)
2019-03-18 14:51:06.010 [main] WARN  c.netflix.discovery.DiscoveryClient -Using default backup registry implementation which does not do anything.
2019-03-18 14:51:06.011 [main] INFO  c.netflix.discovery.DiscoveryClient -Starting heartbeat executor: renew interval is: 30
2019-03-18 14:51:06.013 [main] INFO  c.n.discovery.InstanceInfoReplicator -InstanceInfoReplicator onDemand update allowed rate per min is 4
2019-03-18 14:51:06.016 [main] INFO  c.netflix.discovery.DiscoveryClient -Discovery Client initialized at timestamp 1552891866015 with initial instances count: 0
2019-03-18 14:51:06.048 [main] INFO  c.n.e.DefaultEurekaServerContext -Initializing ...
2019-03-18 14:51:06.048 [main] INFO  c.n.eureka.cluster.PeerEurekaNodes -Adding new peer nodes [http://localhost:8761/eureka/]
2019-03-18 14:51:06.051 [main] INFO  c.n.d.p.DiscoveryJerseyProvider -Using JSON encoding codec LegacyJacksonJson
2019-03-18 14:51:06.052 [main] INFO  c.n.d.p.DiscoveryJerseyProvider -Using JSON decoding codec LegacyJacksonJson
2019-03-18 14:51:06.052 [main] INFO  c.n.d.p.DiscoveryJerseyProvider -Using XML encoding codec XStreamXml
2019-03-18 14:51:06.052 [main] INFO  c.n.d.p.DiscoveryJerseyProvider -Using XML decoding codec XStreamXml
2019-03-18 14:51:06.117 [main] INFO  c.n.eureka.cluster.PeerEurekaNodes -Replica node URL:  http://localhost:8761/eureka/
2019-03-18 14:51:06.123 [main] INFO  c.n.e.r.AbstractInstanceRegistry -Finished initializing remote region registries. All known remote regions: []
2019-03-18 14:51:06.124 [main] INFO  c.n.e.DefaultEurekaServerContext -Initialized
2019-03-18 14:51:06.139 [main] INFO  o.s.b.a.e.web.EndpointLinksResolver -Exposing 2 endpoint(s) beneath base path '/actuator'
2019-03-18 14:51:06.151 [main] INFO  o.s.b.a.e.w.s.WebMvcEndpointHandlerMapping -Mapped "{[/actuator/health],methods=[GET],produces=[application/vnd.spring-boot.actuator.v2+json || application/json]}" onto public java.lang.Object org.springframework.boot.actuate.endpoint.web.servlet.AbstractWebMvcEndpointHandlerMapping$OperationHandler.handle(javax.servlet.http.HttpServletRequest,java.util.Map<java.lang.String, java.lang.String>)
2019-03-18 14:51:06.152 [main] INFO  o.s.b.a.e.w.s.WebMvcEndpointHandlerMapping -Mapped "{[/actuator/info],methods=[GET],produces=[application/vnd.spring-boot.actuator.v2+json || application/json]}" onto public java.lang.Object org.springframework.boot.actuate.endpoint.web.servlet.AbstractWebMvcEndpointHandlerMapping$OperationHandler.handle(javax.servlet.http.HttpServletRequest,java.util.Map<java.lang.String, java.lang.String>)
2019-03-18 14:51:06.153 [main] INFO  o.s.b.a.e.w.s.WebMvcEndpointHandlerMapping -Mapped "{[/actuator],methods=[GET],produces=[application/vnd.spring-boot.actuator.v2+json || application/json]}" onto protected java.util.Map<java.lang.String, java.util.Map<java.lang.String, org.springframework.boot.actuate.endpoint.web.Link>> org.springframework.boot.actuate.endpoint.web.servlet.WebMvcEndpointHandlerMapping.links(javax.servlet.http.HttpServletRequest,javax.servlet.http.HttpServletResponse)
2019-03-18 14:51:06.203 [main] INFO  o.s.j.e.a.AnnotationMBeanExporter -Registering beans for JMX exposure on startup
2019-03-18 14:51:06.213 [main] INFO  o.s.j.e.a.AnnotationMBeanExporter -Bean with name 'environmentManager' has been autodetected for JMX exposure
2019-03-18 14:51:06.215 [main] INFO  o.s.j.e.a.AnnotationMBeanExporter -Bean with name 'configurationPropertiesRebinder' has been autodetected for JMX exposure
2019-03-18 14:51:06.215 [main] INFO  o.s.j.e.a.AnnotationMBeanExporter -Bean with name 'refreshScope' has been autodetected for JMX exposure
2019-03-18 14:51:06.219 [main] INFO  o.s.j.e.a.AnnotationMBeanExporter -Located managed bean 'environmentManager': registering with JMX server as MBean [org.springframework.cloud.context.environment:name=environmentManager,type=EnvironmentManager]
2019-03-18 14:51:06.228 [main] INFO  o.s.j.e.a.AnnotationMBeanExporter -Located managed bean 'refreshScope': registering with JMX server as MBean [org.springframework.cloud.context.scope.refresh:name=refreshScope,type=RefreshScope]
2019-03-18 14:51:06.240 [main] INFO  o.s.j.e.a.AnnotationMBeanExporter -Located managed bean 'configurationPropertiesRebinder': registering with JMX server as MBean [org.springframework.cloud.context.properties:name=configurationPropertiesRebinder,context=7f132176,type=ConfigurationPropertiesRebinder]
2019-03-18 14:51:06.252 [main] INFO  o.s.c.s.DefaultLifecycleProcessor -Starting beans in phase 0
2019-03-18 14:51:06.253 [main] INFO  o.s.c.n.e.s.EurekaServiceRegistry -Registering application unknown with eureka with status UP
2019-03-18 14:51:06.254 [main] INFO  c.netflix.discovery.DiscoveryClient -Saw local status change event StatusChangeEvent [timestamp=1552891866254, current=UP, previous=STARTING]
2019-03-18 14:51:06.256 [DiscoveryClient-InstanceInfoReplicator-0] INFO  c.netflix.discovery.DiscoveryClient -DiscoveryClient_UNKNOWN/DESKTOP-14L2IB0:8761: registering service...
2019-03-18 14:51:06.264 [Thread-32] INFO  o.s.c.n.e.s.EurekaServerBootstrap -Setting the eureka configuration..
2019-03-18 14:51:06.264 [Thread-32] INFO  o.s.c.n.e.s.EurekaServerBootstrap -Eureka data center value eureka.datacenter is not set, defaulting to default
2019-03-18 14:51:06.265 [Thread-32] INFO  o.s.c.n.e.s.EurekaServerBootstrap -Eureka environment value eureka.environment is not set, defaulting to test
2019-03-18 14:51:06.285 [Thread-32] INFO  o.s.c.n.e.s.EurekaServerBootstrap -isAws returned false
2019-03-18 14:51:06.285 [Thread-32] INFO  o.s.c.n.e.s.EurekaServerBootstrap -Initialized server context
2019-03-18 14:51:06.287 [main] INFO  o.a.coyote.http11.Http11NioProtocol -Starting ProtocolHandler ["http-nio-8761"]
2019-03-18 14:51:06.300 [main] INFO  o.a.tomcat.util.net.NioSelectorPool -Using a shared selector for servlet write/read
2019-03-18 14:51:06.318 [main] INFO  o.s.b.w.e.tomcat.TomcatWebServer -Tomcat started on port(s): 8761 (http) with context path ''
2019-03-18 14:51:06.319 [main] INFO  o.s.c.n.e.s.EurekaAutoServiceRegistration -Updating port to 8761
2019-03-18 14:51:06.322 [main] INFO  com.lft.server.ServerApplication -Started ServerApplication in 9.471 seconds (JVM running for 11.037)
2019-03-18 14:51:06.795 [RMI TCP Connection(2)-169.254.201.124] INFO  o.a.c.c.C.[Tomcat].[localhost].[/] -Initializing Spring FrameworkServlet 'dispatcherServlet'
2019-03-18 14:51:06.795 [RMI TCP Connection(2)-169.254.201.124] INFO  o.s.web.servlet.DispatcherServlet -FrameworkServlet 'dispatcherServlet': initialization started
2019-03-18 14:51:06.819 [RMI TCP Connection(2)-169.254.201.124] INFO  o.s.web.servlet.DispatcherServlet -FrameworkServlet 'dispatcherServlet': initialization completed in 24 ms
2019-03-18 14:51:06.989 [http-nio-8761-exec-1] INFO  c.n.e.r.AbstractInstanceRegistry -Registered instance UNKNOWN/DESKTOP-14L2IB0:8761 with status UP (replication=false)
2019-03-18 14:51:07.011 [DiscoveryClient-InstanceInfoReplicator-0] INFO  c.netflix.discovery.DiscoveryClient -DiscoveryClient_UNKNOWN/DESKTOP-14L2IB0:8761 - registration status: 204
2019-03-18 14:51:07.511 [http-nio-8761-exec-2] INFO  c.n.e.r.AbstractInstanceRegistry -Registered instance UNKNOWN/DESKTOP-14L2IB0:8761 with status UP (replication=true)
2019-03-18 14:51:36.012 [DiscoveryClient-CacheRefreshExecutor-0] INFO  c.netflix.discovery.DiscoveryClient -Disable delta property : false
2019-03-18 14:51:36.013 [DiscoveryClient-CacheRefreshExecutor-0] INFO  c.netflix.discovery.DiscoveryClient -Single vip registry refresh property : null
2019-03-18 14:51:36.013 [DiscoveryClient-CacheRefreshExecutor-0] INFO  c.netflix.discovery.DiscoveryClient -Force full registry fetch : false
2019-03-18 14:51:36.013 [DiscoveryClient-CacheRefreshExecutor-0] INFO  c.netflix.discovery.DiscoveryClient -Application is null : false
2019-03-18 14:51:36.013 [DiscoveryClient-CacheRefreshExecutor-0] INFO  c.netflix.discovery.DiscoveryClient -Registered Applications size is zero : true
2019-03-18 14:51:36.013 [DiscoveryClient-CacheRefreshExecutor-0] INFO  c.netflix.discovery.DiscoveryClient -Application version is -1: true
2019-03-18 14:51:36.013 [DiscoveryClient-CacheRefreshExecutor-0] INFO  c.netflix.discovery.DiscoveryClient -Getting all instance registry info from the eureka server
2019-03-18 14:51:36.058 [DiscoveryClient-CacheRefreshExecutor-0] INFO  c.netflix.discovery.DiscoveryClient -The response status is 200
2019-03-18 14:51:36.289 [Thread-32] INFO  c.n.e.r.AbstractInstanceRegistry -Registered instance UNKNOWN/DESKTOP-14L2IB0:8761 with status UP (replication=true)
2019-03-18 14:51:36.290 [Thread-32] INFO  c.n.e.r.PeerAwareInstanceRegistryImpl -Got 1 instances from neighboring DS node
2019-03-18 14:51:36.290 [Thread-32] INFO  c.n.e.r.PeerAwareInstanceRegistryImpl -Renew threshold is: 1
2019-03-18 14:51:36.290 [Thread-32] INFO  c.n.e.r.PeerAwareInstanceRegistryImpl -Changing status to UP
2019-03-18 14:51:36.295 [Thread-32] INFO  o.s.c.n.e.s.EurekaServerInitializerConfiguration -Started Eureka Server
2019-03-18 14:52:36.291 [Eureka-EvictionTimer] INFO  c.n.e.r.AbstractInstanceRegistry -Running the evict task with compensationTime 0ms
2019-03-18 14:53:36.292 [Eureka-EvictionTimer] INFO  c.n.e.r.AbstractInstanceRegistry -Running the evict task with compensationTime 0ms
2019-03-18 14:54:36.293 [Eureka-EvictionTimer] INFO  c.n.e.r.AbstractInstanceRegistry -Running the evict task with compensationTime 0ms
2019-03-18 14:55:36.293 [Eureka-EvictionTimer] INFO  c.n.e.r.AbstractInstanceRegistry -Running the evict task with compensationTime 0ms
2019-03-18 14:55:49.019 [http-nio-8761-exec-1] INFO  c.n.e.r.AbstractInstanceRegistry -Registered instance LOADBALANCE/DESKTOP-14L2IB0:loadbalance:7777 with status UP (replication=false)
2019-03-18 14:55:49.532 [http-nio-8761-exec-2] INFO  c.n.e.r.AbstractInstanceRegistry -Registered instance LOADBALANCE/DESKTOP-14L2IB0:loadbalance:7777 with status UP (replication=true)
2019-03-18 14:56:03.910 [AsyncResolver-bootstrap-executor-0] INFO  c.n.d.s.r.aws.ConfigClusterResolver -Resolving eureka endpoints via configuration
2019-03-18 14:56:36.293 [Eureka-EvictionTimer] INFO  c.n.e.r.AbstractInstanceRegistry -Running the evict task with compensationTime 0ms
2019-03-18 14:57:36.294 [Eureka-EvictionTimer] INFO  c.n.e.r.AbstractInstanceRegistry -Running the evict task with compensationTime 0ms
2019-03-18 14:58:36.294 [Eureka-EvictionTimer] INFO  c.n.e.r.AbstractInstanceRegistry -Running the evict task with compensationTime 0ms
2019-03-18 14:59:36.295 [Eureka-EvictionTimer] INFO  c.n.e.r.AbstractInstanceRegistry -Running the evict task with compensationTime 0ms
2019-03-18 15:00:36.295 [Eureka-EvictionTimer] INFO  c.n.e.r.AbstractInstanceRegistry -Running the evict task with compensationTime 0ms
2019-03-18 15:01:03.912 [AsyncResolver-bootstrap-executor-0] INFO  c.n.d.s.r.aws.ConfigClusterResolver -Resolving eureka endpoints via configuration
2019-03-18 15:01:36.295 [Eureka-EvictionTimer] INFO  c.n.e.r.AbstractInstanceRegistry -Running the evict task with compensationTime 0ms
2019-03-18 15:02:19.558 [http-nio-8761-exec-1] INFO  c.n.e.r.AbstractInstanceRegistry -Registered instance CLIENT/DESKTOP-14L2IB0:client:8011 with status UP (replication=false)
2019-03-18 15:02:20.067 [http-nio-8761-exec-3] INFO  c.n.e.r.AbstractInstanceRegistry -Registered instance CLIENT/DESKTOP-14L2IB0:client:8011 with status UP (replication=true)
2019-03-18 15:02:36.295 [Eureka-EvictionTimer] INFO  c.n.e.r.AbstractInstanceRegistry -Running the evict task with compensationTime 0ms
2019-03-18 15:03:36.296 [Eureka-EvictionTimer] INFO  c.n.e.r.AbstractInstanceRegistry -Running the evict task with compensationTime 0ms
2019-03-18 15:03:46.273 [http-nio-8761-exec-5] INFO  c.n.e.r.AbstractInstanceRegistry -Registered instance CLIENT/DESKTOP-14L2IB0:client:8012 with status UP (replication=false)
2019-03-18 15:03:46.785 [http-nio-8761-exec-8] INFO  c.n.e.r.AbstractInstanceRegistry -Registered instance CLIENT/DESKTOP-14L2IB0:client:8012 with status UP (replication=true)
2019-03-18 15:04:36.296 [Eureka-EvictionTimer] INFO  c.n.e.r.AbstractInstanceRegistry -Running the evict task with compensationTime 0ms
2019-03-18 15:05:36.296 [Eureka-EvictionTimer] INFO  c.n.e.r.AbstractInstanceRegistry -Running the evict task with compensationTime 0ms
2019-03-18 15:06:03.913 [AsyncResolver-bootstrap-executor-0] INFO  c.n.d.s.r.aws.ConfigClusterResolver -Resolving eureka endpoints via configuration
2019-03-18 15:06:06.124 [ReplicaAwareInstanceRegistry - RenewalThresholdUpdater] INFO  c.n.e.r.PeerAwareInstanceRegistryImpl -Current renewal threshold is : 6
2019-03-18 15:06:36.296 [Eureka-EvictionTimer] INFO  c.n.e.r.AbstractInstanceRegistry -Running the evict task with compensationTime 0ms
2019-03-18 15:07:36.297 [Eureka-EvictionTimer] INFO  c.n.e.r.AbstractInstanceRegistry -Running the evict task with compensationTime 0ms
2019-03-18 15:08:36.297 [Eureka-EvictionTimer] INFO  c.n.e.r.AbstractInstanceRegistry -Running the evict task with compensationTime 0ms
2019-03-18 15:09:36.297 [Eureka-EvictionTimer] INFO  c.n.e.r.AbstractInstanceRegistry -Running the evict task with compensationTime 0ms
2019-03-18 15:10:36.298 [Eureka-EvictionTimer] INFO  c.n.e.r.AbstractInstanceRegistry -Running the evict task with compensationTime 0ms
2019-03-18 15:11:03.915 [AsyncResolver-bootstrap-executor-0] INFO  c.n.d.s.r.aws.ConfigClusterResolver -Resolving eureka endpoints via configuration
2019-03-18 15:11:36.298 [Eureka-EvictionTimer] INFO  c.n.e.r.AbstractInstanceRegistry -Running the evict task with compensationTime 0ms
2019-03-18 15:12:36.299 [Eureka-EvictionTimer] INFO  c.n.e.r.AbstractInstanceRegistry -Running the evict task with compensationTime 0ms
2019-03-18 15:13:36.299 [Eureka-EvictionTimer] INFO  c.n.e.r.AbstractInstanceRegistry -Running the evict task with compensationTime 0ms
2019-03-18 15:14:36.300 [Eureka-EvictionTimer] INFO  c.n.e.r.AbstractInstanceRegistry -Running the evict task with compensationTime 0ms
2019-03-18 15:15:36.300 [Eureka-EvictionTimer] INFO  c.n.e.r.AbstractInstanceRegistry -Running the evict task with compensationTime 0ms
2019-03-18 15:16:03.916 [AsyncResolver-bootstrap-executor-0] INFO  c.n.d.s.r.aws.ConfigClusterResolver -Resolving eureka endpoints via configuration
2019-03-18 15:16:36.300 [Eureka-EvictionTimer] INFO  c.n.e.r.AbstractInstanceRegistry -Running the evict task with compensationTime 0ms
2019-03-18 15:17:36.300 [Eureka-EvictionTimer] INFO  c.n.e.r.AbstractInstanceRegistry -Running the evict task with compensationTime 0ms
2019-03-18 15:18:36.301 [Eureka-EvictionTimer] INFO  c.n.e.r.AbstractInstanceRegistry -Running the evict task with compensationTime 0ms
2019-03-18 15:19:36.301 [Eureka-EvictionTimer] INFO  c.n.e.r.AbstractInstanceRegistry -Running the evict task with compensationTime 0ms
2019-03-18 15:20:36.302 [Eureka-EvictionTimer] INFO  c.n.e.r.AbstractInstanceRegistry -Running the evict task with compensationTime 0ms
2019-03-18 15:21:03.918 [AsyncResolver-bootstrap-executor-0] INFO  c.n.d.s.r.aws.ConfigClusterResolver -Resolving eureka endpoints via configuration
2019-03-18 15:21:06.124 [ReplicaAwareInstanceRegistry - RenewalThresholdUpdater] INFO  c.n.e.r.PeerAwareInstanceRegistryImpl -Current renewal threshold is : 6
2019-03-18 15:21:36.302 [Eureka-EvictionTimer] INFO  c.n.e.r.AbstractInstanceRegistry -Running the evict task with compensationTime 0ms
2019-03-18 15:22:36.303 [Eureka-EvictionTimer] INFO  c.n.e.r.AbstractInstanceRegistry -Running the evict task with compensationTime 0ms
2019-03-18 15:23:36.303 [Eureka-EvictionTimer] INFO  c.n.e.r.AbstractInstanceRegistry -Running the evict task with compensationTime 0ms
2019-03-18 15:24:36.304 [Eureka-EvictionTimer] INFO  c.n.e.r.AbstractInstanceRegistry -Running the evict task with compensationTime 0ms
2019-03-18 15:25:36.304 [Eureka-EvictionTimer] INFO  c.n.e.r.AbstractInstanceRegistry -Running the evict task with compensationTime 0ms
2019-03-18 15:26:03.920 [AsyncResolver-bootstrap-executor-0] INFO  c.n.d.s.r.aws.ConfigClusterResolver -Resolving eureka endpoints via configuration
2019-03-18 15:26:36.304 [Eureka-EvictionTimer] INFO  c.n.e.r.AbstractInstanceRegistry -Running the evict task with compensationTime 0ms
2019-03-18 15:27:36.305 [Eureka-EvictionTimer] INFO  c.n.e.r.AbstractInstanceRegistry -Running the evict task with compensationTime 0ms
2019-03-18 15:28:36.305 [Eureka-EvictionTimer] INFO  c.n.e.r.AbstractInstanceRegistry -Running the evict task with compensationTime 0ms
2019-03-18 15:29:36.306 [Eureka-EvictionTimer] INFO  c.n.e.r.AbstractInstanceRegistry -Running the evict task with compensationTime 1ms
2019-03-18 15:30:36.306 [Eureka-EvictionTimer] INFO  c.n.e.r.AbstractInstanceRegistry -Running the evict task with compensationTime 0ms
2019-03-18 15:31:03.921 [AsyncResolver-bootstrap-executor-0] INFO  c.n.d.s.r.aws.ConfigClusterResolver -Resolving eureka endpoints via configuration
2019-03-18 15:31:36.307 [Eureka-EvictionTimer] INFO  c.n.e.r.AbstractInstanceRegistry -Running the evict task with compensationTime 0ms
2019-03-18 15:32:36.308 [Eureka-EvictionTimer] INFO  c.n.e.r.AbstractInstanceRegistry -Running the evict task with compensationTime 0ms
2019-03-18 15:33:36.308 [Eureka-EvictionTimer] INFO  c.n.e.r.AbstractInstanceRegistry -Running the evict task with compensationTime 0ms
2019-03-18 15:34:36.309 [Eureka-EvictionTimer] INFO  c.n.e.r.AbstractInstanceRegistry -Running the evict task with compensationTime 0ms
2019-03-18 15:35:36.309 [Eureka-EvictionTimer] INFO  c.n.e.r.AbstractInstanceRegistry -Running the evict task with compensationTime 0ms
2019-03-18 15:36:03.923 [AsyncResolver-bootstrap-executor-0] INFO  c.n.d.s.r.aws.ConfigClusterResolver -Resolving eureka endpoints via configuration
2019-03-18 15:36:06.124 [ReplicaAwareInstanceRegistry - RenewalThresholdUpdater] INFO  c.n.e.r.PeerAwareInstanceRegistryImpl -Current renewal threshold is : 6
2019-03-18 15:36:36.309 [Eureka-EvictionTimer] INFO  c.n.e.r.AbstractInstanceRegistry -Running the evict task with compensationTime 0ms
2019-03-18 15:37:36.310 [Eureka-EvictionTimer] INFO  c.n.e.r.AbstractInstanceRegistry -Running the evict task with compensationTime 0ms
2019-03-18 15:38:36.310 [Eureka-EvictionTimer] INFO  c.n.e.r.AbstractInstanceRegistry -Running the evict task with compensationTime 0ms
2019-03-18 15:39:36.310 [Eureka-EvictionTimer] INFO  c.n.e.r.AbstractInstanceRegistry -Running the evict task with compensationTime 0ms
2019-03-18 15:40:36.310 [Eureka-EvictionTimer] INFO  c.n.e.r.AbstractInstanceRegistry -Running the evict task with compensationTime 0ms
2019-03-18 15:41:03.924 [AsyncResolver-bootstrap-executor-0] INFO  c.n.d.s.r.aws.ConfigClusterResolver -Resolving eureka endpoints via configuration
2019-03-18 15:41:36.310 [Eureka-EvictionTimer] INFO  c.n.e.r.AbstractInstanceRegistry -Running the evict task with compensationTime 0ms
2019-03-18 15:42:36.310 [Eureka-EvictionTimer] INFO  c.n.e.r.AbstractInstanceRegistry -Running the evict task with compensationTime 0ms
2019-03-18 15:43:36.311 [Eureka-EvictionTimer] INFO  c.n.e.r.AbstractInstanceRegistry -Running the evict task with compensationTime 0ms
2019-03-18 15:44:36.312 [Eureka-EvictionTimer] INFO  c.n.e.r.AbstractInstanceRegistry -Running the evict task with compensationTime 0ms
2019-03-18 15:45:36.312 [Eureka-EvictionTimer] INFO  c.n.e.r.AbstractInstanceRegistry -Running the evict task with compensationTime 0ms
2019-03-18 15:46:03.926 [AsyncResolver-bootstrap-executor-0] INFO  c.n.d.s.r.aws.ConfigClusterResolver -Resolving eureka endpoints via configuration
2019-03-18 15:46:36.312 [Eureka-EvictionTimer] INFO  c.n.e.r.AbstractInstanceRegistry -Running the evict task with compensationTime 0ms
2019-03-18 15:47:36.312 [Eureka-EvictionTimer] INFO  c.n.e.r.AbstractInstanceRegistry -Running the evict task with compensationTime 0ms
2019-03-18 15:48:36.313 [Eureka-EvictionTimer] INFO  c.n.e.r.AbstractInstanceRegistry -Running the evict task with compensationTime 0ms
2019-03-18 15:49:36.313 [Eureka-EvictionTimer] INFO  c.n.e.r.AbstractInstanceRegistry -Running the evict task with compensationTime 0ms
2019-03-18 15:50:36.314 [Eureka-EvictionTimer] INFO  c.n.e.r.AbstractInstanceRegistry -Running the evict task with compensationTime 0ms
2019-03-18 15:51:03.928 [AsyncResolver-bootstrap-executor-0] INFO  c.n.d.s.r.aws.ConfigClusterResolver -Resolving eureka endpoints via configuration
2019-03-18 15:51:06.125 [ReplicaAwareInstanceRegistry - RenewalThresholdUpdater] INFO  c.n.e.r.PeerAwareInstanceRegistryImpl -Current renewal threshold is : 6
2019-03-18 15:51:36.315 [Eureka-EvictionTimer] INFO  c.n.e.r.AbstractInstanceRegistry -Running the evict task with compensationTime 0ms
2019-03-18 15:52:36.316 [Eureka-EvictionTimer] INFO  c.n.e.r.AbstractInstanceRegistry -Running the evict task with compensationTime 0ms
2019-03-18 15:53:36.316 [Eureka-EvictionTimer] INFO  c.n.e.r.AbstractInstanceRegistry -Running the evict task with compensationTime 0ms
2019-03-18 15:54:36.316 [Eureka-EvictionTimer] INFO  c.n.e.r.AbstractInstanceRegistry -Running the evict task with compensationTime 0ms
2019-03-18 15:55:36.316 [Eureka-EvictionTimer] INFO  c.n.e.r.AbstractInstanceRegistry -Running the evict task with compensationTime 0ms
2019-03-18 15:56:03.930 [AsyncResolver-bootstrap-executor-0] INFO  c.n.d.s.r.aws.ConfigClusterResolver -Resolving eureka endpoints via configuration
2019-03-18 15:56:36.317 [Eureka-EvictionTimer] INFO  c.n.e.r.AbstractInstanceRegistry -Running the evict task with compensationTime 0ms
2019-03-18 15:57:36.317 [Eureka-EvictionTimer] INFO  c.n.e.r.AbstractInstanceRegistry -Running the evict task with compensationTime 0ms
2019-03-18 15:58:36.318 [Eureka-EvictionTimer] INFO  c.n.e.r.AbstractInstanceRegistry -Running the evict task with compensationTime 0ms
2019-03-18 15:59:36.318 [Eureka-EvictionTimer] INFO  c.n.e.r.AbstractInstanceRegistry -Running the evict task with compensationTime 0ms
2019-03-18 16:00:36.319 [Eureka-EvictionTimer] INFO  c.n.e.r.AbstractInstanceRegistry -Running the evict task with compensationTime 0ms
2019-03-18 16:01:03.931 [AsyncResolver-bootstrap-executor-0] INFO  c.n.d.s.r.aws.ConfigClusterResolver -Resolving eureka endpoints via configuration
2019-03-18 16:01:36.319 [Eureka-EvictionTimer] INFO  c.n.e.r.AbstractInstanceRegistry -Running the evict task with compensationTime 0ms
2019-03-18 16:02:36.320 [Eureka-EvictionTimer] INFO  c.n.e.r.AbstractInstanceRegistry -Running the evict task with compensationTime 0ms
2019-03-18 16:03:36.320 [Eureka-EvictionTimer] INFO  c.n.e.r.AbstractInstanceRegistry -Running the evict task with compensationTime 0ms
2019-03-18 16:04:36.320 [Eureka-EvictionTimer] INFO  c.n.e.r.AbstractInstanceRegistry -Running the evict task with compensationTime 0ms
2019-03-18 16:05:36.321 [Eureka-EvictionTimer] INFO  c.n.e.r.AbstractInstanceRegistry -Running the evict task with compensationTime 0ms
2019-03-18 16:06:03.934 [AsyncResolver-bootstrap-executor-0] INFO  c.n.d.s.r.aws.ConfigClusterResolver -Resolving eureka endpoints via configuration
2019-03-18 16:06:06.125 [ReplicaAwareInstanceRegistry - RenewalThresholdUpdater] INFO  c.n.e.r.PeerAwareInstanceRegistryImpl -Current renewal threshold is : 6
2019-03-18 16:06:25.269 [http-nio-8761-exec-2] INFO  c.n.e.r.AbstractInstanceRegistry -Registered instance UNKNOWN/DESKTOP-14L2IB0 with status UP (replication=false)
2019-03-18 16:06:25.782 [http-nio-8761-exec-9] INFO  c.n.e.r.AbstractInstanceRegistry -Registered instance UNKNOWN/DESKTOP-14L2IB0 with status UP (replication=true)
2019-03-18 16:06:36.321 [Eureka-EvictionTimer] INFO  c.n.e.r.AbstractInstanceRegistry -Running the evict task with compensationTime 0ms
2019-03-18 16:07:36.321 [Eureka-EvictionTimer] INFO  c.n.e.r.AbstractInstanceRegistry -Running the evict task with compensationTime 0ms
2019-03-18 16:07:40.444 [http-nio-8761-exec-8] INFO  c.n.e.r.AbstractInstanceRegistry -Registered instance CLIENT/DESKTOP-14L2IB0:client:8011 with status UP (replication=false)
2019-03-18 16:07:40.951 [http-nio-8761-exec-2] INFO  c.n.e.r.AbstractInstanceRegistry -Registered instance CLIENT/DESKTOP-14L2IB0:client:8011 with status UP (replication=true)
2019-03-18 16:08:31.036 [http-nio-8761-exec-3] INFO  c.n.e.r.AbstractInstanceRegistry -Registered instance CLIENT/DESKTOP-14L2IB0:client:8012 with status UP (replication=false)
2019-03-18 16:08:31.548 [http-nio-8761-exec-7] INFO  c.n.e.r.AbstractInstanceRegistry -Registered instance CLIENT/DESKTOP-14L2IB0:client:8012 with status UP (replication=true)
2019-03-18 16:08:36.322 [Eureka-EvictionTimer] INFO  c.n.e.r.AbstractInstanceRegistry -Running the evict task with compensationTime 0ms
2019-03-18 16:09:36.322 [Eureka-EvictionTimer] INFO  c.n.e.r.AbstractInstanceRegistry -Running the evict task with compensationTime 0ms
2019-03-18 16:09:36.322 [Eureka-EvictionTimer] INFO  c.n.e.r.AbstractInstanceRegistry -Evicting 1 items (expired=1, evictionLimit=1)
2019-03-18 16:09:36.322 [Eureka-EvictionTimer] WARN  c.n.e.r.AbstractInstanceRegistry -DS: Registry: expired lease for UNKNOWN/DESKTOP-14L2IB0
2019-03-18 16:09:36.326 [Eureka-EvictionTimer] INFO  c.n.e.r.AbstractInstanceRegistry -Cancelled instance UNKNOWN/DESKTOP-14L2IB0 (replication=false)
2019-03-18 16:10:36.323 [Eureka-EvictionTimer] INFO  c.n.e.r.AbstractInstanceRegistry -Running the evict task with compensationTime 0ms
2019-03-18 16:11:03.935 [AsyncResolver-bootstrap-executor-0] INFO  c.n.d.s.r.aws.ConfigClusterResolver -Resolving eureka endpoints via configuration
2019-03-18 16:11:36.324 [Eureka-EvictionTimer] INFO  c.n.e.r.AbstractInstanceRegistry -Running the evict task with compensationTime 0ms
2019-03-18 16:12:36.332 [Eureka-EvictionTimer] INFO  c.n.e.r.AbstractInstanceRegistry -Running the evict task with compensationTime 8ms
2019-03-18 16:12:36.608 [http-nio-8761-exec-1] INFO  c.n.e.r.AbstractInstanceRegistry -Registered instance CLIENT/DESKTOP-14L2IB0:client:8011 with status UP (replication=false)
2019-03-18 16:12:37.114 [http-nio-8761-exec-7] INFO  c.n.e.r.AbstractInstanceRegistry -Registered instance CLIENT/DESKTOP-14L2IB0:client:8011 with status UP (replication=true)
2019-03-18 16:12:50.256 [http-nio-8761-exec-4] INFO  c.n.e.r.AbstractInstanceRegistry -Registered instance CLIENT/DESKTOP-14L2IB0:client:8012 with status UP (replication=false)
2019-03-18 16:12:50.761 [http-nio-8761-exec-8] INFO  c.n.e.r.AbstractInstanceRegistry -Registered instance CLIENT/DESKTOP-14L2IB0:client:8012 with status UP (replication=true)
2019-03-18 16:13:36.332 [Eureka-EvictionTimer] INFO  c.n.e.r.AbstractInstanceRegistry -Running the evict task with compensationTime 0ms
2019-03-18 16:14:36.332 [Eureka-EvictionTimer] INFO  c.n.e.r.AbstractInstanceRegistry -Running the evict task with compensationTime 0ms
2019-03-18 16:14:53.378 [http-nio-8761-exec-3] INFO  c.n.e.r.AbstractInstanceRegistry -Registered instance LOADBALANCE/DESKTOP-14L2IB0:loadbalance:7777 with status UP (replication=false)
2019-03-18 16:14:53.885 [http-nio-8761-exec-10] INFO  c.n.e.r.AbstractInstanceRegistry -Registered instance LOADBALANCE/DESKTOP-14L2IB0:loadbalance:7777 with status UP (replication=true)
2019-03-18 16:15:36.333 [Eureka-EvictionTimer] INFO  c.n.e.r.AbstractInstanceRegistry -Running the evict task with compensationTime 0ms
2019-03-18 16:16:03.936 [AsyncResolver-bootstrap-executor-0] INFO  c.n.d.s.r.aws.ConfigClusterResolver -Resolving eureka endpoints via configuration
2019-03-18 16:16:17.142 [http-nio-8761-exec-2] INFO  c.n.e.r.AbstractInstanceRegistry -Registered instance LOADBALANCE/DESKTOP-14L2IB0:loadbalance:7777 with status DOWN (replication=false)
2019-03-18 16:16:17.647 [http-nio-8761-exec-4] INFO  c.n.e.r.AbstractInstanceRegistry -Registered instance LOADBALANCE/DESKTOP-14L2IB0:loadbalance:7777 with status DOWN (replication=true)
2019-03-18 16:16:20.184 [http-nio-8761-exec-9] INFO  c.n.e.r.AbstractInstanceRegistry -Cancelled instance LOADBALANCE/DESKTOP-14L2IB0:loadbalance:7777 (replication=false)
2019-03-18 16:16:20.689 [http-nio-8761-exec-10] WARN  c.n.e.r.AbstractInstanceRegistry -DS: Registry: cancel failed because Lease is not registered for: LOADBALANCE/DESKTOP-14L2IB0:loadbalance:7777
2019-03-18 16:16:20.690 [http-nio-8761-exec-10] INFO  c.n.e.resources.InstanceResource -Not Found (Cancel): LOADBALANCE - DESKTOP-14L2IB0:loadbalance:7777
2019-03-18 16:16:20.690 [TaskBatchingWorker-target_localhost-17] WARN  c.n.eureka.cluster.ReplicationTask -The replication of task LOADBALANCE/DESKTOP-14L2IB0:loadbalance:7777:Cancel@localhost failed with response code 404
2019-03-18 16:16:20.690 [TaskBatchingWorker-target_localhost-17] WARN  c.n.eureka.cluster.PeerEurekaNode -LOADBALANCE/DESKTOP-14L2IB0:loadbalance:7777:Cancel@localhost: missing entry.
2019-03-18 16:16:30.699 [http-nio-8761-exec-6] INFO  c.n.e.r.AbstractInstanceRegistry -Registered instance LOADBALANCE/DESKTOP-14L2IB0:loadbalance:7777 with status UP (replication=false)
2019-03-18 16:16:31.208 [http-nio-8761-exec-2] INFO  c.n.e.r.AbstractInstanceRegistry -Registered instance LOADBALANCE/DESKTOP-14L2IB0:loadbalance:7777 with status UP (replication=true)
2019-03-18 16:16:36.333 [Eureka-EvictionTimer] INFO  c.n.e.r.AbstractInstanceRegistry -Running the evict task with compensationTime 0ms
2019-03-18 16:17:36.334 [Eureka-EvictionTimer] INFO  c.n.e.r.AbstractInstanceRegistry -Running the evict task with compensationTime 0ms
2019-03-18 16:18:36.334 [Eureka-EvictionTimer] INFO  c.n.e.r.AbstractInstanceRegistry -Running the evict task with compensationTime 0ms
2019-03-18 16:19:25.813 [http-nio-8761-exec-10] INFO  c.n.e.r.AbstractInstanceRegistry -Registered instance LOADBALANCE/DESKTOP-14L2IB0:loadbalance:7777 with status DOWN (replication=false)
2019-03-18 16:19:26.324 [http-nio-8761-exec-6] INFO  c.n.e.r.AbstractInstanceRegistry -Registered instance LOADBALANCE/DESKTOP-14L2IB0:loadbalance:7777 with status DOWN (replication=true)
2019-03-18 16:19:28.833 [http-nio-8761-exec-7] INFO  c.n.e.r.AbstractInstanceRegistry -Cancelled instance LOADBALANCE/DESKTOP-14L2IB0:loadbalance:7777 (replication=false)
2019-03-18 16:19:29.342 [http-nio-8761-exec-9] WARN  c.n.e.r.AbstractInstanceRegistry -DS: Registry: cancel failed because Lease is not registered for: LOADBALANCE/DESKTOP-14L2IB0:loadbalance:7777
2019-03-18 16:19:29.342 [http-nio-8761-exec-9] INFO  c.n.e.resources.InstanceResource -Not Found (Cancel): LOADBALANCE - DESKTOP-14L2IB0:loadbalance:7777
2019-03-18 16:19:29.342 [TaskBatchingWorker-target_localhost-15] WARN  c.n.eureka.cluster.ReplicationTask -The replication of task LOADBALANCE/DESKTOP-14L2IB0:loadbalance:7777:Cancel@localhost failed with response code 404
2019-03-18 16:19:29.343 [TaskBatchingWorker-target_localhost-15] WARN  c.n.eureka.cluster.PeerEurekaNode -LOADBALANCE/DESKTOP-14L2IB0:loadbalance:7777:Cancel@localhost: missing entry.
2019-03-18 16:19:36.335 [Eureka-EvictionTimer] INFO  c.n.e.r.AbstractInstanceRegistry -Running the evict task with compensationTime 1ms
2019-03-18 16:19:40.014 [http-nio-8761-exec-2] INFO  c.n.e.r.AbstractInstanceRegistry -Registered instance LOADBALANCE/DESKTOP-14L2IB0:loadbalance:7777 with status UP (replication=false)
2019-03-18 16:19:40.519 [http-nio-8761-exec-4] INFO  c.n.e.r.AbstractInstanceRegistry -Registered instance LOADBALANCE/DESKTOP-14L2IB0:loadbalance:7777 with status UP (replication=true)
2019-03-18 16:20:36.336 [Eureka-EvictionTimer] INFO  c.n.e.r.AbstractInstanceRegistry -Running the evict task with compensationTime 0ms
2019-03-18 16:21:03.938 [AsyncResolver-bootstrap-executor-0] INFO  c.n.d.s.r.aws.ConfigClusterResolver -Resolving eureka endpoints via configuration
2019-03-18 16:21:06.126 [ReplicaAwareInstanceRegistry - RenewalThresholdUpdater] INFO  c.n.e.r.PeerAwareInstanceRegistryImpl -Current renewal threshold is : 6
2019-03-18 16:21:36.337 [Eureka-EvictionTimer] INFO  c.n.e.r.AbstractInstanceRegistry -Running the evict task with compensationTime 1ms
2019-03-18 16:22:36.338 [Eureka-EvictionTimer] INFO  c.n.e.r.AbstractInstanceRegistry -Running the evict task with compensationTime 1ms
2019-03-18 16:23:36.339 [Eureka-EvictionTimer] INFO  c.n.e.r.AbstractInstanceRegistry -Running the evict task with compensationTime 0ms
2019-03-18 16:24:36.340 [Eureka-EvictionTimer] INFO  c.n.e.r.AbstractInstanceRegistry -Running the evict task with compensationTime 0ms
2019-03-18 16:25:36.341 [Eureka-EvictionTimer] INFO  c.n.e.r.AbstractInstanceRegistry -Running the evict task with compensationTime 0ms
2019-03-18 16:26:03.939 [AsyncResolver-bootstrap-executor-0] INFO  c.n.d.s.r.aws.ConfigClusterResolver -Resolving eureka endpoints via configuration
2019-03-18 16:26:36.341 [Eureka-EvictionTimer] INFO  c.n.e.r.AbstractInstanceRegistry -Running the evict task with compensationTime 0ms
2019-03-18 16:27:36.341 [Eureka-EvictionTimer] INFO  c.n.e.r.AbstractInstanceRegistry -Running the evict task with compensationTime 0ms
2019-03-18 16:28:36.341 [Eureka-EvictionTimer] INFO  c.n.e.r.AbstractInstanceRegistry -Running the evict task with compensationTime 0ms
2019-03-18 16:29:36.342 [Eureka-EvictionTimer] INFO  c.n.e.r.AbstractInstanceRegistry -Running the evict task with compensationTime 0ms
2019-03-18 16:30:36.342 [Eureka-EvictionTimer] INFO  c.n.e.r.AbstractInstanceRegistry -Running the evict task with compensationTime 0ms
2019-03-18 16:31:03.939 [AsyncResolver-bootstrap-executor-0] INFO  c.n.d.s.r.aws.ConfigClusterResolver -Resolving eureka endpoints via configuration
2019-03-18 16:31:36.342 [Eureka-EvictionTimer] INFO  c.n.e.r.AbstractInstanceRegistry -Running the evict task with compensationTime 0ms
2019-03-18 16:32:36.342 [Eureka-EvictionTimer] INFO  c.n.e.r.AbstractInstanceRegistry -Running the evict task with compensationTime 0ms
2019-03-18 16:33:36.343 [Eureka-EvictionTimer] INFO  c.n.e.r.AbstractInstanceRegistry -Running the evict task with compensationTime 0ms
2019-03-18 16:34:36.344 [Eureka-EvictionTimer] INFO  c.n.e.r.AbstractInstanceRegistry -Running the evict task with compensationTime 1ms
2019-03-18 16:35:36.344 [Eureka-EvictionTimer] INFO  c.n.e.r.AbstractInstanceRegistry -Running the evict task with compensationTime 0ms
2019-03-18 16:36:03.940 [AsyncResolver-bootstrap-executor-0] INFO  c.n.d.s.r.aws.ConfigClusterResolver -Resolving eureka endpoints via configuration
2019-03-18 16:36:06.127 [ReplicaAwareInstanceRegistry - RenewalThresholdUpdater] INFO  c.n.e.r.PeerAwareInstanceRegistryImpl -Current renewal threshold is : 6
2019-03-18 16:36:36.345 [Eureka-EvictionTimer] INFO  c.n.e.r.AbstractInstanceRegistry -Running the evict task with compensationTime 0ms
2019-03-18 16:37:36.345 [Eureka-EvictionTimer] INFO  c.n.e.r.AbstractInstanceRegistry -Running the evict task with compensationTime 0ms
2019-03-18 16:38:36.345 [Eureka-EvictionTimer] INFO  c.n.e.r.AbstractInstanceRegistry -Running the evict task with compensationTime 0ms
2019-03-18 16:39:36.345 [Eureka-EvictionTimer] INFO  c.n.e.r.AbstractInstanceRegistry -Running the evict task with compensationTime 0ms
2019-03-18 16:40:36.346 [Eureka-EvictionTimer] INFO  c.n.e.r.AbstractInstanceRegistry -Running the evict task with compensationTime 0ms
2019-03-18 16:41:03.942 [AsyncResolver-bootstrap-executor-0] INFO  c.n.d.s.r.aws.ConfigClusterResolver -Resolving eureka endpoints via configuration
2019-03-18 16:41:36.346 [Eureka-EvictionTimer] INFO  c.n.e.r.AbstractInstanceRegistry -Running the evict task with compensationTime 0ms
2019-03-18 16:42:36.347 [Eureka-EvictionTimer] INFO  c.n.e.r.AbstractInstanceRegistry -Running the evict task with compensationTime 0ms
2019-03-18 16:43:36.348 [Eureka-EvictionTimer] INFO  c.n.e.r.AbstractInstanceRegistry -Running the evict task with compensationTime 0ms
2019-03-18 16:44:36.348 [Eureka-EvictionTimer] INFO  c.n.e.r.AbstractInstanceRegistry -Running the evict task with compensationTime 0ms
2019-03-18 16:45:36.349 [Eureka-EvictionTimer] INFO  c.n.e.r.AbstractInstanceRegistry -Running the evict task with compensationTime 0ms
2019-03-18 16:46:03.944 [AsyncResolver-bootstrap-executor-0] INFO  c.n.d.s.r.aws.ConfigClusterResolver -Resolving eureka endpoints via configuration
2019-03-18 16:46:36.349 [Eureka-EvictionTimer] INFO  c.n.e.r.AbstractInstanceRegistry -Running the evict task with compensationTime 0ms
2019-03-18 16:47:36.349 [Eureka-EvictionTimer] INFO  c.n.e.r.AbstractInstanceRegistry -Running the evict task with compensationTime 0ms
2019-03-18 16:48:36.349 [Eureka-EvictionTimer] INFO  c.n.e.r.AbstractInstanceRegistry -Running the evict task with compensationTime 0ms
2019-03-18 16:49:36.349 [Eureka-EvictionTimer] INFO  c.n.e.r.AbstractInstanceRegistry -Running the evict task with compensationTime 0ms
2019-03-18 16:50:36.350 [Eureka-EvictionTimer] INFO  c.n.e.r.AbstractInstanceRegistry -Running the evict task with compensationTime 0ms
2019-03-18 16:51:03.945 [AsyncResolver-bootstrap-executor-0] INFO  c.n.d.s.r.aws.ConfigClusterResolver -Resolving eureka endpoints via configuration
2019-03-18 16:51:06.128 [ReplicaAwareInstanceRegistry - RenewalThresholdUpdater] INFO  c.n.e.r.PeerAwareInstanceRegistryImpl -Current renewal threshold is : 6
2019-03-18 16:51:36.350 [Eureka-EvictionTimer] INFO  c.n.e.r.AbstractInstanceRegistry -Running the evict task with compensationTime 0ms
2019-03-18 16:52:36.351 [Eureka-EvictionTimer] INFO  c.n.e.r.AbstractInstanceRegistry -Running the evict task with compensationTime 0ms
2019-03-18 16:53:36.351 [Eureka-EvictionTimer] INFO  c.n.e.r.AbstractInstanceRegistry -Running the evict task with compensationTime 0ms
2019-03-18 16:54:36.351 [Eureka-EvictionTimer] INFO  c.n.e.r.AbstractInstanceRegistry -Running the evict task with compensationTime 0ms
2019-03-18 16:55:36.351 [Eureka-EvictionTimer] INFO  c.n.e.r.AbstractInstanceRegistry -Running the evict task with compensationTime 0ms
2019-03-18 16:56:03.947 [AsyncResolver-bootstrap-executor-0] INFO  c.n.d.s.r.aws.ConfigClusterResolver -Resolving eureka endpoints via configuration
2019-03-18 16:56:36.352 [Eureka-EvictionTimer] INFO  c.n.e.r.AbstractInstanceRegistry -Running the evict task with compensationTime 0ms
2019-03-18 16:57:36.352 [Eureka-EvictionTimer] INFO  c.n.e.r.AbstractInstanceRegistry -Running the evict task with compensationTime 0ms
2019-03-18 16:58:36.352 [Eureka-EvictionTimer] INFO  c.n.e.r.AbstractInstanceRegistry -Running the evict task with compensationTime 0ms
2019-03-18 16:59:36.353 [Eureka-EvictionTimer] INFO  c.n.e.r.AbstractInstanceRegistry -Running the evict task with compensationTime 0ms
2019-03-18 17:00:36.353 [Eureka-EvictionTimer] INFO  c.n.e.r.AbstractInstanceRegistry -Running the evict task with compensationTime 0ms
2019-03-18 17:01:03.949 [AsyncResolver-bootstrap-executor-0] INFO  c.n.d.s.r.aws.ConfigClusterResolver -Resolving eureka endpoints via configuration
2019-03-18 17:01:36.354 [Eureka-EvictionTimer] INFO  c.n.e.r.AbstractInstanceRegistry -Running the evict task with compensationTime 0ms
2019-03-18 17:02:36.354 [Eureka-EvictionTimer] INFO  c.n.e.r.AbstractInstanceRegistry -Running the evict task with compensationTime 0ms
2019-03-18 17:03:36.354 [Eureka-EvictionTimer] INFO  c.n.e.r.AbstractInstanceRegistry -Running the evict task with compensationTime 0ms
2019-03-18 17:04:36.355 [Eureka-EvictionTimer] INFO  c.n.e.r.AbstractInstanceRegistry -Running the evict task with compensationTime 0ms
2019-03-18 17:05:36.356 [Eureka-EvictionTimer] INFO  c.n.e.r.AbstractInstanceRegistry -Running the evict task with compensationTime 0ms
2019-03-18 17:06:03.950 [AsyncResolver-bootstrap-executor-0] INFO  c.n.d.s.r.aws.ConfigClusterResolver -Resolving eureka endpoints via configuration
2019-03-18 17:06:06.129 [ReplicaAwareInstanceRegistry - RenewalThresholdUpdater] INFO  c.n.e.r.PeerAwareInstanceRegistryImpl -Current renewal threshold is : 6
2019-03-18 17:06:36.356 [Eureka-EvictionTimer] INFO  c.n.e.r.AbstractInstanceRegistry -Running the evict task with compensationTime 0ms
2019-03-18 17:07:36.356 [Eureka-EvictionTimer] INFO  c.n.e.r.AbstractInstanceRegistry -Running the evict task with compensationTime 0ms
2019-03-18 17:08:36.356 [Eureka-EvictionTimer] INFO  c.n.e.r.AbstractInstanceRegistry -Running the evict task with compensationTime 0ms
2019-03-18 17:09:36.357 [Eureka-EvictionTimer] INFO  c.n.e.r.AbstractInstanceRegistry -Running the evict task with compensationTime 0ms
2019-03-18 17:10:36.358 [Eureka-EvictionTimer] INFO  c.n.e.r.AbstractInstanceRegistry -Running the evict task with compensationTime 1ms
2019-03-18 17:11:03.951 [AsyncResolver-bootstrap-executor-0] INFO  c.n.d.s.r.aws.ConfigClusterResolver -Resolving eureka endpoints via configuration
2019-03-18 17:11:36.358 [Eureka-EvictionTimer] INFO  c.n.e.r.AbstractInstanceRegistry -Running the evict task with compensationTime 0ms
2019-03-18 17:12:36.359 [Eureka-EvictionTimer] INFO  c.n.e.r.AbstractInstanceRegistry -Running the evict task with compensationTime 0ms
2019-03-18 17:13:36.359 [Eureka-EvictionTimer] INFO  c.n.e.r.AbstractInstanceRegistry -Running the evict task with compensationTime 0ms
2019-03-18 17:14:36.359 [Eureka-EvictionTimer] INFO  c.n.e.r.AbstractInstanceRegistry -Running the evict task with compensationTime 0ms
2019-03-18 17:15:36.360 [Eureka-EvictionTimer] INFO  c.n.e.r.AbstractInstanceRegistry -Running the evict task with compensationTime 0ms
2019-03-18 17:16:03.952 [AsyncResolver-bootstrap-executor-0] INFO  c.n.d.s.r.aws.ConfigClusterResolver -Resolving eureka endpoints via configuration
2019-03-18 17:16:36.360 [Eureka-EvictionTimer] INFO  c.n.e.r.AbstractInstanceRegistry -Running the evict task with compensationTime 0ms
2019-03-18 17:17:36.361 [Eureka-EvictionTimer] INFO  c.n.e.r.AbstractInstanceRegistry -Running the evict task with compensationTime 1ms
2019-03-18 17:18:36.362 [Eureka-EvictionTimer] INFO  c.n.e.r.AbstractInstanceRegistry -Running the evict task with compensationTime 0ms
2019-03-18 17:19:36.363 [Eureka-EvictionTimer] INFO  c.n.e.r.AbstractInstanceRegistry -Running the evict task with compensationTime 1ms
2019-03-18 17:20:36.363 [Eureka-EvictionTimer] INFO  c.n.e.r.AbstractInstanceRegistry -Running the evict task with compensationTime 0ms
2019-03-18 17:21:03.953 [AsyncResolver-bootstrap-executor-0] INFO  c.n.d.s.r.aws.ConfigClusterResolver -Resolving eureka endpoints via configuration
2019-03-18 17:21:06.128 [ReplicaAwareInstanceRegistry - RenewalThresholdUpdater] INFO  c.n.e.r.PeerAwareInstanceRegistryImpl -Current renewal threshold is : 6
2019-03-18 17:21:36.365 [Eureka-EvictionTimer] INFO  c.n.e.r.AbstractInstanceRegistry -Running the evict task with compensationTime 1ms
2019-03-18 17:22:36.365 [Eureka-EvictionTimer] INFO  c.n.e.r.AbstractInstanceRegistry -Running the evict task with compensationTime 0ms
2019-03-18 17:23:36.365 [Eureka-EvictionTimer] INFO  c.n.e.r.AbstractInstanceRegistry -Running the evict task with compensationTime 0ms
2019-03-18 17:24:36.366 [Eureka-EvictionTimer] INFO  c.n.e.r.AbstractInstanceRegistry -Running the evict task with compensationTime 0ms
2019-03-18 17:25:36.366 [Eureka-EvictionTimer] INFO  c.n.e.r.AbstractInstanceRegistry -Running the evict task with compensationTime 0ms
2019-03-18 17:26:03.955 [AsyncResolver-bootstrap-executor-0] INFO  c.n.d.s.r.aws.ConfigClusterResolver -Resolving eureka endpoints via configuration
2019-03-18 17:26:36.367 [Eureka-EvictionTimer] INFO  c.n.e.r.AbstractInstanceRegistry -Running the evict task with compensationTime 0ms
2019-03-18 17:27:36.368 [Eureka-EvictionTimer] INFO  c.n.e.r.AbstractInstanceRegistry -Running the evict task with compensationTime 0ms
2019-03-18 17:28:36.368 [Eureka-EvictionTimer] INFO  c.n.e.r.AbstractInstanceRegistry -Running the evict task with compensationTime 0ms
2019-03-18 17:29:36.368 [Eureka-EvictionTimer] INFO  c.n.e.r.AbstractInstanceRegistry -Running the evict task with compensationTime 0ms
2019-03-18 17:30:36.369 [Eureka-EvictionTimer] INFO  c.n.e.r.AbstractInstanceRegistry -Running the evict task with compensationTime 0ms
2019-03-18 17:31:03.956 [AsyncResolver-bootstrap-executor-0] INFO  c.n.d.s.r.aws.ConfigClusterResolver -Resolving eureka endpoints via configuration
2019-03-18 17:31:36.370 [Eureka-EvictionTimer] INFO  c.n.e.r.AbstractInstanceRegistry -Running the evict task with compensationTime 0ms
2019-03-18 17:32:36.370 [Eureka-EvictionTimer] INFO  c.n.e.r.AbstractInstanceRegistry -Running the evict task with compensationTime 0ms
2019-03-18 17:33:36.370 [Eureka-EvictionTimer] INFO  c.n.e.r.AbstractInstanceRegistry -Running the evict task with compensationTime 0ms
2019-03-18 17:34:36.371 [Eureka-EvictionTimer] INFO  c.n.e.r.AbstractInstanceRegistry -Running the evict task with compensationTime 0ms
2019-03-18 17:35:36.371 [Eureka-EvictionTimer] INFO  c.n.e.r.AbstractInstanceRegistry -Running the evict task with compensationTime 0ms
2019-03-18 17:36:03.956 [AsyncResolver-bootstrap-executor-0] INFO  c.n.d.s.r.aws.ConfigClusterResolver -Resolving eureka endpoints via configuration
2019-03-18 17:36:06.129 [ReplicaAwareInstanceRegistry - RenewalThresholdUpdater] INFO  c.n.e.r.PeerAwareInstanceRegistryImpl -Current renewal threshold is : 6
2019-03-18 17:36:36.371 [Eureka-EvictionTimer] INFO  c.n.e.r.AbstractInstanceRegistry -Running the evict task with compensationTime 0ms
