3011 [main] DEBUG com.atomikos.logging.LoggerFactory - Using Slf4J for logging.
3023 [main] INFO  c.a.i.provider.imp.AssemblerImp - Loaded jar:file:/D:/local_maven/com/atomikos/transactions/4.0.6/transactions-4.0.6.jar!/transactions-defaults.properties
3023 [main] INFO  c.a.i.provider.imp.AssemblerImp - Loaded jar:file:/D:/local_maven/com/atomikos/transactions-tcc-rest/4.0.6/transactions-tcc-rest-4.0.6.jar!/transactions.properties
3025 [main] WARN  c.a.i.provider.imp.AssemblerImp - Thanks for using Atomikos! Evaluate http://www.atomikos.com/Main/ExtremeTransactions for advanced features and professional support
or register at http://www.atomikos.com/Main/RegisterYourDownload to disable this message and receive FREE tips & advice
3030 [main] INFO  c.a.i.provider.imp.AssemblerImp - USING: com.atomikos.icatch.default_max_wait_time_on_shutdown = 9223372036854775807
3030 [main] INFO  c.a.i.provider.imp.AssemblerImp - USING: com.atomikos.icatch.allow_subtransactions = true
3030 [main] INFO  c.a.i.provider.imp.AssemblerImp - USING: com.atomikos.icatch.recovery_delay = 10000
3030 [main] INFO  c.a.i.provider.imp.AssemblerImp - USING: com.atomikos.icatch.automatic_resource_registration = true
3030 [main] INFO  c.a.i.provider.imp.AssemblerImp - USING: com.atomikos.icatch.oltp_max_retries = 5
3031 [main] INFO  c.a.i.provider.imp.AssemblerImp - USING: com.atomikos.icatch.client_demarcation = false
3031 [main] INFO  c.a.i.provider.imp.AssemblerImp - USING: com.atomikos.icatch.threaded_2pc = false
3031 [main] INFO  c.a.i.provider.imp.AssemblerImp - USING: com.atomikos.icatch.serial_jta_transactions = true
3031 [main] INFO  c.a.i.provider.imp.AssemblerImp - USING: com.atomikos.icatch.log_base_dir = ./
3031 [main] INFO  c.a.i.provider.imp.AssemblerImp - USING: com.atomikos.icatch.rmi_export_class = none
3031 [main] INFO  c.a.i.provider.imp.AssemblerImp - USING: com.atomikos.icatch.max_actives = 50
3031 [main] INFO  c.a.i.provider.imp.AssemblerImp - USING: com.atomikos.icatch.checkpoint_interval = 500
3031 [main] INFO  c.a.i.provider.imp.AssemblerImp - USING: com.atomikos.icatch.enable_logging = true
3031 [main] INFO  c.a.i.provider.imp.AssemblerImp - USING: com.atomikos.icatch.log_base_name = tmlog
3032 [main] INFO  c.a.i.provider.imp.AssemblerImp - USING: com.atomikos.icatch.max_timeout = 0
3032 [main] INFO  c.a.i.provider.imp.AssemblerImp - USING: com.atomikos.icatch.trust_client_tm = false
3032 [main] INFO  c.a.i.provider.imp.AssemblerImp - USING: java.naming.factory.initial = com.sun.jndi.rmi.registry.RegistryContextFactory
3032 [main] INFO  c.a.i.provider.imp.AssemblerImp - USING: com.atomikos.icatch.tm_unique_name = 169.254.201.124.tm
3032 [main] INFO  c.a.i.provider.imp.AssemblerImp - USING: com.atomikos.icatch.forget_orphaned_log_entries_delay = 86400000
3032 [main] INFO  c.a.i.provider.imp.AssemblerImp - USING: com.atomikos.icatch.oltp_retry_interval = 10000
3032 [main] INFO  c.a.i.provider.imp.AssemblerImp - USING: java.naming.provider.url = rmi://localhost:1099
3032 [main] INFO  c.a.i.provider.imp.AssemblerImp - USING: com.atomikos.icatch.force_shutdown_on_vm_exit = false
3032 [main] INFO  c.a.i.provider.imp.AssemblerImp - USING: com.atomikos.icatch.default_jta_timeout = 10000
3033 [main] INFO  c.a.i.provider.imp.AssemblerImp - Using default (local) logging and recovery...
3036 [main] DEBUG c.a.r.imp.FileSystemRepository - baseDir ./
3036 [main] DEBUG c.a.r.imp.FileSystemRepository - baseName tmlog
3037 [main] DEBUG c.a.r.imp.FileSystemRepository - LogFileLock com.atomikos.persistence.imp.LogFileLock@75d982d3
171563 [http-nio-9090-exec-1] DEBUG c.a.i.i.CompositeTransactionManagerImp - createCompositeTransaction ( 28259 ): created new ROOT transaction with id 169.254.201.124.tm156526250874100001
171565 [http-nio-9090-exec-1] DEBUG c.a.i.imp.CompositeTransactionImp - addParticipant ( http://localhost:8080/order/tcc/dc00f8ee-6dd7-4cb2-b1bd-6ab672e9ed82 ) for transaction 169.254.201.124.tm156526250874100001
171565 [http-nio-9090-exec-1] DEBUG c.a.i.imp.CompositeTransactionImp - addParticipant ( http://localhost:8081/inventory/tcc/dc00f8ee-6dd7-4cb2-b1bd-6ab672e9ed82 ) for transaction 169.254.201.124.tm156526250874100001
172389 [http-nio-9090-exec-1] DEBUG c.a.i.imp.CompositeTransactionImp - rollback() done of transaction 169.254.201.124.tm156526250874100001
172390 [http-nio-9090-exec-1] DEBUG c.a.i.imp.CompositeTransactionImp - rollback() done of transaction 169.254.201.124.tm156526250874100001
508718 [http-nio-9090-exec-3] DEBUG c.a.i.i.CompositeTransactionManagerImp - createCompositeTransaction ( 28091 ): created new ROOT transaction with id 169.254.201.124.tm156526284591000002
508719 [http-nio-9090-exec-3] DEBUG c.a.i.imp.CompositeTransactionImp - addParticipant ( http://localhost:8080/order/tcc/27893451-3cfc-4ced-ad5e-c295ca48d18e ) for transaction 169.254.201.124.tm156526284591000002
508719 [http-nio-9090-exec-3] DEBUG c.a.i.imp.CompositeTransactionImp - addParticipant ( http://localhost:8081/inventory/tcc/27893451-3cfc-4ced-ad5e-c295ca48d18e ) for transaction 169.254.201.124.tm156526284591000002
508719 [http-nio-9090-exec-3] DEBUG c.a.i.imp.CompositeTransactionImp - commit() done (by application) of transaction 169.254.201.124.tm156526284591000002
553680 [http-nio-9090-exec-4] DEBUG c.a.i.i.CompositeTransactionManagerImp - createCompositeTransaction ( 29129 ): created new ROOT transaction with id 169.254.201.124.tm156526289087200003
553680 [http-nio-9090-exec-4] DEBUG c.a.i.imp.CompositeTransactionImp - addParticipant ( http://localhost:8080/order/tcc/972c86d6-6bda-4859-9128-de10f4bf9634 ) for transaction 169.254.201.124.tm156526289087200003
553681 [http-nio-9090-exec-4] DEBUG c.a.i.imp.CompositeTransactionImp - addParticipant ( http://localhost:8081/inventory/tcc/972c86d6-6bda-4859-9128-de10f4bf9634 ) for transaction 169.254.201.124.tm156526289087200003
553681 [http-nio-9090-exec-4] DEBUG c.a.i.imp.CompositeTransactionImp - commit() done (by application) of transaction 169.254.201.124.tm156526289087200003
634767 [http-nio-9090-exec-7] DEBUG c.a.i.i.CompositeTransactionManagerImp - createCompositeTransaction ( 29042 ): created new ROOT transaction with id 169.254.201.124.tm156526297195800004
634767 [http-nio-9090-exec-7] DEBUG c.a.i.imp.CompositeTransactionImp - addParticipant ( http://localhost:8080/order/tcc/972c86d6-6bda-4859-9128-de10f4bf9634 ) for transaction 169.254.201.124.tm156526297195800004
634768 [http-nio-9090-exec-7] DEBUG c.a.i.imp.CompositeTransactionImp - addParticipant ( http://localhost:8081/inventory/tcc/972c86d6-6bda-4859-9128-de10f4bf9634 ) for transaction 169.254.201.124.tm156526297195800004
634769 [http-nio-9090-exec-7] DEBUG c.a.i.imp.CompositeTransactionImp - commit() done (by application) of transaction 169.254.201.124.tm156526297195800004
750655 [http-nio-9090-exec-9] DEBUG c.a.i.i.CompositeTransactionManagerImp - createCompositeTransaction ( 29153 ): created new ROOT transaction with id 169.254.201.124.tm156526308784700005
750656 [http-nio-9090-exec-9] DEBUG c.a.i.imp.CompositeTransactionImp - addParticipant ( http://localhost:8080/order/tcc/108130c1-f7d8-48bd-a236-ea1993652a9a ) for transaction 169.254.201.124.tm156526308784700005
750657 [http-nio-9090-exec-9] DEBUG c.a.i.imp.CompositeTransactionImp - addParticipant ( http://localhost:8081/inventory/tcc/108130c1-f7d8-48bd-a236-ea1993652a9a ) for transaction 169.254.201.124.tm156526308784700005
750698 [http-nio-9090-exec-9] DEBUG c.a.i.imp.CompositeTransactionImp - rollback() done of transaction 169.254.201.124.tm156526308784700005
750699 [http-nio-9090-exec-9] DEBUG c.a.i.imp.CompositeTransactionImp - rollback() done of transaction 169.254.201.124.tm156526308784700005
799859 [Thread-12] INFO  c.a.i.imp.TransactionServiceImp - Transaction Service: Entering shutdown (false, 9223372036854775807)...
